[0.007s] Invoking command in '/home/robotics-club/agrobot_ws/build/epos2_bridge_interfaces': CMAKE_PREFIX_PATH=${CMAKE_PREFIX_PATH}:/home/robotics-club/agrobot_ws/install/epos2_bridge:/opt/ros/jazzy DEBUGINFOD_URLS=https://debuginfod.ubuntu.com /usr/bin/cmake /home/robotics-club/agrobot_ws/src/epos2_bridge_interfaces -DAMENT_CMAKE_SYMLINK_INSTALL=1 -DCMAKE_INSTALL_PREFIX=/home/robotics-club/agrobot_ws/install/epos2_bridge_interfaces
[0.045s] -- The C compiler identification is GNU 13.3.0
[0.082s] -- The CXX compiler identification is GNU 13.3.0
[0.093s] -- Detecting C compiler ABI info
[0.160s] -- Detecting C compiler ABI info - done
[0.165s] -- Check for working C compiler: /usr/bin/cc - skipped
[0.165s] -- Detecting C compile features
[0.165s] -- Detecting C compile features - done
[0.173s] -- Detecting CXX compiler ABI info
[0.244s] -- Detecting CXX compiler ABI info - done
[0.248s] -- Check for working CXX compiler: /usr/bin/c++ - skipped
[0.249s] -- Detecting CXX compile features
[0.249s] -- Detecting CXX compile features - done
[0.251s] -- Found ament_cmake: 2.5.5 (/opt/ros/jazzy/share/ament_cmake/cmake)
[0.356s] -- Found Python3: /usr/bin/python3 (found version "3.12.3") found components: Interpreter 
[0.401s] -- Override CMake install command with custom implementation using symlinks instead of copying resources
[0.431s] -- Found rosidl_default_generators: 1.6.0 (/opt/ros/jazzy/share/rosidl_default_generators/cmake)
[0.438s] -- Using all available rosidl_typesupport_c: rosidl_typesupport_fastrtps_c;rosidl_typesupport_introspection_c
[0.483s] -- Using all available rosidl_typesupport_cpp: rosidl_typesupport_fastrtps_cpp;rosidl_typesupport_introspection_cpp
[0.511s] -- Found rosidl_adapter: 4.6.7 (/opt/ros/jazzy/share/rosidl_adapter/cmake)
[0.907s] -- Found ament_cmake_ros: 0.12.0 (/opt/ros/jazzy/share/ament_cmake_ros/cmake)
[1.195s] -- Using all available rosidl_typesupport_c: rosidl_typesupport_fastrtps_c;rosidl_typesupport_introspection_c
[1.586s] -- Using all available rosidl_typesupport_cpp: rosidl_typesupport_fastrtps_cpp;rosidl_typesupport_introspection_cpp
[1.589s] -- Found python_cmake_module: 0.11.1 (/opt/ros/jazzy/share/python_cmake_module/cmake)
[1.684s] -- Found PythonExtra: /usr/bin/python3  
[1.981s] -- Found Python3: /usr/bin/python3 (found version "3.12.3") found components: Interpreter Development NumPy Development.Module Development.Embed 
[2.007s] -- Configuring done (2.0s)
[2.021s] -- Generating done (0.0s)
[2.025s] -- Build files have been written to: /home/robotics-club/agrobot_ws/build/epos2_bridge_interfaces
[2.032s] Invoked command in '/home/robotics-club/agrobot_ws/build/epos2_bridge_interfaces' returned '0': CMAKE_PREFIX_PATH=${CMAKE_PREFIX_PATH}:/home/robotics-club/agrobot_ws/install/epos2_bridge:/opt/ros/jazzy DEBUGINFOD_URLS=https://debuginfod.ubuntu.com /usr/bin/cmake /home/robotics-club/agrobot_ws/src/epos2_bridge_interfaces -DAMENT_CMAKE_SYMLINK_INSTALL=1 -DCMAKE_INSTALL_PREFIX=/home/robotics-club/agrobot_ws/install/epos2_bridge_interfaces
[2.033s] Invoking command in '/home/robotics-club/agrobot_ws/build/epos2_bridge_interfaces': CMAKE_PREFIX_PATH=${CMAKE_PREFIX_PATH}:/home/robotics-club/agrobot_ws/install/epos2_bridge:/opt/ros/jazzy DEBUGINFOD_URLS=https://debuginfod.ubuntu.com /usr/bin/cmake --build /home/robotics-club/agrobot_ws/build/epos2_bridge_interfaces -- -j32 -l32
[2.071s] [  2%] [34m[1mGenerating type hashes for ROS interfaces[0m
[2.077s] [  2%] Built target ament_cmake_python_symlink_epos2_bridge_interfaces
[2.165s] [  2%] Built target epos2_bridge_interfaces__rosidl_generator_type_description
[2.174s] [  5%] [34m[1mGenerating C code for ROS interfaces[0m
[2.182s] [  8%] [34m[1mGenerating C++ code for ROS interfaces[0m
[2.188s] running egg_info
[2.189s] creating epos2_bridge_interfaces.egg-info
[2.198s] writing epos2_bridge_interfaces.egg-info/PKG-INFO
[2.198s] writing dependency_links to epos2_bridge_interfaces.egg-info/dependency_links.txt
[2.199s] writing top-level names to epos2_bridge_interfaces.egg-info/top_level.txt
[2.199s] writing manifest file 'epos2_bridge_interfaces.egg-info/SOURCES.txt'
[2.227s] reading manifest file 'epos2_bridge_interfaces.egg-info/SOURCES.txt'
[2.228s] writing manifest file 'epos2_bridge_interfaces.egg-info/SOURCES.txt'
[2.252s] [  8%] Built target ament_cmake_python_build_epos2_bridge_interfaces_egg
[2.313s] [  8%] Built target epos2_bridge_interfaces__cpp
[2.317s] [ 11%] [32mBuilding C object CMakeFiles/epos2_bridge_interfaces__rosidl_generator_c.dir/rosidl_generator_c/epos2_bridge_interfaces/srv/detail/move_delta__description.c.o[0m
[2.318s] [ 14%] [32mBuilding C object CMakeFiles/epos2_bridge_interfaces__rosidl_generator_c.dir/rosidl_generator_c/epos2_bridge_interfaces/srv/detail/move_delta__type_support.c.o[0m
[2.318s] [ 17%] [32mBuilding C object CMakeFiles/epos2_bridge_interfaces__rosidl_generator_c.dir/rosidl_generator_c/epos2_bridge_interfaces/srv/detail/move_delta__functions.c.o[0m
[2.355s] [ 20%] [32m[1mLinking C shared library libepos2_bridge_interfaces__rosidl_generator_c.so[0m
[2.381s] [ 20%] Built target epos2_bridge_interfaces__rosidl_generator_c
[2.389s] [ 23%] [34m[1mGenerating C type support dispatch for ROS interfaces[0m
[2.389s] [ 32%] [34m[1mGenerating C++ type support dispatch for ROS interfaces[0m
[2.389s] [ 32%] [34m[1mGenerating C type support for eProsima Fast-RTPS[0m
[2.389s] [ 32%] [34m[1mGenerating C++ introspection for ROS interfaces[0m
[2.389s] [ 35%] [34m[1mGenerating C++ type support for eProsima Fast-RTPS[0m
[2.389s] [ 38%] [34m[1mGenerating C introspection for ROS interfaces[0m
[2.508s] [ 41%] [32mBuilding CXX object CMakeFiles/epos2_bridge_interfaces__rosidl_typesupport_c.dir/rosidl_typesupport_c/epos2_bridge_interfaces/srv/move_delta__type_support.cpp.o[0m
[2.510s] [ 44%] [32mBuilding CXX object CMakeFiles/epos2_bridge_interfaces__rosidl_typesupport_cpp.dir/rosidl_typesupport_cpp/epos2_bridge_interfaces/srv/move_delta__type_support.cpp.o[0m
[2.517s] [ 47%] [32mBuilding CXX object CMakeFiles/epos2_bridge_interfaces__rosidl_typesupport_introspection_cpp.dir/rosidl_typesupport_introspection_cpp/epos2_bridge_interfaces/srv/detail/move_delta__type_support.cpp.o[0m
[2.522s] [ 50%] [32mBuilding C object CMakeFiles/epos2_bridge_interfaces__rosidl_typesupport_introspection_c.dir/rosidl_typesupport_introspection_c/epos2_bridge_interfaces/srv/detail/move_delta__type_support.c.o[0m
[2.534s] [ 52%] [32mBuilding CXX object CMakeFiles/epos2_bridge_interfaces__rosidl_typesupport_fastrtps_c.dir/rosidl_typesupport_fastrtps_c/epos2_bridge_interfaces/srv/detail/move_delta__type_support_c.cpp.o[0m
[2.535s] [ 55%] [32mBuilding CXX object CMakeFiles/epos2_bridge_interfaces__rosidl_typesupport_fastrtps_cpp.dir/rosidl_typesupport_fastrtps_cpp/epos2_bridge_interfaces/srv/detail/dds_fastrtps/move_delta__type_support.cpp.o[0m
[2.536s] [ 58%] [32m[1mLinking CXX shared library libepos2_bridge_interfaces__rosidl_typesupport_c.so[0m
[2.547s] [ 61%] [32m[1mLinking C shared library libepos2_bridge_interfaces__rosidl_typesupport_introspection_c.so[0m
[2.558s] [ 61%] Built target epos2_bridge_interfaces__rosidl_typesupport_c
[2.567s] [ 61%] Built target epos2_bridge_interfaces__rosidl_typesupport_introspection_c
[2.688s] [ 64%] [32m[1mLinking CXX shared library libepos2_bridge_interfaces__rosidl_typesupport_cpp.so[0m
[2.714s] [ 67%] [32m[1mLinking CXX shared library libepos2_bridge_interfaces__rosidl_typesupport_introspection_cpp.so[0m
[2.732s] [ 67%] Built target epos2_bridge_interfaces__rosidl_typesupport_cpp
[2.756s] [ 67%] Built target epos2_bridge_interfaces__rosidl_typesupport_introspection_cpp
[2.761s] [ 70%] [32m[1mLinking CXX shared library libepos2_bridge_interfaces__rosidl_typesupport_fastrtps_c.so[0m
[2.799s] [ 70%] Built target epos2_bridge_interfaces__rosidl_typesupport_fastrtps_c
[2.822s] [ 73%] [32m[1mLinking CXX shared library libepos2_bridge_interfaces__rosidl_typesupport_fastrtps_cpp.so[0m
[2.872s] [ 73%] Built target epos2_bridge_interfaces__rosidl_typesupport_fastrtps_cpp
[2.887s] [ 73%] Built target epos2_bridge_interfaces
[2.900s] [ 76%] [34m[1mGenerating Python code for ROS interfaces[0m
[3.059s] [ 76%] Built target epos2_bridge_interfaces__py
[3.070s] [ 79%] [32mBuilding C object CMakeFiles/epos2_bridge_interfaces__rosidl_generator_py.dir/rosidl_generator_py/epos2_bridge_interfaces/srv/_move_delta_s.c.o[0m
[3.144s] [ 82%] [32m[1mLinking C shared library libepos2_bridge_interfaces__rosidl_generator_py.so[0m
[3.175s] [ 82%] Built target epos2_bridge_interfaces__rosidl_generator_py
[3.189s] [ 85%] [32mBuilding C object CMakeFiles/epos2_bridge_interfaces_s__rosidl_typesupport_fastrtps_c.dir/rosidl_generator_py/epos2_bridge_interfaces/_epos2_bridge_interfaces_s.ep.rosidl_typesupport_fastrtps_c.c.o[0m
[3.189s] [ 88%] [32mBuilding C object CMakeFiles/epos2_bridge_interfaces_s__rosidl_typesupport_c.dir/rosidl_generator_py/epos2_bridge_interfaces/_epos2_bridge_interfaces_s.ep.rosidl_typesupport_c.c.o[0m
[3.191s] [ 91%] [32mBuilding C object CMakeFiles/epos2_bridge_interfaces_s__rosidl_typesupport_introspection_c.dir/rosidl_generator_py/epos2_bridge_interfaces/_epos2_bridge_interfaces_s.ep.rosidl_typesupport_introspection_c.c.o[0m
[3.242s] [ 94%] [32m[1mLinking C shared module rosidl_generator_py/epos2_bridge_interfaces/epos2_bridge_interfaces_s__rosidl_typesupport_c.so[0m
[3.242s] [ 97%] [32m[1mLinking C shared module rosidl_generator_py/epos2_bridge_interfaces/epos2_bridge_interfaces_s__rosidl_typesupport_introspection_c.so[0m
[3.242s] [100%] [32m[1mLinking C shared module rosidl_generator_py/epos2_bridge_interfaces/epos2_bridge_interfaces_s__rosidl_typesupport_fastrtps_c.so[0m
[3.258s] [100%] Built target epos2_bridge_interfaces_s__rosidl_typesupport_c
[3.259s] [100%] Built target epos2_bridge_interfaces_s__rosidl_typesupport_fastrtps_c
[3.260s] [100%] Built target epos2_bridge_interfaces_s__rosidl_typesupport_introspection_c
[3.268s] Invoked command in '/home/robotics-club/agrobot_ws/build/epos2_bridge_interfaces' returned '0': CMAKE_PREFIX_PATH=${CMAKE_PREFIX_PATH}:/home/robotics-club/agrobot_ws/install/epos2_bridge:/opt/ros/jazzy DEBUGINFOD_URLS=https://debuginfod.ubuntu.com /usr/bin/cmake --build /home/robotics-club/agrobot_ws/build/epos2_bridge_interfaces -- -j32 -l32
[3.274s] Invoking command in '/home/robotics-club/agrobot_ws/build/epos2_bridge_interfaces': CMAKE_PREFIX_PATH=${CMAKE_PREFIX_PATH}:/home/robotics-club/agrobot_ws/install/epos2_bridge:/opt/ros/jazzy DEBUGINFOD_URLS=https://debuginfod.ubuntu.com /usr/bin/cmake --install /home/robotics-club/agrobot_ws/build/epos2_bridge_interfaces
[3.280s] -- Install configuration: ""
[3.280s] -- Execute custom install script
[3.280s] -- Symlinking: /home/robotics-club/agrobot_ws/install/epos2_bridge_interfaces/share/ament_index/resource_index/rosidl_interfaces/epos2_bridge_interfaces
[3.286s] -- Symlinking: /home/robotics-club/agrobot_ws/install/epos2_bridge_interfaces/share/epos2_bridge_interfaces/srv/MoveDelta.json
[3.292s] -- Symlinking: /home/robotics-club/agrobot_ws/install/epos2_bridge_interfaces/include/epos2_bridge_interfaces/epos2_bridge_interfaces/msg/rosidl_generator_c__visibility_control.h
[3.298s] -- Symlinking: /home/robotics-club/agrobot_ws/install/epos2_bridge_interfaces/include/epos2_bridge_interfaces/epos2_bridge_interfaces/srv/detail/move_delta__functions.h
[3.303s] -- Symlinking: /home/robotics-club/agrobot_ws/install/epos2_bridge_interfaces/include/epos2_bridge_interfaces/epos2_bridge_interfaces/srv/detail/move_delta__struct.h
[3.309s] -- Symlinking: /home/robotics-club/agrobot_ws/install/epos2_bridge_interfaces/include/epos2_bridge_interfaces/epos2_bridge_interfaces/srv/detail/move_delta__type_support.h
[3.314s] -- Symlinking: /home/robotics-club/agrobot_ws/install/epos2_bridge_interfaces/include/epos2_bridge_interfaces/epos2_bridge_interfaces/srv/move_delta.h
[3.318s] -- Symlinking: /home/robotics-club/agrobot_ws/install/epos2_bridge_interfaces/share/epos2_bridge_interfaces/environment/library_path.sh
[3.325s] -- Symlinking: /home/robotics-club/agrobot_ws/install/epos2_bridge_interfaces/share/epos2_bridge_interfaces/environment/library_path.dsv
[3.330s] -- Symlinking: /home/robotics-club/agrobot_ws/install/epos2_bridge_interfaces/include/epos2_bridge_interfaces/epos2_bridge_interfaces/msg/rosidl_typesupport_fastrtps_c__visibility_control.h
[3.335s] -- Symlinking: /home/robotics-club/agrobot_ws/install/epos2_bridge_interfaces/include/epos2_bridge_interfaces/epos2_bridge_interfaces/srv/detail/move_delta__rosidl_typesupport_fastrtps_c.h
[3.340s] -- Symlinking: /home/robotics-club/agrobot_ws/install/epos2_bridge_interfaces/include/epos2_bridge_interfaces/epos2_bridge_interfaces/msg/rosidl_typesupport_introspection_c__visibility_control.h
[3.346s] -- Symlinking: /home/robotics-club/agrobot_ws/install/epos2_bridge_interfaces/include/epos2_bridge_interfaces/epos2_bridge_interfaces/srv/detail/move_delta__rosidl_typesupport_introspection_c.h
[3.351s] -- Symlinking: /home/robotics-club/agrobot_ws/install/epos2_bridge_interfaces/include/epos2_bridge_interfaces/epos2_bridge_interfaces/msg/rosidl_generator_cpp__visibility_control.hpp
[3.356s] -- Symlinking: /home/robotics-club/agrobot_ws/install/epos2_bridge_interfaces/include/epos2_bridge_interfaces/epos2_bridge_interfaces/srv/detail/move_delta__builder.hpp
[3.361s] -- Symlinking: /home/robotics-club/agrobot_ws/install/epos2_bridge_interfaces/include/epos2_bridge_interfaces/epos2_bridge_interfaces/srv/detail/move_delta__struct.hpp
[3.366s] -- Symlinking: /home/robotics-club/agrobot_ws/install/epos2_bridge_interfaces/include/epos2_bridge_interfaces/epos2_bridge_interfaces/srv/detail/move_delta__traits.hpp
[3.371s] -- Symlinking: /home/robotics-club/agrobot_ws/install/epos2_bridge_interfaces/include/epos2_bridge_interfaces/epos2_bridge_interfaces/srv/detail/move_delta__type_support.hpp
[3.376s] -- Symlinking: /home/robotics-club/agrobot_ws/install/epos2_bridge_interfaces/include/epos2_bridge_interfaces/epos2_bridge_interfaces/srv/move_delta.hpp
[3.382s] -- Symlinking: /home/robotics-club/agrobot_ws/install/epos2_bridge_interfaces/include/epos2_bridge_interfaces/epos2_bridge_interfaces/msg/rosidl_typesupport_fastrtps_cpp__visibility_control.h
[3.387s] -- Symlinking: /home/robotics-club/agrobot_ws/install/epos2_bridge_interfaces/include/epos2_bridge_interfaces/epos2_bridge_interfaces/srv/detail/move_delta__rosidl_typesupport_fastrtps_cpp.hpp
[3.392s] -- Symlinking: /home/robotics-club/agrobot_ws/install/epos2_bridge_interfaces/include/epos2_bridge_interfaces/epos2_bridge_interfaces/srv/detail/move_delta__rosidl_typesupport_introspection_cpp.hpp
[3.398s] -- Symlinking: /home/robotics-club/agrobot_ws/install/epos2_bridge_interfaces/share/epos2_bridge_interfaces/environment/pythonpath.sh
[3.404s] -- Symlinking: /home/robotics-club/agrobot_ws/install/epos2_bridge_interfaces/share/epos2_bridge_interfaces/environment/pythonpath.dsv
[3.409s] -- Symlinking: /home/robotics-club/agrobot_ws/install/epos2_bridge_interfaces/lib/python3.12/site-packages/epos2_bridge_interfaces-0.0.1-py3.12.egg-info/PKG-INFO
[3.414s] -- Symlinking: /home/robotics-club/agrobot_ws/install/epos2_bridge_interfaces/lib/python3.12/site-packages/epos2_bridge_interfaces-0.0.1-py3.12.egg-info/SOURCES.txt
[3.420s] -- Symlinking: /home/robotics-club/agrobot_ws/install/epos2_bridge_interfaces/lib/python3.12/site-packages/epos2_bridge_interfaces-0.0.1-py3.12.egg-info/dependency_links.txt
[3.424s] -- Symlinking: /home/robotics-club/agrobot_ws/install/epos2_bridge_interfaces/lib/python3.12/site-packages/epos2_bridge_interfaces-0.0.1-py3.12.egg-info/top_level.txt
[3.430s] -- Symlinking: /home/robotics-club/agrobot_ws/install/epos2_bridge_interfaces/lib/python3.12/site-packages/epos2_bridge_interfaces/__init__.py
[3.435s] -- Symlinking: /home/robotics-club/agrobot_ws/install/epos2_bridge_interfaces/lib/python3.12/site-packages/epos2_bridge_interfaces/_epos2_bridge_interfaces_s.ep.rosidl_typesupport_c.c
[3.441s] -- Symlinking: /home/robotics-club/agrobot_ws/install/epos2_bridge_interfaces/lib/python3.12/site-packages/epos2_bridge_interfaces/_epos2_bridge_interfaces_s.ep.rosidl_typesupport_fastrtps_c.c
[3.446s] -- Symlinking: /home/robotics-club/agrobot_ws/install/epos2_bridge_interfaces/lib/python3.12/site-packages/epos2_bridge_interfaces/_epos2_bridge_interfaces_s.ep.rosidl_typesupport_introspection_c.c
[3.451s] -- Symlinking: /home/robotics-club/agrobot_ws/install/epos2_bridge_interfaces/lib/python3.12/site-packages/epos2_bridge_interfaces/epos2_bridge_interfaces_s__rosidl_typesupport_c.so
[3.457s] -- Symlinking: /home/robotics-club/agrobot_ws/install/epos2_bridge_interfaces/lib/python3.12/site-packages/epos2_bridge_interfaces/epos2_bridge_interfaces_s__rosidl_typesupport_fastrtps_c.so
[3.462s] -- Symlinking: /home/robotics-club/agrobot_ws/install/epos2_bridge_interfaces/lib/python3.12/site-packages/epos2_bridge_interfaces/epos2_bridge_interfaces_s__rosidl_typesupport_introspection_c.so
[3.467s] -- Symlinking: /home/robotics-club/agrobot_ws/install/epos2_bridge_interfaces/lib/python3.12/site-packages/epos2_bridge_interfaces/srv/__init__.py
[3.474s] -- Symlinking: /home/robotics-club/agrobot_ws/install/epos2_bridge_interfaces/lib/python3.12/site-packages/epos2_bridge_interfaces/srv/_move_delta.py
[3.479s] -- Symlinking: /home/robotics-club/agrobot_ws/install/epos2_bridge_interfaces/lib/python3.12/site-packages/epos2_bridge_interfaces/srv/_move_delta_s.c
[3.485s] -- Up-to-date symlink: /home/robotics-club/agrobot_ws/install/epos2_bridge_interfaces/lib/python3.12/site-packages/epos2_bridge_interfaces/epos2_bridge_interfaces_s__rosidl_typesupport_fastrtps_c.so
[3.485s] -- Up-to-date symlink: /home/robotics-club/agrobot_ws/install/epos2_bridge_interfaces/lib/python3.12/site-packages/epos2_bridge_interfaces/epos2_bridge_interfaces_s__rosidl_typesupport_introspection_c.so
[3.485s] -- Up-to-date symlink: /home/robotics-club/agrobot_ws/install/epos2_bridge_interfaces/lib/python3.12/site-packages/epos2_bridge_interfaces/epos2_bridge_interfaces_s__rosidl_typesupport_c.so
[3.485s] -- Symlinking: /home/robotics-club/agrobot_ws/install/epos2_bridge_interfaces/share/epos2_bridge_interfaces/srv/MoveDelta.idl
[3.492s] -- Symlinking: /home/robotics-club/agrobot_ws/install/epos2_bridge_interfaces/share/epos2_bridge_interfaces/srv/MoveDelta.srv
[3.497s] -- Symlinking: /home/robotics-club/agrobot_ws/install/epos2_bridge_interfaces/share/ament_index/resource_index/package_run_dependencies/epos2_bridge_interfaces
[3.502s] -- Symlinking: /home/robotics-club/agrobot_ws/install/epos2_bridge_interfaces/share/ament_index/resource_index/parent_prefix_path/epos2_bridge_interfaces
[3.508s] -- Symlinking: /home/robotics-club/agrobot_ws/install/epos2_bridge_interfaces/share/epos2_bridge_interfaces/environment/ament_prefix_path.sh
[3.514s] -- Symlinking: /home/robotics-club/agrobot_ws/install/epos2_bridge_interfaces/share/epos2_bridge_interfaces/environment/ament_prefix_path.dsv
[3.519s] -- Symlinking: /home/robotics-club/agrobot_ws/install/epos2_bridge_interfaces/share/epos2_bridge_interfaces/environment/path.sh
[3.525s] -- Symlinking: /home/robotics-club/agrobot_ws/install/epos2_bridge_interfaces/share/epos2_bridge_interfaces/environment/path.dsv
[3.531s] -- Symlinking: /home/robotics-club/agrobot_ws/install/epos2_bridge_interfaces/share/epos2_bridge_interfaces/local_setup.bash
[3.536s] -- Symlinking: /home/robotics-club/agrobot_ws/install/epos2_bridge_interfaces/share/epos2_bridge_interfaces/local_setup.sh
[3.542s] -- Symlinking: /home/robotics-club/agrobot_ws/install/epos2_bridge_interfaces/share/epos2_bridge_interfaces/local_setup.zsh
[3.547s] -- Symlinking: /home/robotics-club/agrobot_ws/install/epos2_bridge_interfaces/share/epos2_bridge_interfaces/local_setup.dsv
[3.553s] -- Symlinking: /home/robotics-club/agrobot_ws/install/epos2_bridge_interfaces/share/epos2_bridge_interfaces/package.dsv
[3.559s] -- Symlinking: /home/robotics-club/agrobot_ws/install/epos2_bridge_interfaces/share/ament_index/resource_index/packages/epos2_bridge_interfaces
[3.565s] -- Symlinking: /home/robotics-club/agrobot_ws/install/epos2_bridge_interfaces/share/epos2_bridge_interfaces/cmake/rosidl_cmake-extras.cmake
[3.570s] -- Symlinking: /home/robotics-club/agrobot_ws/install/epos2_bridge_interfaces/share/epos2_bridge_interfaces/cmake/ament_cmake_export_dependencies-extras.cmake
[3.575s] -- Symlinking: /home/robotics-club/agrobot_ws/install/epos2_bridge_interfaces/share/epos2_bridge_interfaces/cmake/ament_cmake_export_include_directories-extras.cmake
[3.580s] -- Symlinking: /home/robotics-club/agrobot_ws/install/epos2_bridge_interfaces/share/epos2_bridge_interfaces/cmake/ament_cmake_export_libraries-extras.cmake
[3.586s] -- Symlinking: /home/robotics-club/agrobot_ws/install/epos2_bridge_interfaces/share/epos2_bridge_interfaces/cmake/ament_cmake_export_targets-extras.cmake
[3.591s] -- Symlinking: /home/robotics-club/agrobot_ws/install/epos2_bridge_interfaces/share/epos2_bridge_interfaces/cmake/rosidl_cmake_export_typesupport_targets-extras.cmake
[3.597s] -- Symlinking: /home/robotics-club/agrobot_ws/install/epos2_bridge_interfaces/share/epos2_bridge_interfaces/cmake/rosidl_cmake_export_typesupport_libraries-extras.cmake
[3.602s] -- Symlinking: /home/robotics-club/agrobot_ws/install/epos2_bridge_interfaces/share/epos2_bridge_interfaces/cmake/epos2_bridge_interfacesConfig.cmake
[3.608s] -- Symlinking: /home/robotics-club/agrobot_ws/install/epos2_bridge_interfaces/share/epos2_bridge_interfaces/cmake/epos2_bridge_interfacesConfig-version.cmake
[3.613s] -- Symlinking: /home/robotics-club/agrobot_ws/install/epos2_bridge_interfaces/share/epos2_bridge_interfaces/package.xml
[3.618s] -- Installing: /home/robotics-club/agrobot_ws/install/epos2_bridge_interfaces/lib/libepos2_bridge_interfaces__rosidl_generator_c.so
[3.619s] -- Set non-toolchain portion of runtime path of "/home/robotics-club/agrobot_ws/install/epos2_bridge_interfaces/lib/libepos2_bridge_interfaces__rosidl_generator_c.so" to ""
[3.619s] -- Installing: /home/robotics-club/agrobot_ws/install/epos2_bridge_interfaces/lib/libepos2_bridge_interfaces__rosidl_typesupport_fastrtps_c.so
[3.619s] -- Set non-toolchain portion of runtime path of "/home/robotics-club/agrobot_ws/install/epos2_bridge_interfaces/lib/libepos2_bridge_interfaces__rosidl_typesupport_fastrtps_c.so" to ""
[3.619s] -- Installing: /home/robotics-club/agrobot_ws/install/epos2_bridge_interfaces/lib/libepos2_bridge_interfaces__rosidl_typesupport_introspection_c.so
[3.619s] -- Set non-toolchain portion of runtime path of "/home/robotics-club/agrobot_ws/install/epos2_bridge_interfaces/lib/libepos2_bridge_interfaces__rosidl_typesupport_introspection_c.so" to ""
[3.619s] -- Installing: /home/robotics-club/agrobot_ws/install/epos2_bridge_interfaces/lib/libepos2_bridge_interfaces__rosidl_typesupport_c.so
[3.619s] -- Set non-toolchain portion of runtime path of "/home/robotics-club/agrobot_ws/install/epos2_bridge_interfaces/lib/libepos2_bridge_interfaces__rosidl_typesupport_c.so" to ""
[3.619s] -- Installing: /home/robotics-club/agrobot_ws/install/epos2_bridge_interfaces/lib/libepos2_bridge_interfaces__rosidl_typesupport_fastrtps_cpp.so
[3.619s] -- Set non-toolchain portion of runtime path of "/home/robotics-club/agrobot_ws/install/epos2_bridge_interfaces/lib/libepos2_bridge_interfaces__rosidl_typesupport_fastrtps_cpp.so" to ""
[3.619s] -- Installing: /home/robotics-club/agrobot_ws/install/epos2_bridge_interfaces/lib/libepos2_bridge_interfaces__rosidl_typesupport_introspection_cpp.so
[3.619s] -- Set non-toolchain portion of runtime path of "/home/robotics-club/agrobot_ws/install/epos2_bridge_interfaces/lib/libepos2_bridge_interfaces__rosidl_typesupport_introspection_cpp.so" to ""
[3.619s] -- Installing: /home/robotics-club/agrobot_ws/install/epos2_bridge_interfaces/lib/libepos2_bridge_interfaces__rosidl_typesupport_cpp.so
[3.619s] -- Set non-toolchain portion of runtime path of "/home/robotics-club/agrobot_ws/install/epos2_bridge_interfaces/lib/libepos2_bridge_interfaces__rosidl_typesupport_cpp.so" to ""
[3.648s] Listing '/home/robotics-club/agrobot_ws/install/epos2_bridge_interfaces/lib/python3.12/site-packages/epos2_bridge_interfaces'...
[3.648s] Compiling '/home/robotics-club/agrobot_ws/install/epos2_bridge_interfaces/lib/python3.12/site-packages/epos2_bridge_interfaces/__init__.py'...
[3.648s] Listing '/home/robotics-club/agrobot_ws/install/epos2_bridge_interfaces/lib/python3.12/site-packages/epos2_bridge_interfaces/srv'...
[3.648s] Compiling '/home/robotics-club/agrobot_ws/install/epos2_bridge_interfaces/lib/python3.12/site-packages/epos2_bridge_interfaces/srv/__init__.py'...
[3.648s] Compiling '/home/robotics-club/agrobot_ws/install/epos2_bridge_interfaces/lib/python3.12/site-packages/epos2_bridge_interfaces/srv/_move_delta.py'...
[3.653s] -- Installing: /home/robotics-club/agrobot_ws/install/epos2_bridge_interfaces/lib/libepos2_bridge_interfaces__rosidl_generator_py.so
[3.654s] -- Set non-toolchain portion of runtime path of "/home/robotics-club/agrobot_ws/install/epos2_bridge_interfaces/lib/libepos2_bridge_interfaces__rosidl_generator_py.so" to ""
[3.654s] -- Installing: /home/robotics-club/agrobot_ws/install/epos2_bridge_interfaces/share/epos2_bridge_interfaces/cmake/export_epos2_bridge_interfaces__rosidl_generator_cExport.cmake
[3.654s] -- Installing: /home/robotics-club/agrobot_ws/install/epos2_bridge_interfaces/share/epos2_bridge_interfaces/cmake/export_epos2_bridge_interfaces__rosidl_generator_cExport-noconfig.cmake
[3.654s] -- Installing: /home/robotics-club/agrobot_ws/install/epos2_bridge_interfaces/share/epos2_bridge_interfaces/cmake/export_epos2_bridge_interfaces__rosidl_typesupport_fastrtps_cExport.cmake
[3.654s] -- Installing: /home/robotics-club/agrobot_ws/install/epos2_bridge_interfaces/share/epos2_bridge_interfaces/cmake/export_epos2_bridge_interfaces__rosidl_typesupport_fastrtps_cExport-noconfig.cmake
[3.654s] -- Installing: /home/robotics-club/agrobot_ws/install/epos2_bridge_interfaces/share/epos2_bridge_interfaces/cmake/epos2_bridge_interfaces__rosidl_typesupport_introspection_cExport.cmake
[3.654s] -- Installing: /home/robotics-club/agrobot_ws/install/epos2_bridge_interfaces/share/epos2_bridge_interfaces/cmake/epos2_bridge_interfaces__rosidl_typesupport_introspection_cExport-noconfig.cmake
[3.654s] -- Installing: /home/robotics-club/agrobot_ws/install/epos2_bridge_interfaces/share/epos2_bridge_interfaces/cmake/epos2_bridge_interfaces__rosidl_typesupport_cExport.cmake
[3.654s] -- Installing: /home/robotics-club/agrobot_ws/install/epos2_bridge_interfaces/share/epos2_bridge_interfaces/cmake/epos2_bridge_interfaces__rosidl_typesupport_cExport-noconfig.cmake
[3.654s] -- Installing: /home/robotics-club/agrobot_ws/install/epos2_bridge_interfaces/share/epos2_bridge_interfaces/cmake/export_epos2_bridge_interfaces__rosidl_generator_cppExport.cmake
[3.654s] -- Installing: /home/robotics-club/agrobot_ws/install/epos2_bridge_interfaces/share/epos2_bridge_interfaces/cmake/export_epos2_bridge_interfaces__rosidl_typesupport_fastrtps_cppExport.cmake
[3.655s] -- Installing: /home/robotics-club/agrobot_ws/install/epos2_bridge_interfaces/share/epos2_bridge_interfaces/cmake/export_epos2_bridge_interfaces__rosidl_typesupport_fastrtps_cppExport-noconfig.cmake
[3.655s] -- Installing: /home/robotics-club/agrobot_ws/install/epos2_bridge_interfaces/share/epos2_bridge_interfaces/cmake/epos2_bridge_interfaces__rosidl_typesupport_introspection_cppExport.cmake
[3.655s] -- Installing: /home/robotics-club/agrobot_ws/install/epos2_bridge_interfaces/share/epos2_bridge_interfaces/cmake/epos2_bridge_interfaces__rosidl_typesupport_introspection_cppExport-noconfig.cmake
[3.655s] -- Installing: /home/robotics-club/agrobot_ws/install/epos2_bridge_interfaces/share/epos2_bridge_interfaces/cmake/epos2_bridge_interfaces__rosidl_typesupport_cppExport.cmake
[3.655s] -- Installing: /home/robotics-club/agrobot_ws/install/epos2_bridge_interfaces/share/epos2_bridge_interfaces/cmake/epos2_bridge_interfaces__rosidl_typesupport_cppExport-noconfig.cmake
[3.655s] -- Installing: /home/robotics-club/agrobot_ws/install/epos2_bridge_interfaces/share/epos2_bridge_interfaces/cmake/export_epos2_bridge_interfaces__rosidl_generator_pyExport.cmake
[3.655s] -- Installing: /home/robotics-club/agrobot_ws/install/epos2_bridge_interfaces/share/epos2_bridge_interfaces/cmake/export_epos2_bridge_interfaces__rosidl_generator_pyExport-noconfig.cmake
[3.657s] Invoked command in '/home/robotics-club/agrobot_ws/build/epos2_bridge_interfaces' returned '0': CMAKE_PREFIX_PATH=${CMAKE_PREFIX_PATH}:/home/robotics-club/agrobot_ws/install/epos2_bridge:/opt/ros/jazzy DEBUGINFOD_URLS=https://debuginfod.ubuntu.com /usr/bin/cmake --install /home/robotics-club/agrobot_ws/build/epos2_bridge_interfaces
