[0.009s] Invoking command in '/home/robotics-club/agrobot_ws/build/epos2_bridge_interfaces': CMAKE_PREFIX_PATH=${CMAKE_PREFIX_PATH}:/home/robotics-club/agrobot_ws/install/epos2_bridge:/opt/ros/jazzy DEBUGINFOD_URLS=https://debuginfod.ubuntu.com /usr/bin/cmake --build /home/robotics-club/agrobot_ws/build/epos2_bridge_interfaces -- -j32 -l32
[0.029s] -- Found ament_cmake: 2.5.5 (/opt/ros/jazzy/share/ament_cmake/cmake)
[0.050s] -- Found Python3: /usr/bin/python3 (found version "3.12.3") found components: Interpreter 
[0.106s] -- Override CMake install command with custom implementation using symlinks instead of copying resources
[0.110s] -- Found rosidl_default_generators: 1.6.0 (/opt/ros/jazzy/share/rosidl_default_generators/cmake)
[0.113s] -- Using all available rosidl_typesupport_c: rosidl_typesupport_fastrtps_c;rosidl_typesupport_introspection_c
[0.136s] -- Using all available rosidl_typesupport_cpp: rosidl_typesupport_fastrtps_cpp;rosidl_typesupport_introspection_cpp
[0.152s] -- Found rosidl_adapter: 4.6.7 (/opt/ros/jazzy/share/rosidl_adapter/cmake)
[0.361s] -- Found ament_cmake_ros: 0.12.0 (/opt/ros/jazzy/share/ament_cmake_ros/cmake)
[0.436s] -- Using all available rosidl_typesupport_c: rosidl_typesupport_fastrtps_c;rosidl_typesupport_introspection_c
[0.532s] -- Using all available rosidl_typesupport_cpp: rosidl_typesupport_fastrtps_cpp;rosidl_typesupport_introspection_cpp
[0.533s] -- Found python_cmake_module: 0.11.1 (/opt/ros/jazzy/share/python_cmake_module/cmake)
[0.725s] -- Found Python3: /usr/bin/python3 (found version "3.12.3") found components: Interpreter Development NumPy Development.Module Development.Embed 
[0.738s] -- Configuring done (0.7s)
[0.761s] -- Generating done (0.0s)
[0.768s] -- Build files have been written to: /home/robotics-club/agrobot_ws/build/epos2_bridge_interfaces
[0.800s] [  2%] [34m[1mGenerating type hashes for ROS interfaces[0m
[0.805s] [  2%] Built target ament_cmake_python_symlink_epos2_bridge_interfaces
[0.928s] [  2%] Built target epos2_bridge_interfaces__rosidl_generator_type_description
[0.936s] [  4%] [34m[1mGenerating C code for ROS interfaces[0m
[0.938s] running egg_info
[0.942s] [  6%] [34m[1mGenerating C++ code for ROS interfaces[0m
[0.947s] writing epos2_bridge_interfaces.egg-info/PKG-INFO
[0.947s] writing dependency_links to epos2_bridge_interfaces.egg-info/dependency_links.txt
[0.948s] writing top-level names to epos2_bridge_interfaces.egg-info/top_level.txt
[0.975s] reading manifest file 'epos2_bridge_interfaces.egg-info/SOURCES.txt'
[0.975s] writing manifest file 'epos2_bridge_interfaces.egg-info/SOURCES.txt'
[0.995s] [  6%] Built target ament_cmake_python_build_epos2_bridge_interfaces_egg
[1.113s] [  6%] Built target epos2_bridge_interfaces__cpp
[1.115s] [ 11%] [32mBuilding C object CMakeFiles/epos2_bridge_interfaces__rosidl_generator_c.dir/rosidl_generator_c/epos2_bridge_interfaces/srv/detail/move_delta__type_support.c.o[0m
[1.115s] [ 11%] [32mBuilding C object CMakeFiles/epos2_bridge_interfaces__rosidl_generator_c.dir/rosidl_generator_c/epos2_bridge_interfaces/srv/detail/move_delta__description.c.o[0m
[1.116s] [ 13%] [32mBuilding C object CMakeFiles/epos2_bridge_interfaces__rosidl_generator_c.dir/rosidl_generator_c/epos2_bridge_interfaces/srv/detail/move_absolute__functions.c.o[0m
[1.117s] [ 18%] [32mBuilding C object CMakeFiles/epos2_bridge_interfaces__rosidl_generator_c.dir/rosidl_generator_c/epos2_bridge_interfaces/srv/detail/move_absolute__type_support.c.o[0m
[1.117s] [ 18%] [32mBuilding C object CMakeFiles/epos2_bridge_interfaces__rosidl_generator_c.dir/rosidl_generator_c/epos2_bridge_interfaces/srv/detail/move_absolute__description.c.o[0m
[1.117s] [ 20%] [32mBuilding C object CMakeFiles/epos2_bridge_interfaces__rosidl_generator_c.dir/rosidl_generator_c/epos2_bridge_interfaces/srv/detail/move_delta__functions.c.o[0m
[1.154s] [ 22%] [32m[1mLinking C shared library libepos2_bridge_interfaces__rosidl_generator_c.so[0m
[1.175s] [ 22%] Built target epos2_bridge_interfaces__rosidl_generator_c
[1.181s] [ 25%] [34m[1mGenerating C type support for eProsima Fast-RTPS[0m
[1.181s] [ 27%] [34m[1mGenerating C++ type support for eProsima Fast-RTPS[0m
[1.181s] [ 29%] [34m[1mGenerating C type support dispatch for ROS interfaces[0m
[1.182s] [ 31%] [34m[1mGenerating C++ type support dispatch for ROS interfaces[0m
[1.183s] [ 34%] [34m[1mGenerating C introspection for ROS interfaces[0m
[1.184s] [ 36%] [34m[1mGenerating C++ introspection for ROS interfaces[0m
[1.314s] [ 40%] [32mBuilding CXX object CMakeFiles/epos2_bridge_interfaces__rosidl_typesupport_c.dir/rosidl_typesupport_c/epos2_bridge_interfaces/srv/move_delta__type_support.cpp.o[0m
[1.314s] [ 40%] [32mBuilding CXX object CMakeFiles/epos2_bridge_interfaces__rosidl_typesupport_c.dir/rosidl_typesupport_c/epos2_bridge_interfaces/srv/move_absolute__type_support.cpp.o[0m
[1.316s] [ 43%] [32mBuilding CXX object CMakeFiles/epos2_bridge_interfaces__rosidl_typesupport_cpp.dir/rosidl_typesupport_cpp/epos2_bridge_interfaces/srv/move_delta__type_support.cpp.o[0m
[1.316s] [ 45%] [32mBuilding CXX object CMakeFiles/epos2_bridge_interfaces__rosidl_typesupport_cpp.dir/rosidl_typesupport_cpp/epos2_bridge_interfaces/srv/move_absolute__type_support.cpp.o[0m
[1.332s] [ 50%] [32mBuilding CXX object CMakeFiles/epos2_bridge_interfaces__rosidl_typesupport_introspection_cpp.dir/rosidl_typesupport_introspection_cpp/epos2_bridge_interfaces/srv/detail/move_delta__type_support.cpp.o[0m
[1.332s] [ 50%] [32mBuilding CXX object CMakeFiles/epos2_bridge_interfaces__rosidl_typesupport_introspection_cpp.dir/rosidl_typesupport_introspection_cpp/epos2_bridge_interfaces/srv/detail/move_absolute__type_support.cpp.o[0m
[1.333s] [ 54%] [32mBuilding C object CMakeFiles/epos2_bridge_interfaces__rosidl_typesupport_introspection_c.dir/rosidl_typesupport_introspection_c/epos2_bridge_interfaces/srv/detail/move_delta__type_support.c.o[0m
[1.333s] [ 54%] [32mBuilding C object CMakeFiles/epos2_bridge_interfaces__rosidl_typesupport_introspection_c.dir/rosidl_typesupport_introspection_c/epos2_bridge_interfaces/srv/detail/move_absolute__type_support.c.o[0m
[1.339s] [ 56%] [32m[1mLinking CXX shared library libepos2_bridge_interfaces__rosidl_typesupport_c.so[0m
[1.361s] [ 59%] [32mBuilding CXX object CMakeFiles/epos2_bridge_interfaces__rosidl_typesupport_fastrtps_cpp.dir/rosidl_typesupport_fastrtps_cpp/epos2_bridge_interfaces/srv/detail/dds_fastrtps/move_absolute__type_support.cpp.o[0m
[1.361s] [ 63%] [32mBuilding CXX object CMakeFiles/epos2_bridge_interfaces__rosidl_typesupport_fastrtps_cpp.dir/rosidl_typesupport_fastrtps_cpp/epos2_bridge_interfaces/srv/detail/dds_fastrtps/move_delta__type_support.cpp.o[0m
[1.361s] [ 63%] [32m[1mLinking C shared library libepos2_bridge_interfaces__rosidl_typesupport_introspection_c.so[0m
[1.366s] [ 63%] Built target epos2_bridge_interfaces__rosidl_typesupport_c
[1.374s] [ 68%] [32mBuilding CXX object CMakeFiles/epos2_bridge_interfaces__rosidl_typesupport_fastrtps_c.dir/rosidl_typesupport_fastrtps_c/epos2_bridge_interfaces/srv/detail/move_absolute__type_support_c.cpp.o[0m
[1.374s] [ 68%] [32mBuilding CXX object CMakeFiles/epos2_bridge_interfaces__rosidl_typesupport_fastrtps_c.dir/rosidl_typesupport_fastrtps_c/epos2_bridge_interfaces/srv/detail/move_delta__type_support_c.cpp.o[0m
[1.380s] [ 68%] Built target epos2_bridge_interfaces__rosidl_typesupport_introspection_c
[1.515s] [ 70%] [32m[1mLinking CXX shared library libepos2_bridge_interfaces__rosidl_typesupport_cpp.so[0m
[1.554s] [ 72%] [32m[1mLinking CXX shared library libepos2_bridge_interfaces__rosidl_typesupport_introspection_cpp.so[0m
[1.558s] [ 72%] Built target epos2_bridge_interfaces__rosidl_typesupport_cpp
[1.597s] [ 72%] Built target epos2_bridge_interfaces__rosidl_typesupport_introspection_cpp
[1.619s] [ 75%] [32m[1mLinking CXX shared library libepos2_bridge_interfaces__rosidl_typesupport_fastrtps_c.so[0m
[1.656s] [ 77%] [32m[1mLinking CXX shared library libepos2_bridge_interfaces__rosidl_typesupport_fastrtps_cpp.so[0m
[1.667s] [ 77%] Built target epos2_bridge_interfaces__rosidl_typesupport_fastrtps_c
[1.698s] [ 77%] Built target epos2_bridge_interfaces__rosidl_typesupport_fastrtps_cpp
[1.711s] [ 77%] Built target epos2_bridge_interfaces
[1.724s] [ 79%] [34m[1mGenerating Python code for ROS interfaces[0m
[1.938s] [ 79%] Built target epos2_bridge_interfaces__py
[1.950s] [ 81%] [32mBuilding C object CMakeFiles/epos2_bridge_interfaces__rosidl_generator_py.dir/rosidl_generator_py/epos2_bridge_interfaces/srv/_move_delta_s.c.o[0m
[1.951s] [ 84%] [32mBuilding C object CMakeFiles/epos2_bridge_interfaces__rosidl_generator_py.dir/rosidl_generator_py/epos2_bridge_interfaces/srv/_move_absolute_s.c.o[0m
[2.019s] [ 86%] [32m[1mLinking C shared library libepos2_bridge_interfaces__rosidl_generator_py.so[0m
[2.045s] [ 86%] Built target epos2_bridge_interfaces__rosidl_generator_py
[2.059s] [ 88%] [32mBuilding C object CMakeFiles/epos2_bridge_interfaces_s__rosidl_typesupport_introspection_c.dir/rosidl_generator_py/epos2_bridge_interfaces/_epos2_bridge_interfaces_s.ep.rosidl_typesupport_introspection_c.c.o[0m
[2.061s] [ 90%] [32mBuilding C object CMakeFiles/epos2_bridge_interfaces_s__rosidl_typesupport_fastrtps_c.dir/rosidl_generator_py/epos2_bridge_interfaces/_epos2_bridge_interfaces_s.ep.rosidl_typesupport_fastrtps_c.c.o[0m
[2.061s] [ 93%] [32mBuilding C object CMakeFiles/epos2_bridge_interfaces_s__rosidl_typesupport_c.dir/rosidl_generator_py/epos2_bridge_interfaces/_epos2_bridge_interfaces_s.ep.rosidl_typesupport_c.c.o[0m
[2.116s] [ 97%] [32m[1mLinking C shared module rosidl_generator_py/epos2_bridge_interfaces/epos2_bridge_interfaces_s__rosidl_typesupport_introspection_c.so[0m
[2.116s] [ 97%] [32m[1mLinking C shared module rosidl_generator_py/epos2_bridge_interfaces/epos2_bridge_interfaces_s__rosidl_typesupport_c.so[0m
[2.116s] [100%] [32m[1mLinking C shared module rosidl_generator_py/epos2_bridge_interfaces/epos2_bridge_interfaces_s__rosidl_typesupport_fastrtps_c.so[0m
[2.131s] [100%] Built target epos2_bridge_interfaces_s__rosidl_typesupport_c
[2.133s] [100%] Built target epos2_bridge_interfaces_s__rosidl_typesupport_fastrtps_c
[2.136s] [100%] Built target epos2_bridge_interfaces_s__rosidl_typesupport_introspection_c
[2.142s] Invoked command in '/home/robotics-club/agrobot_ws/build/epos2_bridge_interfaces' returned '0': CMAKE_PREFIX_PATH=${CMAKE_PREFIX_PATH}:/home/robotics-club/agrobot_ws/install/epos2_bridge:/opt/ros/jazzy DEBUGINFOD_URLS=https://debuginfod.ubuntu.com /usr/bin/cmake --build /home/robotics-club/agrobot_ws/build/epos2_bridge_interfaces -- -j32 -l32
[2.150s] Invoking command in '/home/robotics-club/agrobot_ws/build/epos2_bridge_interfaces': CMAKE_PREFIX_PATH=${CMAKE_PREFIX_PATH}:/home/robotics-club/agrobot_ws/install/epos2_bridge:/opt/ros/jazzy DEBUGINFOD_URLS=https://debuginfod.ubuntu.com /usr/bin/cmake --install /home/robotics-club/agrobot_ws/build/epos2_bridge_interfaces
[2.155s] -- Install configuration: ""
[2.155s] -- Execute custom install script
[2.155s] -- Up-to-date symlink: /home/robotics-club/agrobot_ws/install/epos2_bridge_interfaces/share/ament_index/resource_index/rosidl_interfaces/epos2_bridge_interfaces
[2.156s] -- Up-to-date symlink: /home/robotics-club/agrobot_ws/install/epos2_bridge_interfaces/share/epos2_bridge_interfaces/srv/MoveDelta.json
[2.156s] -- Symlinking: /home/robotics-club/agrobot_ws/install/epos2_bridge_interfaces/share/epos2_bridge_interfaces/srv/MoveAbsolute.json
[2.160s] -- Up-to-date symlink: /home/robotics-club/agrobot_ws/install/epos2_bridge_interfaces/include/epos2_bridge_interfaces/epos2_bridge_interfaces/msg/rosidl_generator_c__visibility_control.h
[2.160s] -- Symlinking: /home/robotics-club/agrobot_ws/install/epos2_bridge_interfaces/include/epos2_bridge_interfaces/epos2_bridge_interfaces/srv/detail/move_absolute__functions.h
[2.164s] -- Symlinking: /home/robotics-club/agrobot_ws/install/epos2_bridge_interfaces/include/epos2_bridge_interfaces/epos2_bridge_interfaces/srv/detail/move_absolute__struct.h
[2.169s] -- Symlinking: /home/robotics-club/agrobot_ws/install/epos2_bridge_interfaces/include/epos2_bridge_interfaces/epos2_bridge_interfaces/srv/detail/move_absolute__type_support.h
[2.175s] -- Up-to-date symlink: /home/robotics-club/agrobot_ws/install/epos2_bridge_interfaces/include/epos2_bridge_interfaces/epos2_bridge_interfaces/srv/detail/move_delta__functions.h
[2.175s] -- Up-to-date symlink: /home/robotics-club/agrobot_ws/install/epos2_bridge_interfaces/include/epos2_bridge_interfaces/epos2_bridge_interfaces/srv/detail/move_delta__struct.h
[2.175s] -- Up-to-date symlink: /home/robotics-club/agrobot_ws/install/epos2_bridge_interfaces/include/epos2_bridge_interfaces/epos2_bridge_interfaces/srv/detail/move_delta__type_support.h
[2.175s] -- Symlinking: /home/robotics-club/agrobot_ws/install/epos2_bridge_interfaces/include/epos2_bridge_interfaces/epos2_bridge_interfaces/srv/move_absolute.h
[2.180s] -- Up-to-date symlink: /home/robotics-club/agrobot_ws/install/epos2_bridge_interfaces/include/epos2_bridge_interfaces/epos2_bridge_interfaces/srv/move_delta.h
[2.180s] -- Up-to-date symlink: /home/robotics-club/agrobot_ws/install/epos2_bridge_interfaces/share/epos2_bridge_interfaces/environment/library_path.sh
[2.180s] -- Up-to-date symlink: /home/robotics-club/agrobot_ws/install/epos2_bridge_interfaces/share/epos2_bridge_interfaces/environment/library_path.dsv
[2.180s] -- Up-to-date symlink: /home/robotics-club/agrobot_ws/install/epos2_bridge_interfaces/include/epos2_bridge_interfaces/epos2_bridge_interfaces/msg/rosidl_typesupport_fastrtps_c__visibility_control.h
[2.180s] -- Symlinking: /home/robotics-club/agrobot_ws/install/epos2_bridge_interfaces/include/epos2_bridge_interfaces/epos2_bridge_interfaces/srv/detail/move_absolute__rosidl_typesupport_fastrtps_c.h
[2.186s] -- Up-to-date symlink: /home/robotics-club/agrobot_ws/install/epos2_bridge_interfaces/include/epos2_bridge_interfaces/epos2_bridge_interfaces/srv/detail/move_delta__rosidl_typesupport_fastrtps_c.h
[2.186s] -- Up-to-date symlink: /home/robotics-club/agrobot_ws/install/epos2_bridge_interfaces/include/epos2_bridge_interfaces/epos2_bridge_interfaces/msg/rosidl_typesupport_introspection_c__visibility_control.h
[2.186s] -- Symlinking: /home/robotics-club/agrobot_ws/install/epos2_bridge_interfaces/include/epos2_bridge_interfaces/epos2_bridge_interfaces/srv/detail/move_absolute__rosidl_typesupport_introspection_c.h
[2.192s] -- Up-to-date symlink: /home/robotics-club/agrobot_ws/install/epos2_bridge_interfaces/include/epos2_bridge_interfaces/epos2_bridge_interfaces/srv/detail/move_delta__rosidl_typesupport_introspection_c.h
[2.192s] -- Up-to-date symlink: /home/robotics-club/agrobot_ws/install/epos2_bridge_interfaces/include/epos2_bridge_interfaces/epos2_bridge_interfaces/msg/rosidl_generator_cpp__visibility_control.hpp
[2.192s] -- Symlinking: /home/robotics-club/agrobot_ws/install/epos2_bridge_interfaces/include/epos2_bridge_interfaces/epos2_bridge_interfaces/srv/detail/move_absolute__builder.hpp
[2.198s] -- Symlinking: /home/robotics-club/agrobot_ws/install/epos2_bridge_interfaces/include/epos2_bridge_interfaces/epos2_bridge_interfaces/srv/detail/move_absolute__struct.hpp
[2.204s] -- Symlinking: /home/robotics-club/agrobot_ws/install/epos2_bridge_interfaces/include/epos2_bridge_interfaces/epos2_bridge_interfaces/srv/detail/move_absolute__traits.hpp
[2.211s] -- Symlinking: /home/robotics-club/agrobot_ws/install/epos2_bridge_interfaces/include/epos2_bridge_interfaces/epos2_bridge_interfaces/srv/detail/move_absolute__type_support.hpp
[2.217s] -- Up-to-date symlink: /home/robotics-club/agrobot_ws/install/epos2_bridge_interfaces/include/epos2_bridge_interfaces/epos2_bridge_interfaces/srv/detail/move_delta__builder.hpp
[2.217s] -- Up-to-date symlink: /home/robotics-club/agrobot_ws/install/epos2_bridge_interfaces/include/epos2_bridge_interfaces/epos2_bridge_interfaces/srv/detail/move_delta__struct.hpp
[2.217s] -- Up-to-date symlink: /home/robotics-club/agrobot_ws/install/epos2_bridge_interfaces/include/epos2_bridge_interfaces/epos2_bridge_interfaces/srv/detail/move_delta__traits.hpp
[2.217s] -- Up-to-date symlink: /home/robotics-club/agrobot_ws/install/epos2_bridge_interfaces/include/epos2_bridge_interfaces/epos2_bridge_interfaces/srv/detail/move_delta__type_support.hpp
[2.217s] -- Symlinking: /home/robotics-club/agrobot_ws/install/epos2_bridge_interfaces/include/epos2_bridge_interfaces/epos2_bridge_interfaces/srv/move_absolute.hpp
[2.223s] -- Up-to-date symlink: /home/robotics-club/agrobot_ws/install/epos2_bridge_interfaces/include/epos2_bridge_interfaces/epos2_bridge_interfaces/srv/move_delta.hpp
[2.223s] -- Up-to-date symlink: /home/robotics-club/agrobot_ws/install/epos2_bridge_interfaces/include/epos2_bridge_interfaces/epos2_bridge_interfaces/msg/rosidl_typesupport_fastrtps_cpp__visibility_control.h
[2.223s] -- Symlinking: /home/robotics-club/agrobot_ws/install/epos2_bridge_interfaces/include/epos2_bridge_interfaces/epos2_bridge_interfaces/srv/detail/move_absolute__rosidl_typesupport_fastrtps_cpp.hpp
[2.229s] -- Up-to-date symlink: /home/robotics-club/agrobot_ws/install/epos2_bridge_interfaces/include/epos2_bridge_interfaces/epos2_bridge_interfaces/srv/detail/move_delta__rosidl_typesupport_fastrtps_cpp.hpp
[2.229s] -- Symlinking: /home/robotics-club/agrobot_ws/install/epos2_bridge_interfaces/include/epos2_bridge_interfaces/epos2_bridge_interfaces/srv/detail/move_absolute__rosidl_typesupport_introspection_cpp.hpp
[2.234s] -- Up-to-date symlink: /home/robotics-club/agrobot_ws/install/epos2_bridge_interfaces/include/epos2_bridge_interfaces/epos2_bridge_interfaces/srv/detail/move_delta__rosidl_typesupport_introspection_cpp.hpp
[2.235s] -- Up-to-date symlink: /home/robotics-club/agrobot_ws/install/epos2_bridge_interfaces/share/epos2_bridge_interfaces/environment/pythonpath.sh
[2.235s] -- Up-to-date symlink: /home/robotics-club/agrobot_ws/install/epos2_bridge_interfaces/share/epos2_bridge_interfaces/environment/pythonpath.dsv
[2.235s] -- Up-to-date symlink: /home/robotics-club/agrobot_ws/install/epos2_bridge_interfaces/lib/python3.12/site-packages/epos2_bridge_interfaces-0.0.1-py3.12.egg-info/PKG-INFO
[2.235s] -- Up-to-date symlink: /home/robotics-club/agrobot_ws/install/epos2_bridge_interfaces/lib/python3.12/site-packages/epos2_bridge_interfaces-0.0.1-py3.12.egg-info/SOURCES.txt
[2.235s] -- Up-to-date symlink: /home/robotics-club/agrobot_ws/install/epos2_bridge_interfaces/lib/python3.12/site-packages/epos2_bridge_interfaces-0.0.1-py3.12.egg-info/dependency_links.txt
[2.235s] -- Up-to-date symlink: /home/robotics-club/agrobot_ws/install/epos2_bridge_interfaces/lib/python3.12/site-packages/epos2_bridge_interfaces-0.0.1-py3.12.egg-info/top_level.txt
[2.235s] -- Up-to-date symlink: /home/robotics-club/agrobot_ws/install/epos2_bridge_interfaces/lib/python3.12/site-packages/epos2_bridge_interfaces/__init__.py
[2.235s] -- Up-to-date symlink: /home/robotics-club/agrobot_ws/install/epos2_bridge_interfaces/lib/python3.12/site-packages/epos2_bridge_interfaces/_epos2_bridge_interfaces_s.ep.rosidl_typesupport_c.c
[2.236s] -- Up-to-date symlink: /home/robotics-club/agrobot_ws/install/epos2_bridge_interfaces/lib/python3.12/site-packages/epos2_bridge_interfaces/_epos2_bridge_interfaces_s.ep.rosidl_typesupport_fastrtps_c.c
[2.236s] -- Up-to-date symlink: /home/robotics-club/agrobot_ws/install/epos2_bridge_interfaces/lib/python3.12/site-packages/epos2_bridge_interfaces/_epos2_bridge_interfaces_s.ep.rosidl_typesupport_introspection_c.c
[2.236s] -- Up-to-date symlink: /home/robotics-club/agrobot_ws/install/epos2_bridge_interfaces/lib/python3.12/site-packages/epos2_bridge_interfaces/epos2_bridge_interfaces_s__rosidl_typesupport_c.so
[2.236s] -- Up-to-date symlink: /home/robotics-club/agrobot_ws/install/epos2_bridge_interfaces/lib/python3.12/site-packages/epos2_bridge_interfaces/epos2_bridge_interfaces_s__rosidl_typesupport_fastrtps_c.so
[2.236s] -- Up-to-date symlink: /home/robotics-club/agrobot_ws/install/epos2_bridge_interfaces/lib/python3.12/site-packages/epos2_bridge_interfaces/epos2_bridge_interfaces_s__rosidl_typesupport_introspection_c.so
[2.236s] -- Up-to-date symlink: /home/robotics-club/agrobot_ws/install/epos2_bridge_interfaces/lib/python3.12/site-packages/epos2_bridge_interfaces/srv/__init__.py
[2.236s] -- Symlinking: /home/robotics-club/agrobot_ws/install/epos2_bridge_interfaces/lib/python3.12/site-packages/epos2_bridge_interfaces/srv/_move_absolute.py
[2.243s] -- Symlinking: /home/robotics-club/agrobot_ws/install/epos2_bridge_interfaces/lib/python3.12/site-packages/epos2_bridge_interfaces/srv/_move_absolute_s.c
[2.248s] -- Up-to-date symlink: /home/robotics-club/agrobot_ws/install/epos2_bridge_interfaces/lib/python3.12/site-packages/epos2_bridge_interfaces/srv/_move_delta.py
[2.248s] -- Up-to-date symlink: /home/robotics-club/agrobot_ws/install/epos2_bridge_interfaces/lib/python3.12/site-packages/epos2_bridge_interfaces/srv/_move_delta_s.c
[2.249s] -- Up-to-date symlink: /home/robotics-club/agrobot_ws/install/epos2_bridge_interfaces/lib/python3.12/site-packages/epos2_bridge_interfaces/epos2_bridge_interfaces_s__rosidl_typesupport_fastrtps_c.so
[2.249s] -- Up-to-date symlink: /home/robotics-club/agrobot_ws/install/epos2_bridge_interfaces/lib/python3.12/site-packages/epos2_bridge_interfaces/epos2_bridge_interfaces_s__rosidl_typesupport_introspection_c.so
[2.249s] -- Up-to-date symlink: /home/robotics-club/agrobot_ws/install/epos2_bridge_interfaces/lib/python3.12/site-packages/epos2_bridge_interfaces/epos2_bridge_interfaces_s__rosidl_typesupport_c.so
[2.249s] -- Up-to-date symlink: /home/robotics-club/agrobot_ws/install/epos2_bridge_interfaces/share/epos2_bridge_interfaces/srv/MoveDelta.idl
[2.249s] -- Symlinking: /home/robotics-club/agrobot_ws/install/epos2_bridge_interfaces/share/epos2_bridge_interfaces/srv/MoveAbsolute.idl
[2.255s] -- Up-to-date symlink: /home/robotics-club/agrobot_ws/install/epos2_bridge_interfaces/share/epos2_bridge_interfaces/srv/MoveDelta.srv
[2.255s] -- Symlinking: /home/robotics-club/agrobot_ws/install/epos2_bridge_interfaces/share/epos2_bridge_interfaces/srv/MoveAbsolute.srv
[2.260s] -- Up-to-date symlink: /home/robotics-club/agrobot_ws/install/epos2_bridge_interfaces/share/ament_index/resource_index/package_run_dependencies/epos2_bridge_interfaces
[2.260s] -- Up-to-date symlink: /home/robotics-club/agrobot_ws/install/epos2_bridge_interfaces/share/ament_index/resource_index/parent_prefix_path/epos2_bridge_interfaces
[2.260s] -- Up-to-date symlink: /home/robotics-club/agrobot_ws/install/epos2_bridge_interfaces/share/epos2_bridge_interfaces/environment/ament_prefix_path.sh
[2.260s] -- Up-to-date symlink: /home/robotics-club/agrobot_ws/install/epos2_bridge_interfaces/share/epos2_bridge_interfaces/environment/ament_prefix_path.dsv
[2.260s] -- Up-to-date symlink: /home/robotics-club/agrobot_ws/install/epos2_bridge_interfaces/share/epos2_bridge_interfaces/environment/path.sh
[2.260s] -- Up-to-date symlink: /home/robotics-club/agrobot_ws/install/epos2_bridge_interfaces/share/epos2_bridge_interfaces/environment/path.dsv
[2.260s] -- Up-to-date symlink: /home/robotics-club/agrobot_ws/install/epos2_bridge_interfaces/share/epos2_bridge_interfaces/local_setup.bash
[2.260s] -- Up-to-date symlink: /home/robotics-club/agrobot_ws/install/epos2_bridge_interfaces/share/epos2_bridge_interfaces/local_setup.sh
[2.261s] -- Up-to-date symlink: /home/robotics-club/agrobot_ws/install/epos2_bridge_interfaces/share/epos2_bridge_interfaces/local_setup.zsh
[2.261s] -- Up-to-date symlink: /home/robotics-club/agrobot_ws/install/epos2_bridge_interfaces/share/epos2_bridge_interfaces/local_setup.dsv
[2.261s] -- Symlinking: /home/robotics-club/agrobot_ws/install/epos2_bridge_interfaces/share/epos2_bridge_interfaces/package.dsv
[2.266s] -- Up-to-date symlink: /home/robotics-club/agrobot_ws/install/epos2_bridge_interfaces/share/ament_index/resource_index/packages/epos2_bridge_interfaces
[2.266s] -- Up-to-date symlink: /home/robotics-club/agrobot_ws/install/epos2_bridge_interfaces/share/epos2_bridge_interfaces/cmake/rosidl_cmake-extras.cmake
[2.266s] -- Up-to-date symlink: /home/robotics-club/agrobot_ws/install/epos2_bridge_interfaces/share/epos2_bridge_interfaces/cmake/ament_cmake_export_dependencies-extras.cmake
[2.266s] -- Up-to-date symlink: /home/robotics-club/agrobot_ws/install/epos2_bridge_interfaces/share/epos2_bridge_interfaces/cmake/ament_cmake_export_include_directories-extras.cmake
[2.266s] -- Up-to-date symlink: /home/robotics-club/agrobot_ws/install/epos2_bridge_interfaces/share/epos2_bridge_interfaces/cmake/ament_cmake_export_libraries-extras.cmake
[2.266s] -- Up-to-date symlink: /home/robotics-club/agrobot_ws/install/epos2_bridge_interfaces/share/epos2_bridge_interfaces/cmake/ament_cmake_export_targets-extras.cmake
[2.266s] -- Up-to-date symlink: /home/robotics-club/agrobot_ws/install/epos2_bridge_interfaces/share/epos2_bridge_interfaces/cmake/rosidl_cmake_export_typesupport_targets-extras.cmake
[2.266s] -- Up-to-date symlink: /home/robotics-club/agrobot_ws/install/epos2_bridge_interfaces/share/epos2_bridge_interfaces/cmake/rosidl_cmake_export_typesupport_libraries-extras.cmake
[2.266s] -- Up-to-date symlink: /home/robotics-club/agrobot_ws/install/epos2_bridge_interfaces/share/epos2_bridge_interfaces/cmake/epos2_bridge_interfacesConfig.cmake
[2.266s] -- Up-to-date symlink: /home/robotics-club/agrobot_ws/install/epos2_bridge_interfaces/share/epos2_bridge_interfaces/cmake/epos2_bridge_interfacesConfig-version.cmake
[2.266s] -- Up-to-date symlink: /home/robotics-club/agrobot_ws/install/epos2_bridge_interfaces/share/epos2_bridge_interfaces/package.xml
[2.266s] -- Installing: /home/robotics-club/agrobot_ws/install/epos2_bridge_interfaces/lib/libepos2_bridge_interfaces__rosidl_generator_c.so
[2.267s] -- Set non-toolchain portion of runtime path of "/home/robotics-club/agrobot_ws/install/epos2_bridge_interfaces/lib/libepos2_bridge_interfaces__rosidl_generator_c.so" to ""
[2.267s] -- Installing: /home/robotics-club/agrobot_ws/install/epos2_bridge_interfaces/lib/libepos2_bridge_interfaces__rosidl_typesupport_fastrtps_c.so
[2.267s] -- Set non-toolchain portion of runtime path of "/home/robotics-club/agrobot_ws/install/epos2_bridge_interfaces/lib/libepos2_bridge_interfaces__rosidl_typesupport_fastrtps_c.so" to ""
[2.267s] -- Installing: /home/robotics-club/agrobot_ws/install/epos2_bridge_interfaces/lib/libepos2_bridge_interfaces__rosidl_typesupport_introspection_c.so
[2.267s] -- Set non-toolchain portion of runtime path of "/home/robotics-club/agrobot_ws/install/epos2_bridge_interfaces/lib/libepos2_bridge_interfaces__rosidl_typesupport_introspection_c.so" to ""
[2.267s] -- Installing: /home/robotics-club/agrobot_ws/install/epos2_bridge_interfaces/lib/libepos2_bridge_interfaces__rosidl_typesupport_c.so
[2.267s] -- Set non-toolchain portion of runtime path of "/home/robotics-club/agrobot_ws/install/epos2_bridge_interfaces/lib/libepos2_bridge_interfaces__rosidl_typesupport_c.so" to ""
[2.267s] -- Installing: /home/robotics-club/agrobot_ws/install/epos2_bridge_interfaces/lib/libepos2_bridge_interfaces__rosidl_typesupport_fastrtps_cpp.so
[2.267s] -- Set non-toolchain portion of runtime path of "/home/robotics-club/agrobot_ws/install/epos2_bridge_interfaces/lib/libepos2_bridge_interfaces__rosidl_typesupport_fastrtps_cpp.so" to ""
[2.267s] -- Installing: /home/robotics-club/agrobot_ws/install/epos2_bridge_interfaces/lib/libepos2_bridge_interfaces__rosidl_typesupport_introspection_cpp.so
[2.267s] -- Set non-toolchain portion of runtime path of "/home/robotics-club/agrobot_ws/install/epos2_bridge_interfaces/lib/libepos2_bridge_interfaces__rosidl_typesupport_introspection_cpp.so" to ""
[2.267s] -- Installing: /home/robotics-club/agrobot_ws/install/epos2_bridge_interfaces/lib/libepos2_bridge_interfaces__rosidl_typesupport_cpp.so
[2.268s] -- Set non-toolchain portion of runtime path of "/home/robotics-club/agrobot_ws/install/epos2_bridge_interfaces/lib/libepos2_bridge_interfaces__rosidl_typesupport_cpp.so" to ""
[2.295s] Listing '/home/robotics-club/agrobot_ws/install/epos2_bridge_interfaces/lib/python3.12/site-packages/epos2_bridge_interfaces'...
[2.295s] Compiling '/home/robotics-club/agrobot_ws/install/epos2_bridge_interfaces/lib/python3.12/site-packages/epos2_bridge_interfaces/__init__.py'...
[2.295s] Listing '/home/robotics-club/agrobot_ws/install/epos2_bridge_interfaces/lib/python3.12/site-packages/epos2_bridge_interfaces/srv'...
[2.295s] Compiling '/home/robotics-club/agrobot_ws/install/epos2_bridge_interfaces/lib/python3.12/site-packages/epos2_bridge_interfaces/srv/__init__.py'...
[2.295s] Compiling '/home/robotics-club/agrobot_ws/install/epos2_bridge_interfaces/lib/python3.12/site-packages/epos2_bridge_interfaces/srv/_move_absolute.py'...
[2.295s] Compiling '/home/robotics-club/agrobot_ws/install/epos2_bridge_interfaces/lib/python3.12/site-packages/epos2_bridge_interfaces/srv/_move_delta.py'...
[2.299s] -- Installing: /home/robotics-club/agrobot_ws/install/epos2_bridge_interfaces/lib/libepos2_bridge_interfaces__rosidl_generator_py.so
[2.299s] -- Set non-toolchain portion of runtime path of "/home/robotics-club/agrobot_ws/install/epos2_bridge_interfaces/lib/libepos2_bridge_interfaces__rosidl_generator_py.so" to ""
[2.299s] -- Up-to-date: /home/robotics-club/agrobot_ws/install/epos2_bridge_interfaces/share/epos2_bridge_interfaces/cmake/export_epos2_bridge_interfaces__rosidl_generator_cExport.cmake
[2.299s] -- Up-to-date: /home/robotics-club/agrobot_ws/install/epos2_bridge_interfaces/share/epos2_bridge_interfaces/cmake/export_epos2_bridge_interfaces__rosidl_generator_cExport-noconfig.cmake
[2.299s] -- Up-to-date: /home/robotics-club/agrobot_ws/install/epos2_bridge_interfaces/share/epos2_bridge_interfaces/cmake/export_epos2_bridge_interfaces__rosidl_typesupport_fastrtps_cExport.cmake
[2.299s] -- Up-to-date: /home/robotics-club/agrobot_ws/install/epos2_bridge_interfaces/share/epos2_bridge_interfaces/cmake/export_epos2_bridge_interfaces__rosidl_typesupport_fastrtps_cExport-noconfig.cmake
[2.299s] -- Up-to-date: /home/robotics-club/agrobot_ws/install/epos2_bridge_interfaces/share/epos2_bridge_interfaces/cmake/epos2_bridge_interfaces__rosidl_typesupport_introspection_cExport.cmake
[2.299s] -- Up-to-date: /home/robotics-club/agrobot_ws/install/epos2_bridge_interfaces/share/epos2_bridge_interfaces/cmake/epos2_bridge_interfaces__rosidl_typesupport_introspection_cExport-noconfig.cmake
[2.299s] -- Up-to-date: /home/robotics-club/agrobot_ws/install/epos2_bridge_interfaces/share/epos2_bridge_interfaces/cmake/epos2_bridge_interfaces__rosidl_typesupport_cExport.cmake
[2.299s] -- Up-to-date: /home/robotics-club/agrobot_ws/install/epos2_bridge_interfaces/share/epos2_bridge_interfaces/cmake/epos2_bridge_interfaces__rosidl_typesupport_cExport-noconfig.cmake
[2.299s] -- Up-to-date: /home/robotics-club/agrobot_ws/install/epos2_bridge_interfaces/share/epos2_bridge_interfaces/cmake/export_epos2_bridge_interfaces__rosidl_generator_cppExport.cmake
[2.299s] -- Up-to-date: /home/robotics-club/agrobot_ws/install/epos2_bridge_interfaces/share/epos2_bridge_interfaces/cmake/export_epos2_bridge_interfaces__rosidl_typesupport_fastrtps_cppExport.cmake
[2.299s] -- Up-to-date: /home/robotics-club/agrobot_ws/install/epos2_bridge_interfaces/share/epos2_bridge_interfaces/cmake/export_epos2_bridge_interfaces__rosidl_typesupport_fastrtps_cppExport-noconfig.cmake
[2.299s] -- Up-to-date: /home/robotics-club/agrobot_ws/install/epos2_bridge_interfaces/share/epos2_bridge_interfaces/cmake/epos2_bridge_interfaces__rosidl_typesupport_introspection_cppExport.cmake
[2.299s] -- Up-to-date: /home/robotics-club/agrobot_ws/install/epos2_bridge_interfaces/share/epos2_bridge_interfaces/cmake/epos2_bridge_interfaces__rosidl_typesupport_introspection_cppExport-noconfig.cmake
[2.299s] -- Up-to-date: /home/robotics-club/agrobot_ws/install/epos2_bridge_interfaces/share/epos2_bridge_interfaces/cmake/epos2_bridge_interfaces__rosidl_typesupport_cppExport.cmake
[2.299s] -- Up-to-date: /home/robotics-club/agrobot_ws/install/epos2_bridge_interfaces/share/epos2_bridge_interfaces/cmake/epos2_bridge_interfaces__rosidl_typesupport_cppExport-noconfig.cmake
[2.299s] -- Up-to-date: /home/robotics-club/agrobot_ws/install/epos2_bridge_interfaces/share/epos2_bridge_interfaces/cmake/export_epos2_bridge_interfaces__rosidl_generator_pyExport.cmake
[2.299s] -- Up-to-date: /home/robotics-club/agrobot_ws/install/epos2_bridge_interfaces/share/epos2_bridge_interfaces/cmake/export_epos2_bridge_interfaces__rosidl_generator_pyExport-noconfig.cmake
[2.301s] Invoked command in '/home/robotics-club/agrobot_ws/build/epos2_bridge_interfaces' returned '0': CMAKE_PREFIX_PATH=${CMAKE_PREFIX_PATH}:/home/robotics-club/agrobot_ws/install/epos2_bridge:/opt/ros/jazzy DEBUGINFOD_URLS=https://debuginfod.ubuntu.com /usr/bin/cmake --install /home/robotics-club/agrobot_ws/build/epos2_bridge_interfaces
