-- Install configuration: ""
-- Execute custom install script
-- Up-to-date symlink: /home/robotics-club/agrobot_ws/install/moveit_config/share/ament_index/resource_index/package_run_dependencies/moveit_config
-- Up-to-date symlink: /home/robotics-club/agrobot_ws/install/moveit_config/share/ament_index/resource_index/parent_prefix_path/moveit_config
-- Up-to-date symlink: /home/robotics-club/agrobot_ws/install/moveit_config/share/moveit_config/environment/ament_prefix_path.sh
-- Up-to-date symlink: /home/robotics-club/agrobot_ws/install/moveit_config/share/moveit_config/environment/ament_prefix_path.dsv
-- Up-to-date symlink: /home/robotics-club/agrobot_ws/install/moveit_config/share/moveit_config/environment/path.sh
-- Up-to-date symlink: /home/robotics-club/agrobot_ws/install/moveit_config/share/moveit_config/environment/path.dsv
-- Up-to-date symlink: /home/robotics-club/agrobot_ws/install/moveit_config/share/moveit_config/local_setup.bash
-- Up-to-date symlink: /home/robotics-club/agrobot_ws/install/moveit_config/share/moveit_config/local_setup.sh
-- Up-to-date symlink: /home/robotics-club/agrobot_ws/install/moveit_config/share/moveit_config/local_setup.zsh
-- Up-to-date symlink: /home/robotics-club/agrobot_ws/install/moveit_config/share/moveit_config/local_setup.dsv
-- Symlinking: /home/robotics-club/agrobot_ws/install/moveit_config/share/moveit_config/package.dsv
-- Up-to-date symlink: /home/robotics-club/agrobot_ws/install/moveit_config/share/ament_index/resource_index/packages/moveit_config
-- Up-to-date symlink: /home/robotics-club/agrobot_ws/install/moveit_config/share/moveit_config/cmake/moveit_configConfig.cmake
-- Up-to-date symlink: /home/robotics-club/agrobot_ws/install/moveit_config/share/moveit_config/cmake/moveit_configConfig-version.cmake
-- Up-to-date symlink: /home/robotics-club/agrobot_ws/install/moveit_config/share/moveit_config/package.xml
-- Up-to-date symlink: /home/robotics-club/agrobot_ws/install/moveit_config/share/moveit_config/launch/__pycache__/agrobot.launch.cpython-312.pyc
-- Up-to-date symlink: /home/robotics-club/agrobot_ws/install/moveit_config/share/moveit_config/launch/__pycache__/demo.launch.cpython-312.pyc
-- Up-to-date symlink: /home/robotics-club/agrobot_ws/install/moveit_config/share/moveit_config/launch/agrobot.launch.py
-- Up-to-date symlink: /home/robotics-club/agrobot_ws/install/moveit_config/share/moveit_config/launch/demo.launch.py
-- Up-to-date symlink: /home/robotics-club/agrobot_ws/install/moveit_config/share/moveit_config/launch/epos2_ppm.sh
-- Up-to-date symlink: /home/robotics-club/agrobot_ws/install/moveit_config/share/moveit_config/launch/j3_canopen_driver_only.launch.py
-- Up-to-date symlink: /home/robotics-club/agrobot_ws/install/moveit_config/share/moveit_config/launch/j3_canopen_driver_only_ipm.launch.py
-- Up-to-date symlink: /home/robotics-club/agrobot_ws/install/moveit_config/share/moveit_config/launch/j3_canopen_driver_only_ppm.launch.py
-- Up-to-date symlink: /home/robotics-club/agrobot_ws/install/moveit_config/share/moveit_config/launch/j3_canopen_jtc.launch.py
-- Up-to-date symlink: /home/robotics-club/agrobot_ws/install/moveit_config/share/moveit_config/launch/j3_canopen_smoketest.launch.py
-- Up-to-date symlink: /home/robotics-club/agrobot_ws/install/moveit_config/share/moveit_config/launch/move_group.launch.py
-- Up-to-date symlink: /home/robotics-club/agrobot_ws/install/moveit_config/share/moveit_config/launch/moveit_rviz.launch.py
-- Up-to-date symlink: /home/robotics-club/agrobot_ws/install/moveit_config/share/moveit_config/launch/rsp.launch.py
-- Up-to-date symlink: /home/robotics-club/agrobot_ws/install/moveit_config/share/moveit_config/launch/setup_assistant.launch.py
-- Up-to-date symlink: /home/robotics-club/agrobot_ws/install/moveit_config/share/moveit_config/launch/spawn_controllers.launch.py
-- Up-to-date symlink: /home/robotics-club/agrobot_ws/install/moveit_config/share/moveit_config/launch/static_virtual_joint_tfs.launch.py
-- Up-to-date symlink: /home/robotics-club/agrobot_ws/install/moveit_config/share/moveit_config/launch/warehouse_db.launch.py
-- Up-to-date symlink: /home/robotics-club/agrobot_ws/install/moveit_config/share/moveit_config/config/backups_20260327_162653/bus.yml
-- Up-to-date symlink: /home/robotics-club/agrobot_ws/install/moveit_config/share/moveit_config/config/backups_20260327_162653/moveit_controllers.yaml
-- Up-to-date symlink: /home/robotics-club/agrobot_ws/install/moveit_config/share/moveit_config/config/backups_20260327_162653/my_robot.ros2_control.xacro
-- Up-to-date symlink: /home/robotics-club/agrobot_ws/install/moveit_config/share/moveit_config/config/backups_20260327_162653/my_robot.urdf.xacro
-- Up-to-date symlink: /home/robotics-club/agrobot_ws/install/moveit_config/share/moveit_config/config/backups_20260327_162653/ros2_controllers.yaml
-- Up-to-date symlink: /home/robotics-club/agrobot_ws/install/moveit_config/share/moveit_config/config/backups_20260327_162653/sensors_3d.yaml
-- Up-to-date symlink: /home/robotics-club/agrobot_ws/install/moveit_config/share/moveit_config/config/bus.yml
-- Up-to-date symlink: /home/robotics-club/agrobot_ws/install/moveit_config/share/moveit_config/config/bus_j3_debug.yml
-- Up-to-date symlink: /home/robotics-club/agrobot_ws/install/moveit_config/share/moveit_config/config/bus_j3_ipm.yml
-- Up-to-date symlink: /home/robotics-club/agrobot_ws/install/moveit_config/share/moveit_config/config/bus_j3_ipm_WORKING.yml
-- Up-to-date symlink: /home/robotics-club/agrobot_ws/install/moveit_config/share/moveit_config/config/bus_j3_ppm.yml
-- Up-to-date symlink: /home/robotics-club/agrobot_ws/install/moveit_config/share/moveit_config/config/epos2.eds
-- Up-to-date symlink: /home/robotics-club/agrobot_ws/install/moveit_config/share/moveit_config/config/epos2_slave.dcf
-- Up-to-date symlink: /home/robotics-club/agrobot_ws/install/moveit_config/share/moveit_config/config/epos2_slave_ipm.dcf
-- Up-to-date symlink: /home/robotics-club/agrobot_ws/install/moveit_config/share/moveit_config/config/epos2_slave_ipm_WORKING.dcf
-- Up-to-date symlink: /home/robotics-club/agrobot_ws/install/moveit_config/share/moveit_config/config/epos2_slave_ppm.dcf
-- Up-to-date symlink: /home/robotics-club/agrobot_ws/install/moveit_config/share/moveit_config/config/initial_positions.yaml
-- Up-to-date symlink: /home/robotics-club/agrobot_ws/install/moveit_config/share/moveit_config/config/joint_limits.yaml
-- Up-to-date symlink: /home/robotics-club/agrobot_ws/install/moveit_config/share/moveit_config/config/kinematics.yaml
-- Up-to-date symlink: /home/robotics-club/agrobot_ws/install/moveit_config/share/moveit_config/config/master.bin.bak
-- Up-to-date symlink: /home/robotics-club/agrobot_ws/install/moveit_config/share/moveit_config/config/master.dcf
-- Up-to-date symlink: /home/robotics-club/agrobot_ws/install/moveit_config/share/moveit_config/config/moveit.rviz
-- Up-to-date symlink: /home/robotics-club/agrobot_ws/install/moveit_config/share/moveit_config/config/moveit_controllers.yaml
-- Up-to-date symlink: /home/robotics-club/agrobot_ws/install/moveit_config/share/moveit_config/config/moveit_controllers.yaml.bak_j3only
-- Up-to-date symlink: /home/robotics-club/agrobot_ws/install/moveit_config/share/moveit_config/config/my_robot.ros2_control.j3_only.xacro
-- Up-to-date symlink: /home/robotics-club/agrobot_ws/install/moveit_config/share/moveit_config/config/my_robot.ros2_control.xacro
-- Up-to-date symlink: /home/robotics-club/agrobot_ws/install/moveit_config/share/moveit_config/config/my_robot.srdf
-- Up-to-date symlink: /home/robotics-club/agrobot_ws/install/moveit_config/share/moveit_config/config/my_robot.srdf.bak_j3only
-- Up-to-date symlink: /home/robotics-club/agrobot_ws/install/moveit_config/share/moveit_config/config/my_robot.urdf.xacro
-- Up-to-date symlink: /home/robotics-club/agrobot_ws/install/moveit_config/share/moveit_config/config/my_robot_j3_debug.urdf.xacro
-- Up-to-date symlink: /home/robotics-club/agrobot_ws/install/moveit_config/share/moveit_config/config/pilz_cartesian_limits.yaml
-- Up-to-date symlink: /home/robotics-club/agrobot_ws/install/moveit_config/share/moveit_config/config/ros2_controllers.yaml
-- Up-to-date symlink: /home/robotics-club/agrobot_ws/install/moveit_config/share/moveit_config/config/ros2_controllers_j3_forward.yaml
-- Up-to-date symlink: /home/robotics-club/agrobot_ws/install/moveit_config/share/moveit_config/config/ros2_controllers_j3_jtc.yaml
-- Up-to-date symlink: /home/robotics-club/agrobot_ws/install/moveit_config/share/moveit_config/config/sensors_3d.yaml
-- Up-to-date symlink: /home/robotics-club/agrobot_ws/install/moveit_config/share/moveit_config/.setup_assistant
