running develop
running egg_info
creating epos2_bridge.egg-info
writing epos2_bridge.egg-info/PKG-INFO
writing dependency_links to epos2_bridge.egg-info/dependency_links.txt
writing entry points to epos2_bridge.egg-info/entry_points.txt
writing requirements to epos2_bridge.egg-info/requires.txt
writing top-level names to epos2_bridge.egg-info/top_level.txt
writing manifest file 'epos2_bridge.egg-info/SOURCES.txt'
reading manifest file 'epos2_bridge.egg-info/SOURCES.txt'
writing manifest file 'epos2_bridge.egg-info/SOURCES.txt'
running build_ext
Creating /home/robotics-club/agrobot_ws/install/epos2_bridge/lib/python3.12/site-packages/epos2-bridge.egg-link (link to .)
Installing epos2_arm_controller script to /home/robotics-club/agrobot_ws/install/epos2_bridge/lib/epos2_bridge
Installing epos2_j3_bridge script to /home/robotics-club/agrobot_ws/install/epos2_bridge/lib/epos2_bridge

Installed /home/robotics-club/agrobot_ws/build/epos2_bridge
running symlink_data
creating /home/robotics-club/agrobot_ws/install/epos2_bridge/share/ament_index
creating /home/robotics-club/agrobot_ws/install/epos2_bridge/share/ament_index/resource_index
creating /home/robotics-club/agrobot_ws/install/epos2_bridge/share/ament_index/resource_index/packages
symbolically linking /home/robotics-club/agrobot_ws/build/epos2_bridge/resource/epos2_bridge -> /home/robotics-club/agrobot_ws/install/epos2_bridge/share/ament_index/resource_index/packages
symbolically linking /home/robotics-club/agrobot_ws/build/epos2_bridge/package.xml -> /home/robotics-club/agrobot_ws/install/epos2_bridge/share/epos2_bridge
creating /home/robotics-club/agrobot_ws/install/epos2_bridge/share/epos2_bridge/launch
symbolically linking /home/robotics-club/agrobot_ws/build/epos2_bridge/launch/epos2_j2_bridge.launch.py -> /home/robotics-club/agrobot_ws/install/epos2_bridge/share/epos2_bridge/launch
symbolically linking /home/robotics-club/agrobot_ws/build/epos2_bridge/launch/epos2_system.launch.py -> /home/robotics-club/agrobot_ws/install/epos2_bridge/share/epos2_bridge/launch
symbolically linking /home/robotics-club/agrobot_ws/build/epos2_bridge/launch/epos2_arm_controller.launch.py -> /home/robotics-club/agrobot_ws/install/epos2_bridge/share/epos2_bridge/launch
symbolically linking /home/robotics-club/agrobot_ws/build/epos2_bridge/launch/epos2_j3_bridge.launch.py -> /home/robotics-club/agrobot_ws/install/epos2_bridge/share/epos2_bridge/launch
symbolically linking /home/robotics-club/agrobot_ws/build/epos2_bridge/launch/epos2_j4_bridge.launch.py -> /home/robotics-club/agrobot_ws/install/epos2_bridge/share/epos2_bridge/launch
symbolically linking /home/robotics-club/agrobot_ws/build/epos2_bridge/launch/epos2_j5_bridge.launch.py -> /home/robotics-club/agrobot_ws/install/epos2_bridge/share/epos2_bridge/launch
symbolically linking /home/robotics-club/agrobot_ws/build/epos2_bridge/launch/epos2_j1_bridge.launch.py -> /home/robotics-club/agrobot_ws/install/epos2_bridge/share/epos2_bridge/launch
symbolically linking /home/robotics-club/agrobot_ws/build/epos2_bridge/launch/epos2_j6_bridge.launch.py -> /home/robotics-club/agrobot_ws/install/epos2_bridge/share/epos2_bridge/launch
symbolically linking /home/robotics-club/agrobot_ws/build/epos2_bridge/launch/epos2_arm.launch.py -> /home/robotics-club/agrobot_ws/install/epos2_bridge/share/epos2_bridge/launch
