-- Found ament_cmake: 2.5.5 (/opt/ros/jazzy/share/ament_cmake/cmake)
-- Found Python3: /usr/bin/python3 (found version "3.12.3") found components: Interpreter 
-- Override CMake install command with custom implementation using symlinks instead of copying resources
-- Found rosidl_default_generators: 1.6.0 (/opt/ros/jazzy/share/rosidl_default_generators/cmake)
-- Using all available rosidl_typesupport_c: rosidl_typesupport_fastrtps_c;rosidl_typesupport_introspection_c
-- Using all available rosidl_typesupport_cpp: rosidl_typesupport_fastrtps_cpp;rosidl_typesupport_introspection_cpp
-- Found rosidl_adapter: 4.6.7 (/opt/ros/jazzy/share/rosidl_adapter/cmake)
-- Found ament_cmake_ros: 0.12.0 (/opt/ros/jazzy/share/ament_cmake_ros/cmake)
-- Using all available rosidl_typesupport_c: rosidl_typesupport_fastrtps_c;rosidl_typesupport_introspection_c
-- Using all available rosidl_typesupport_cpp: rosidl_typesupport_fastrtps_cpp;rosidl_typesupport_introspection_cpp
-- Found python_cmake_module: 0.11.1 (/opt/ros/jazzy/share/python_cmake_module/cmake)
-- Found Python3: /usr/bin/python3 (found version "3.12.3") found components: Interpreter Development NumPy Development.Module Development.Embed 
-- Configuring done (0.6s)
-- Generating done (0.0s)
-- Build files have been written to: /home/robotics-club/agrobot_ws/build/epos2_bridge_interfaces
[  1%] [34m[1mGenerating type hashes for ROS interfaces[0m
[  1%] Built target ament_cmake_python_symlink_epos2_bridge_interfaces
[  1%] Built target epos2_bridge_interfaces__rosidl_generator_type_description
[  3%] [34m[1mGenerating C code for ROS interfaces[0m
[  5%] [34m[1mGenerating C++ code for ROS interfaces[0m
running egg_info
writing epos2_bridge_interfaces.egg-info/PKG-INFO
writing dependency_links to epos2_bridge_interfaces.egg-info/dependency_links.txt
writing top-level names to epos2_bridge_interfaces.egg-info/top_level.txt
reading manifest file 'epos2_bridge_interfaces.egg-info/SOURCES.txt'
writing manifest file 'epos2_bridge_interfaces.egg-info/SOURCES.txt'
[  5%] Built target ament_cmake_python_build_epos2_bridge_interfaces_egg
[  5%] Built target epos2_bridge_interfaces__cpp
[ 18%] [32mBuilding C object CMakeFiles/epos2_bridge_interfaces__rosidl_generator_c.dir/rosidl_generator_c/epos2_bridge_interfaces/srv/detail/move_delta__description.c.o[0m
[ 18%] [32mBuilding C object CMakeFiles/epos2_bridge_interfaces__rosidl_generator_c.dir/rosidl_generator_c/epos2_bridge_interfaces/srv/detail/move_absolute__description.c.o[0m
[ 18%] [32mBuilding C object CMakeFiles/epos2_bridge_interfaces__rosidl_generator_c.dir/rosidl_generator_c/epos2_bridge_interfaces/srv/detail/move_absolute__type_support.c.o[0m
[ 18%] [32mBuilding C object CMakeFiles/epos2_bridge_interfaces__rosidl_generator_c.dir/rosidl_generator_c/epos2_bridge_interfaces/srv/detail/move_absolute__functions.c.o[0m
[ 18%] [32mBuilding C object CMakeFiles/epos2_bridge_interfaces__rosidl_generator_c.dir/rosidl_generator_c/epos2_bridge_interfaces/srv/detail/move_delta__functions.c.o[0m
[ 18%] [32mBuilding C object CMakeFiles/epos2_bridge_interfaces__rosidl_generator_c.dir/rosidl_generator_c/epos2_bridge_interfaces/srv/detail/move_delta__type_support.c.o[0m
[ 18%] [32mBuilding C object CMakeFiles/epos2_bridge_interfaces__rosidl_generator_c.dir/rosidl_generator_c/epos2_bridge_interfaces/srv/detail/move_absolute_timed__functions.c.o[0m
[ 20%] [32mBuilding C object CMakeFiles/epos2_bridge_interfaces__rosidl_generator_c.dir/rosidl_generator_c/epos2_bridge_interfaces/srv/detail/move_absolute_timed__description.c.o[0m
[ 22%] [32mBuilding C object CMakeFiles/epos2_bridge_interfaces__rosidl_generator_c.dir/rosidl_generator_c/epos2_bridge_interfaces/srv/detail/move_absolute_timed__type_support.c.o[0m
[ 24%] [32m[1mLinking C shared library libepos2_bridge_interfaces__rosidl_generator_c.so[0m
[ 24%] Built target epos2_bridge_interfaces__rosidl_generator_c
[ 27%] [34m[1mGenerating C type support dispatch for ROS interfaces[0m
[ 27%] [34m[1mGenerating C type support for eProsima Fast-RTPS[0m
[ 35%] [34m[1mGenerating C++ introspection for ROS interfaces[0m
[ 35%] [34m[1mGenerating C++ type support dispatch for ROS interfaces[0m
[ 35%] [34m[1mGenerating C++ type support for eProsima Fast-RTPS[0m
[ 35%] [34m[1mGenerating C introspection for ROS interfaces[0m
[ 40%] [32mBuilding CXX object CMakeFiles/epos2_bridge_interfaces__rosidl_typesupport_c.dir/rosidl_typesupport_c/epos2_bridge_interfaces/srv/move_absolute_timed__type_support.cpp.o[0m
[ 40%] [32mBuilding CXX object CMakeFiles/epos2_bridge_interfaces__rosidl_typesupport_c.dir/rosidl_typesupport_c/epos2_bridge_interfaces/srv/move_delta__type_support.cpp.o[0m
[ 40%] [32mBuilding CXX object CMakeFiles/epos2_bridge_interfaces__rosidl_typesupport_c.dir/rosidl_typesupport_c/epos2_bridge_interfaces/srv/move_absolute__type_support.cpp.o[0m
[ 46%] [32mBuilding CXX object CMakeFiles/epos2_bridge_interfaces__rosidl_typesupport_cpp.dir/rosidl_typesupport_cpp/epos2_bridge_interfaces/srv/move_absolute__type_support.cpp.o[0m
[ 46%] [32mBuilding CXX object CMakeFiles/epos2_bridge_interfaces__rosidl_typesupport_cpp.dir/rosidl_typesupport_cpp/epos2_bridge_interfaces/srv/move_absolute_timed__type_support.cpp.o[0m
[ 46%] [32mBuilding CXX object CMakeFiles/epos2_bridge_interfaces__rosidl_typesupport_cpp.dir/rosidl_typesupport_cpp/epos2_bridge_interfaces/srv/move_delta__type_support.cpp.o[0m
[ 48%] [32mBuilding CXX object CMakeFiles/epos2_bridge_interfaces__rosidl_typesupport_introspection_cpp.dir/rosidl_typesupport_introspection_cpp/epos2_bridge_interfaces/srv/detail/move_delta__type_support.cpp.o[0m
[ 50%] [32mBuilding CXX object CMakeFiles/epos2_bridge_interfaces__rosidl_typesupport_introspection_cpp.dir/rosidl_typesupport_introspection_cpp/epos2_bridge_interfaces/srv/detail/move_absolute__type_support.cpp.o[0m
[ 51%] [32mBuilding CXX object CMakeFiles/epos2_bridge_interfaces__rosidl_typesupport_introspection_cpp.dir/rosidl_typesupport_introspection_cpp/epos2_bridge_interfaces/srv/detail/move_absolute_timed__type_support.cpp.o[0m
[ 53%] [32m[1mLinking CXX shared library libepos2_bridge_interfaces__rosidl_typesupport_c.so[0m
[ 57%] [32mBuilding C object CMakeFiles/epos2_bridge_interfaces__rosidl_typesupport_introspection_c.dir/rosidl_typesupport_introspection_c/epos2_bridge_interfaces/srv/detail/move_absolute__type_support.c.o[0m
[ 57%] [32mBuilding C object CMakeFiles/epos2_bridge_interfaces__rosidl_typesupport_introspection_c.dir/rosidl_typesupport_introspection_c/epos2_bridge_interfaces/srv/detail/move_delta__type_support.c.o[0m
[ 59%] [32mBuilding C object CMakeFiles/epos2_bridge_interfaces__rosidl_typesupport_introspection_c.dir/rosidl_typesupport_introspection_c/epos2_bridge_interfaces/srv/detail/move_absolute_timed__type_support.c.o[0m
[ 59%] Built target epos2_bridge_interfaces__rosidl_typesupport_c
[ 61%] [32m[1mLinking C shared library libepos2_bridge_interfaces__rosidl_typesupport_introspection_c.so[0m
[ 66%] [32mBuilding CXX object CMakeFiles/epos2_bridge_interfaces__rosidl_typesupport_fastrtps_cpp.dir/rosidl_typesupport_fastrtps_cpp/epos2_bridge_interfaces/srv/detail/dds_fastrtps/move_absolute_timed__type_support.cpp.o[0m
[ 66%] [32mBuilding CXX object CMakeFiles/epos2_bridge_interfaces__rosidl_typesupport_fastrtps_cpp.dir/rosidl_typesupport_fastrtps_cpp/epos2_bridge_interfaces/srv/detail/dds_fastrtps/move_delta__type_support.cpp.o[0m
[ 66%] [32mBuilding CXX object CMakeFiles/epos2_bridge_interfaces__rosidl_typesupport_fastrtps_cpp.dir/rosidl_typesupport_fastrtps_cpp/epos2_bridge_interfaces/srv/detail/dds_fastrtps/move_absolute__type_support.cpp.o[0m
[ 66%] Built target epos2_bridge_interfaces__rosidl_typesupport_introspection_c
[ 70%] [32mBuilding CXX object CMakeFiles/epos2_bridge_interfaces__rosidl_typesupport_fastrtps_c.dir/rosidl_typesupport_fastrtps_c/epos2_bridge_interfaces/srv/detail/move_absolute_timed__type_support_c.cpp.o[0m
[ 70%] [32mBuilding CXX object CMakeFiles/epos2_bridge_interfaces__rosidl_typesupport_fastrtps_c.dir/rosidl_typesupport_fastrtps_c/epos2_bridge_interfaces/srv/detail/move_delta__type_support_c.cpp.o[0m
[ 72%] [32mBuilding CXX object CMakeFiles/epos2_bridge_interfaces__rosidl_typesupport_fastrtps_c.dir/rosidl_typesupport_fastrtps_c/epos2_bridge_interfaces/srv/detail/move_absolute__type_support_c.cpp.o[0m
[ 74%] [32m[1mLinking CXX shared library libepos2_bridge_interfaces__rosidl_typesupport_introspection_cpp.so[0m
[ 75%] [32m[1mLinking CXX shared library libepos2_bridge_interfaces__rosidl_typesupport_cpp.so[0m
[ 75%] Built target epos2_bridge_interfaces__rosidl_typesupport_introspection_cpp
[ 75%] Built target epos2_bridge_interfaces__rosidl_typesupport_cpp
[ 77%] [32m[1mLinking CXX shared library libepos2_bridge_interfaces__rosidl_typesupport_fastrtps_c.so[0m
[ 77%] Built target epos2_bridge_interfaces__rosidl_typesupport_fastrtps_c
[ 79%] [32m[1mLinking CXX shared library libepos2_bridge_interfaces__rosidl_typesupport_fastrtps_cpp.so[0m
[ 79%] Built target epos2_bridge_interfaces__rosidl_typesupport_fastrtps_cpp
[ 79%] Built target epos2_bridge_interfaces
[ 81%] [34m[1mGenerating Python code for ROS interfaces[0m
[ 81%] Built target epos2_bridge_interfaces__py
[ 83%] [32mBuilding C object CMakeFiles/epos2_bridge_interfaces__rosidl_generator_py.dir/rosidl_generator_py/epos2_bridge_interfaces/srv/_move_delta_s.c.o[0m
[ 85%] [32mBuilding C object CMakeFiles/epos2_bridge_interfaces__rosidl_generator_py.dir/rosidl_generator_py/epos2_bridge_interfaces/srv/_move_absolute_s.c.o[0m
[ 87%] [32mBuilding C object CMakeFiles/epos2_bridge_interfaces__rosidl_generator_py.dir/rosidl_generator_py/epos2_bridge_interfaces/srv/_move_absolute_timed_s.c.o[0m
[ 88%] [32m[1mLinking C shared library libepos2_bridge_interfaces__rosidl_generator_py.so[0m
[ 88%] Built target epos2_bridge_interfaces__rosidl_generator_py
[ 90%] [32mBuilding C object CMakeFiles/epos2_bridge_interfaces_s__rosidl_typesupport_fastrtps_c.dir/rosidl_generator_py/epos2_bridge_interfaces/_epos2_bridge_interfaces_s.ep.rosidl_typesupport_fastrtps_c.c.o[0m
[ 92%] [32mBuilding C object CMakeFiles/epos2_bridge_interfaces_s__rosidl_typesupport_c.dir/rosidl_generator_py/epos2_bridge_interfaces/_epos2_bridge_interfaces_s.ep.rosidl_typesupport_c.c.o[0m
[ 94%] [32mBuilding C object CMakeFiles/epos2_bridge_interfaces_s__rosidl_typesupport_introspection_c.dir/rosidl_generator_py/epos2_bridge_interfaces/_epos2_bridge_interfaces_s.ep.rosidl_typesupport_introspection_c.c.o[0m
[100%] [32m[1mLinking C shared module rosidl_generator_py/epos2_bridge_interfaces/epos2_bridge_interfaces_s__rosidl_typesupport_fastrtps_c.so[0m
[100%] [32m[1mLinking C shared module rosidl_generator_py/epos2_bridge_interfaces/epos2_bridge_interfaces_s__rosidl_typesupport_introspection_c.so[0m
[100%] [32m[1mLinking C shared module rosidl_generator_py/epos2_bridge_interfaces/epos2_bridge_interfaces_s__rosidl_typesupport_c.so[0m
[100%] Built target epos2_bridge_interfaces_s__rosidl_typesupport_introspection_c
[100%] Built target epos2_bridge_interfaces_s__rosidl_typesupport_c
[100%] Built target epos2_bridge_interfaces_s__rosidl_typesupport_fastrtps_c
-- Install configuration: ""
-- Execute custom install script
-- Up-to-date symlink: /home/robotics-club/agrobot_ws/install/epos2_bridge_interfaces/share/ament_index/resource_index/rosidl_interfaces/epos2_bridge_interfaces
-- Up-to-date symlink: /home/robotics-club/agrobot_ws/install/epos2_bridge_interfaces/share/epos2_bridge_interfaces/srv/MoveDelta.json
-- Up-to-date symlink: /home/robotics-club/agrobot_ws/install/epos2_bridge_interfaces/share/epos2_bridge_interfaces/srv/MoveAbsolute.json
-- Symlinking: /home/robotics-club/agrobot_ws/install/epos2_bridge_interfaces/share/epos2_bridge_interfaces/srv/MoveAbsoluteTimed.json
-- Up-to-date symlink: /home/robotics-club/agrobot_ws/install/epos2_bridge_interfaces/include/epos2_bridge_interfaces/epos2_bridge_interfaces/msg/rosidl_generator_c__visibility_control.h
-- Up-to-date symlink: /home/robotics-club/agrobot_ws/install/epos2_bridge_interfaces/include/epos2_bridge_interfaces/epos2_bridge_interfaces/srv/detail/move_absolute__functions.h
-- Up-to-date symlink: /home/robotics-club/agrobot_ws/install/epos2_bridge_interfaces/include/epos2_bridge_interfaces/epos2_bridge_interfaces/srv/detail/move_absolute__struct.h
-- Up-to-date symlink: /home/robotics-club/agrobot_ws/install/epos2_bridge_interfaces/include/epos2_bridge_interfaces/epos2_bridge_interfaces/srv/detail/move_absolute__type_support.h
-- Symlinking: /home/robotics-club/agrobot_ws/install/epos2_bridge_interfaces/include/epos2_bridge_interfaces/epos2_bridge_interfaces/srv/detail/move_absolute_timed__functions.h
-- Symlinking: /home/robotics-club/agrobot_ws/install/epos2_bridge_interfaces/include/epos2_bridge_interfaces/epos2_bridge_interfaces/srv/detail/move_absolute_timed__struct.h
-- Symlinking: /home/robotics-club/agrobot_ws/install/epos2_bridge_interfaces/include/epos2_bridge_interfaces/epos2_bridge_interfaces/srv/detail/move_absolute_timed__type_support.h
-- Up-to-date symlink: /home/robotics-club/agrobot_ws/install/epos2_bridge_interfaces/include/epos2_bridge_interfaces/epos2_bridge_interfaces/srv/detail/move_delta__functions.h
-- Up-to-date symlink: /home/robotics-club/agrobot_ws/install/epos2_bridge_interfaces/include/epos2_bridge_interfaces/epos2_bridge_interfaces/srv/detail/move_delta__struct.h
-- Up-to-date symlink: /home/robotics-club/agrobot_ws/install/epos2_bridge_interfaces/include/epos2_bridge_interfaces/epos2_bridge_interfaces/srv/detail/move_delta__type_support.h
-- Up-to-date symlink: /home/robotics-club/agrobot_ws/install/epos2_bridge_interfaces/include/epos2_bridge_interfaces/epos2_bridge_interfaces/srv/move_absolute.h
-- Symlinking: /home/robotics-club/agrobot_ws/install/epos2_bridge_interfaces/include/epos2_bridge_interfaces/epos2_bridge_interfaces/srv/move_absolute_timed.h
-- Up-to-date symlink: /home/robotics-club/agrobot_ws/install/epos2_bridge_interfaces/include/epos2_bridge_interfaces/epos2_bridge_interfaces/srv/move_delta.h
-- Up-to-date symlink: /home/robotics-club/agrobot_ws/install/epos2_bridge_interfaces/share/epos2_bridge_interfaces/environment/library_path.sh
-- Up-to-date symlink: /home/robotics-club/agrobot_ws/install/epos2_bridge_interfaces/share/epos2_bridge_interfaces/environment/library_path.dsv
-- Up-to-date symlink: /home/robotics-club/agrobot_ws/install/epos2_bridge_interfaces/include/epos2_bridge_interfaces/epos2_bridge_interfaces/msg/rosidl_typesupport_fastrtps_c__visibility_control.h
-- Up-to-date symlink: /home/robotics-club/agrobot_ws/install/epos2_bridge_interfaces/include/epos2_bridge_interfaces/epos2_bridge_interfaces/srv/detail/move_absolute__rosidl_typesupport_fastrtps_c.h
-- Symlinking: /home/robotics-club/agrobot_ws/install/epos2_bridge_interfaces/include/epos2_bridge_interfaces/epos2_bridge_interfaces/srv/detail/move_absolute_timed__rosidl_typesupport_fastrtps_c.h
-- Up-to-date symlink: /home/robotics-club/agrobot_ws/install/epos2_bridge_interfaces/include/epos2_bridge_interfaces/epos2_bridge_interfaces/srv/detail/move_delta__rosidl_typesupport_fastrtps_c.h
-- Up-to-date symlink: /home/robotics-club/agrobot_ws/install/epos2_bridge_interfaces/include/epos2_bridge_interfaces/epos2_bridge_interfaces/msg/rosidl_typesupport_introspection_c__visibility_control.h
-- Up-to-date symlink: /home/robotics-club/agrobot_ws/install/epos2_bridge_interfaces/include/epos2_bridge_interfaces/epos2_bridge_interfaces/srv/detail/move_absolute__rosidl_typesupport_introspection_c.h
-- Symlinking: /home/robotics-club/agrobot_ws/install/epos2_bridge_interfaces/include/epos2_bridge_interfaces/epos2_bridge_interfaces/srv/detail/move_absolute_timed__rosidl_typesupport_introspection_c.h
-- Up-to-date symlink: /home/robotics-club/agrobot_ws/install/epos2_bridge_interfaces/include/epos2_bridge_interfaces/epos2_bridge_interfaces/srv/detail/move_delta__rosidl_typesupport_introspection_c.h
-- Up-to-date symlink: /home/robotics-club/agrobot_ws/install/epos2_bridge_interfaces/include/epos2_bridge_interfaces/epos2_bridge_interfaces/msg/rosidl_generator_cpp__visibility_control.hpp
-- Up-to-date symlink: /home/robotics-club/agrobot_ws/install/epos2_bridge_interfaces/include/epos2_bridge_interfaces/epos2_bridge_interfaces/srv/detail/move_absolute__builder.hpp
-- Up-to-date symlink: /home/robotics-club/agrobot_ws/install/epos2_bridge_interfaces/include/epos2_bridge_interfaces/epos2_bridge_interfaces/srv/detail/move_absolute__struct.hpp
-- Up-to-date symlink: /home/robotics-club/agrobot_ws/install/epos2_bridge_interfaces/include/epos2_bridge_interfaces/epos2_bridge_interfaces/srv/detail/move_absolute__traits.hpp
-- Up-to-date symlink: /home/robotics-club/agrobot_ws/install/epos2_bridge_interfaces/include/epos2_bridge_interfaces/epos2_bridge_interfaces/srv/detail/move_absolute__type_support.hpp
-- Symlinking: /home/robotics-club/agrobot_ws/install/epos2_bridge_interfaces/include/epos2_bridge_interfaces/epos2_bridge_interfaces/srv/detail/move_absolute_timed__builder.hpp
-- Symlinking: /home/robotics-club/agrobot_ws/install/epos2_bridge_interfaces/include/epos2_bridge_interfaces/epos2_bridge_interfaces/srv/detail/move_absolute_timed__struct.hpp
-- Symlinking: /home/robotics-club/agrobot_ws/install/epos2_bridge_interfaces/include/epos2_bridge_interfaces/epos2_bridge_interfaces/srv/detail/move_absolute_timed__traits.hpp
-- Symlinking: /home/robotics-club/agrobot_ws/install/epos2_bridge_interfaces/include/epos2_bridge_interfaces/epos2_bridge_interfaces/srv/detail/move_absolute_timed__type_support.hpp
-- Up-to-date symlink: /home/robotics-club/agrobot_ws/install/epos2_bridge_interfaces/include/epos2_bridge_interfaces/epos2_bridge_interfaces/srv/detail/move_delta__builder.hpp
-- Up-to-date symlink: /home/robotics-club/agrobot_ws/install/epos2_bridge_interfaces/include/epos2_bridge_interfaces/epos2_bridge_interfaces/srv/detail/move_delta__struct.hpp
-- Up-to-date symlink: /home/robotics-club/agrobot_ws/install/epos2_bridge_interfaces/include/epos2_bridge_interfaces/epos2_bridge_interfaces/srv/detail/move_delta__traits.hpp
-- Up-to-date symlink: /home/robotics-club/agrobot_ws/install/epos2_bridge_interfaces/include/epos2_bridge_interfaces/epos2_bridge_interfaces/srv/detail/move_delta__type_support.hpp
-- Up-to-date symlink: /home/robotics-club/agrobot_ws/install/epos2_bridge_interfaces/include/epos2_bridge_interfaces/epos2_bridge_interfaces/srv/move_absolute.hpp
-- Symlinking: /home/robotics-club/agrobot_ws/install/epos2_bridge_interfaces/include/epos2_bridge_interfaces/epos2_bridge_interfaces/srv/move_absolute_timed.hpp
-- Up-to-date symlink: /home/robotics-club/agrobot_ws/install/epos2_bridge_interfaces/include/epos2_bridge_interfaces/epos2_bridge_interfaces/srv/move_delta.hpp
-- Up-to-date symlink: /home/robotics-club/agrobot_ws/install/epos2_bridge_interfaces/include/epos2_bridge_interfaces/epos2_bridge_interfaces/msg/rosidl_typesupport_fastrtps_cpp__visibility_control.h
-- Up-to-date symlink: /home/robotics-club/agrobot_ws/install/epos2_bridge_interfaces/include/epos2_bridge_interfaces/epos2_bridge_interfaces/srv/detail/move_absolute__rosidl_typesupport_fastrtps_cpp.hpp
-- Symlinking: /home/robotics-club/agrobot_ws/install/epos2_bridge_interfaces/include/epos2_bridge_interfaces/epos2_bridge_interfaces/srv/detail/move_absolute_timed__rosidl_typesupport_fastrtps_cpp.hpp
-- Up-to-date symlink: /home/robotics-club/agrobot_ws/install/epos2_bridge_interfaces/include/epos2_bridge_interfaces/epos2_bridge_interfaces/srv/detail/move_delta__rosidl_typesupport_fastrtps_cpp.hpp
-- Up-to-date symlink: /home/robotics-club/agrobot_ws/install/epos2_bridge_interfaces/include/epos2_bridge_interfaces/epos2_bridge_interfaces/srv/detail/move_absolute__rosidl_typesupport_introspection_cpp.hpp
-- Symlinking: /home/robotics-club/agrobot_ws/install/epos2_bridge_interfaces/include/epos2_bridge_interfaces/epos2_bridge_interfaces/srv/detail/move_absolute_timed__rosidl_typesupport_introspection_cpp.hpp
-- Up-to-date symlink: /home/robotics-club/agrobot_ws/install/epos2_bridge_interfaces/include/epos2_bridge_interfaces/epos2_bridge_interfaces/srv/detail/move_delta__rosidl_typesupport_introspection_cpp.hpp
-- Up-to-date symlink: /home/robotics-club/agrobot_ws/install/epos2_bridge_interfaces/share/epos2_bridge_interfaces/environment/pythonpath.sh
-- Up-to-date symlink: /home/robotics-club/agrobot_ws/install/epos2_bridge_interfaces/share/epos2_bridge_interfaces/environment/pythonpath.dsv
-- Up-to-date symlink: /home/robotics-club/agrobot_ws/install/epos2_bridge_interfaces/lib/python3.12/site-packages/epos2_bridge_interfaces-0.0.1-py3.12.egg-info/PKG-INFO
-- Up-to-date symlink: /home/robotics-club/agrobot_ws/install/epos2_bridge_interfaces/lib/python3.12/site-packages/epos2_bridge_interfaces-0.0.1-py3.12.egg-info/SOURCES.txt
-- Up-to-date symlink: /home/robotics-club/agrobot_ws/install/epos2_bridge_interfaces/lib/python3.12/site-packages/epos2_bridge_interfaces-0.0.1-py3.12.egg-info/dependency_links.txt
-- Up-to-date symlink: /home/robotics-club/agrobot_ws/install/epos2_bridge_interfaces/lib/python3.12/site-packages/epos2_bridge_interfaces-0.0.1-py3.12.egg-info/top_level.txt
-- Up-to-date symlink: /home/robotics-club/agrobot_ws/install/epos2_bridge_interfaces/lib/python3.12/site-packages/epos2_bridge_interfaces/__init__.py
-- Up-to-date symlink: /home/robotics-club/agrobot_ws/install/epos2_bridge_interfaces/lib/python3.12/site-packages/epos2_bridge_interfaces/_epos2_bridge_interfaces_s.ep.rosidl_typesupport_c.c
-- Up-to-date symlink: /home/robotics-club/agrobot_ws/install/epos2_bridge_interfaces/lib/python3.12/site-packages/epos2_bridge_interfaces/_epos2_bridge_interfaces_s.ep.rosidl_typesupport_fastrtps_c.c
-- Up-to-date symlink: /home/robotics-club/agrobot_ws/install/epos2_bridge_interfaces/lib/python3.12/site-packages/epos2_bridge_interfaces/_epos2_bridge_interfaces_s.ep.rosidl_typesupport_introspection_c.c
-- Up-to-date symlink: /home/robotics-club/agrobot_ws/install/epos2_bridge_interfaces/lib/python3.12/site-packages/epos2_bridge_interfaces/epos2_bridge_interfaces_s__rosidl_typesupport_c.so
-- Up-to-date symlink: /home/robotics-club/agrobot_ws/install/epos2_bridge_interfaces/lib/python3.12/site-packages/epos2_bridge_interfaces/epos2_bridge_interfaces_s__rosidl_typesupport_fastrtps_c.so
-- Up-to-date symlink: /home/robotics-club/agrobot_ws/install/epos2_bridge_interfaces/lib/python3.12/site-packages/epos2_bridge_interfaces/epos2_bridge_interfaces_s__rosidl_typesupport_introspection_c.so
-- Up-to-date symlink: /home/robotics-club/agrobot_ws/install/epos2_bridge_interfaces/lib/python3.12/site-packages/epos2_bridge_interfaces/srv/__init__.py
-- Up-to-date symlink: /home/robotics-club/agrobot_ws/install/epos2_bridge_interfaces/lib/python3.12/site-packages/epos2_bridge_interfaces/srv/_move_absolute.py
-- Up-to-date symlink: /home/robotics-club/agrobot_ws/install/epos2_bridge_interfaces/lib/python3.12/site-packages/epos2_bridge_interfaces/srv/_move_absolute_s.c
-- Symlinking: /home/robotics-club/agrobot_ws/install/epos2_bridge_interfaces/lib/python3.12/site-packages/epos2_bridge_interfaces/srv/_move_absolute_timed.py
-- Symlinking: /home/robotics-club/agrobot_ws/install/epos2_bridge_interfaces/lib/python3.12/site-packages/epos2_bridge_interfaces/srv/_move_absolute_timed_s.c
-- Up-to-date symlink: /home/robotics-club/agrobot_ws/install/epos2_bridge_interfaces/lib/python3.12/site-packages/epos2_bridge_interfaces/srv/_move_delta.py
-- Up-to-date symlink: /home/robotics-club/agrobot_ws/install/epos2_bridge_interfaces/lib/python3.12/site-packages/epos2_bridge_interfaces/srv/_move_delta_s.c
-- Up-to-date symlink: /home/robotics-club/agrobot_ws/install/epos2_bridge_interfaces/lib/python3.12/site-packages/epos2_bridge_interfaces/epos2_bridge_interfaces_s__rosidl_typesupport_fastrtps_c.so
-- Up-to-date symlink: /home/robotics-club/agrobot_ws/install/epos2_bridge_interfaces/lib/python3.12/site-packages/epos2_bridge_interfaces/epos2_bridge_interfaces_s__rosidl_typesupport_introspection_c.so
-- Up-to-date symlink: /home/robotics-club/agrobot_ws/install/epos2_bridge_interfaces/lib/python3.12/site-packages/epos2_bridge_interfaces/epos2_bridge_interfaces_s__rosidl_typesupport_c.so
-- Up-to-date symlink: /home/robotics-club/agrobot_ws/install/epos2_bridge_interfaces/share/epos2_bridge_interfaces/srv/MoveDelta.idl
-- Up-to-date symlink: /home/robotics-club/agrobot_ws/install/epos2_bridge_interfaces/share/epos2_bridge_interfaces/srv/MoveAbsolute.idl
-- Symlinking: /home/robotics-club/agrobot_ws/install/epos2_bridge_interfaces/share/epos2_bridge_interfaces/srv/MoveAbsoluteTimed.idl
-- Up-to-date symlink: /home/robotics-club/agrobot_ws/install/epos2_bridge_interfaces/share/epos2_bridge_interfaces/srv/MoveDelta.srv
-- Up-to-date symlink: /home/robotics-club/agrobot_ws/install/epos2_bridge_interfaces/share/epos2_bridge_interfaces/srv/MoveAbsolute.srv
-- Symlinking: /home/robotics-club/agrobot_ws/install/epos2_bridge_interfaces/share/epos2_bridge_interfaces/srv/MoveAbsoluteTimed.srv
-- Up-to-date symlink: /home/robotics-club/agrobot_ws/install/epos2_bridge_interfaces/share/ament_index/resource_index/package_run_dependencies/epos2_bridge_interfaces
-- Up-to-date symlink: /home/robotics-club/agrobot_ws/install/epos2_bridge_interfaces/share/ament_index/resource_index/parent_prefix_path/epos2_bridge_interfaces
-- Up-to-date symlink: /home/robotics-club/agrobot_ws/install/epos2_bridge_interfaces/share/epos2_bridge_interfaces/environment/ament_prefix_path.sh
-- Up-to-date symlink: /home/robotics-club/agrobot_ws/install/epos2_bridge_interfaces/share/epos2_bridge_interfaces/environment/ament_prefix_path.dsv
-- Up-to-date symlink: /home/robotics-club/agrobot_ws/install/epos2_bridge_interfaces/share/epos2_bridge_interfaces/environment/path.sh
-- Up-to-date symlink: /home/robotics-club/agrobot_ws/install/epos2_bridge_interfaces/share/epos2_bridge_interfaces/environment/path.dsv
-- Up-to-date symlink: /home/robotics-club/agrobot_ws/install/epos2_bridge_interfaces/share/epos2_bridge_interfaces/local_setup.bash
-- Up-to-date symlink: /home/robotics-club/agrobot_ws/install/epos2_bridge_interfaces/share/epos2_bridge_interfaces/local_setup.sh
-- Up-to-date symlink: /home/robotics-club/agrobot_ws/install/epos2_bridge_interfaces/share/epos2_bridge_interfaces/local_setup.zsh
-- Up-to-date symlink: /home/robotics-club/agrobot_ws/install/epos2_bridge_interfaces/share/epos2_bridge_interfaces/local_setup.dsv
-- Symlinking: /home/robotics-club/agrobot_ws/install/epos2_bridge_interfaces/share/epos2_bridge_interfaces/package.dsv
-- Up-to-date symlink: /home/robotics-club/agrobot_ws/install/epos2_bridge_interfaces/share/ament_index/resource_index/packages/epos2_bridge_interfaces
-- Up-to-date symlink: /home/robotics-club/agrobot_ws/install/epos2_bridge_interfaces/share/epos2_bridge_interfaces/cmake/rosidl_cmake-extras.cmake
-- Up-to-date symlink: /home/robotics-club/agrobot_ws/install/epos2_bridge_interfaces/share/epos2_bridge_interfaces/cmake/ament_cmake_export_dependencies-extras.cmake
-- Up-to-date symlink: /home/robotics-club/agrobot_ws/install/epos2_bridge_interfaces/share/epos2_bridge_interfaces/cmake/ament_cmake_export_include_directories-extras.cmake
-- Up-to-date symlink: /home/robotics-club/agrobot_ws/install/epos2_bridge_interfaces/share/epos2_bridge_interfaces/cmake/ament_cmake_export_libraries-extras.cmake
-- Up-to-date symlink: /home/robotics-club/agrobot_ws/install/epos2_bridge_interfaces/share/epos2_bridge_interfaces/cmake/ament_cmake_export_targets-extras.cmake
-- Up-to-date symlink: /home/robotics-club/agrobot_ws/install/epos2_bridge_interfaces/share/epos2_bridge_interfaces/cmake/rosidl_cmake_export_typesupport_targets-extras.cmake
-- Up-to-date symlink: /home/robotics-club/agrobot_ws/install/epos2_bridge_interfaces/share/epos2_bridge_interfaces/cmake/rosidl_cmake_export_typesupport_libraries-extras.cmake
-- Up-to-date symlink: /home/robotics-club/agrobot_ws/install/epos2_bridge_interfaces/share/epos2_bridge_interfaces/cmake/epos2_bridge_interfacesConfig.cmake
-- Up-to-date symlink: /home/robotics-club/agrobot_ws/install/epos2_bridge_interfaces/share/epos2_bridge_interfaces/cmake/epos2_bridge_interfacesConfig-version.cmake
-- Up-to-date symlink: /home/robotics-club/agrobot_ws/install/epos2_bridge_interfaces/share/epos2_bridge_interfaces/package.xml
-- Installing: /home/robotics-club/agrobot_ws/install/epos2_bridge_interfaces/lib/libepos2_bridge_interfaces__rosidl_generator_c.so
-- Set non-toolchain portion of runtime path of "/home/robotics-club/agrobot_ws/install/epos2_bridge_interfaces/lib/libepos2_bridge_interfaces__rosidl_generator_c.so" to ""
-- Installing: /home/robotics-club/agrobot_ws/install/epos2_bridge_interfaces/lib/libepos2_bridge_interfaces__rosidl_typesupport_fastrtps_c.so
-- Set non-toolchain portion of runtime path of "/home/robotics-club/agrobot_ws/install/epos2_bridge_interfaces/lib/libepos2_bridge_interfaces__rosidl_typesupport_fastrtps_c.so" to ""
-- Installing: /home/robotics-club/agrobot_ws/install/epos2_bridge_interfaces/lib/libepos2_bridge_interfaces__rosidl_typesupport_introspection_c.so
-- Set non-toolchain portion of runtime path of "/home/robotics-club/agrobot_ws/install/epos2_bridge_interfaces/lib/libepos2_bridge_interfaces__rosidl_typesupport_introspection_c.so" to ""
-- Installing: /home/robotics-club/agrobot_ws/install/epos2_bridge_interfaces/lib/libepos2_bridge_interfaces__rosidl_typesupport_c.so
-- Set non-toolchain portion of runtime path of "/home/robotics-club/agrobot_ws/install/epos2_bridge_interfaces/lib/libepos2_bridge_interfaces__rosidl_typesupport_c.so" to ""
-- Installing: /home/robotics-club/agrobot_ws/install/epos2_bridge_interfaces/lib/libepos2_bridge_interfaces__rosidl_typesupport_fastrtps_cpp.so
-- Set non-toolchain portion of runtime path of "/home/robotics-club/agrobot_ws/install/epos2_bridge_interfaces/lib/libepos2_bridge_interfaces__rosidl_typesupport_fastrtps_cpp.so" to ""
-- Installing: /home/robotics-club/agrobot_ws/install/epos2_bridge_interfaces/lib/libepos2_bridge_interfaces__rosidl_typesupport_introspection_cpp.so
-- Set non-toolchain portion of runtime path of "/home/robotics-club/agrobot_ws/install/epos2_bridge_interfaces/lib/libepos2_bridge_interfaces__rosidl_typesupport_introspection_cpp.so" to ""
-- Installing: /home/robotics-club/agrobot_ws/install/epos2_bridge_interfaces/lib/libepos2_bridge_interfaces__rosidl_typesupport_cpp.so
-- Set non-toolchain portion of runtime path of "/home/robotics-club/agrobot_ws/install/epos2_bridge_interfaces/lib/libepos2_bridge_interfaces__rosidl_typesupport_cpp.so" to ""
Listing '/home/robotics-club/agrobot_ws/install/epos2_bridge_interfaces/lib/python3.12/site-packages/epos2_bridge_interfaces'...
Compiling '/home/robotics-club/agrobot_ws/install/epos2_bridge_interfaces/lib/python3.12/site-packages/epos2_bridge_interfaces/__init__.py'...
Listing '/home/robotics-club/agrobot_ws/install/epos2_bridge_interfaces/lib/python3.12/site-packages/epos2_bridge_interfaces/srv'...
Compiling '/home/robotics-club/agrobot_ws/install/epos2_bridge_interfaces/lib/python3.12/site-packages/epos2_bridge_interfaces/srv/__init__.py'...
Compiling '/home/robotics-club/agrobot_ws/install/epos2_bridge_interfaces/lib/python3.12/site-packages/epos2_bridge_interfaces/srv/_move_absolute.py'...
Compiling '/home/robotics-club/agrobot_ws/install/epos2_bridge_interfaces/lib/python3.12/site-packages/epos2_bridge_interfaces/srv/_move_absolute_timed.py'...
Compiling '/home/robotics-club/agrobot_ws/install/epos2_bridge_interfaces/lib/python3.12/site-packages/epos2_bridge_interfaces/srv/_move_delta.py'...
-- Installing: /home/robotics-club/agrobot_ws/install/epos2_bridge_interfaces/lib/libepos2_bridge_interfaces__rosidl_generator_py.so
-- Set non-toolchain portion of runtime path of "/home/robotics-club/agrobot_ws/install/epos2_bridge_interfaces/lib/libepos2_bridge_interfaces__rosidl_generator_py.so" to ""
-- Up-to-date: /home/robotics-club/agrobot_ws/install/epos2_bridge_interfaces/share/epos2_bridge_interfaces/cmake/export_epos2_bridge_interfaces__rosidl_generator_cExport.cmake
-- Up-to-date: /home/robotics-club/agrobot_ws/install/epos2_bridge_interfaces/share/epos2_bridge_interfaces/cmake/export_epos2_bridge_interfaces__rosidl_generator_cExport-noconfig.cmake
-- Up-to-date: /home/robotics-club/agrobot_ws/install/epos2_bridge_interfaces/share/epos2_bridge_interfaces/cmake/export_epos2_bridge_interfaces__rosidl_typesupport_fastrtps_cExport.cmake
-- Up-to-date: /home/robotics-club/agrobot_ws/install/epos2_bridge_interfaces/share/epos2_bridge_interfaces/cmake/export_epos2_bridge_interfaces__rosidl_typesupport_fastrtps_cExport-noconfig.cmake
-- Up-to-date: /home/robotics-club/agrobot_ws/install/epos2_bridge_interfaces/share/epos2_bridge_interfaces/cmake/epos2_bridge_interfaces__rosidl_typesupport_introspection_cExport.cmake
-- Up-to-date: /home/robotics-club/agrobot_ws/install/epos2_bridge_interfaces/share/epos2_bridge_interfaces/cmake/epos2_bridge_interfaces__rosidl_typesupport_introspection_cExport-noconfig.cmake
-- Up-to-date: /home/robotics-club/agrobot_ws/install/epos2_bridge_interfaces/share/epos2_bridge_interfaces/cmake/epos2_bridge_interfaces__rosidl_typesupport_cExport.cmake
-- Up-to-date: /home/robotics-club/agrobot_ws/install/epos2_bridge_interfaces/share/epos2_bridge_interfaces/cmake/epos2_bridge_interfaces__rosidl_typesupport_cExport-noconfig.cmake
-- Up-to-date: /home/robotics-club/agrobot_ws/install/epos2_bridge_interfaces/share/epos2_bridge_interfaces/cmake/export_epos2_bridge_interfaces__rosidl_generator_cppExport.cmake
-- Up-to-date: /home/robotics-club/agrobot_ws/install/epos2_bridge_interfaces/share/epos2_bridge_interfaces/cmake/export_epos2_bridge_interfaces__rosidl_typesupport_fastrtps_cppExport.cmake
-- Up-to-date: /home/robotics-club/agrobot_ws/install/epos2_bridge_interfaces/share/epos2_bridge_interfaces/cmake/export_epos2_bridge_interfaces__rosidl_typesupport_fastrtps_cppExport-noconfig.cmake
-- Up-to-date: /home/robotics-club/agrobot_ws/install/epos2_bridge_interfaces/share/epos2_bridge_interfaces/cmake/epos2_bridge_interfaces__rosidl_typesupport_introspection_cppExport.cmake
-- Up-to-date: /home/robotics-club/agrobot_ws/install/epos2_bridge_interfaces/share/epos2_bridge_interfaces/cmake/epos2_bridge_interfaces__rosidl_typesupport_introspection_cppExport-noconfig.cmake
-- Up-to-date: /home/robotics-club/agrobot_ws/install/epos2_bridge_interfaces/share/epos2_bridge_interfaces/cmake/epos2_bridge_interfaces__rosidl_typesupport_cppExport.cmake
-- Up-to-date: /home/robotics-club/agrobot_ws/install/epos2_bridge_interfaces/share/epos2_bridge_interfaces/cmake/epos2_bridge_interfaces__rosidl_typesupport_cppExport-noconfig.cmake
-- Up-to-date: /home/robotics-club/agrobot_ws/install/epos2_bridge_interfaces/share/epos2_bridge_interfaces/cmake/export_epos2_bridge_interfaces__rosidl_generator_pyExport.cmake
-- Up-to-date: /home/robotics-club/agrobot_ws/install/epos2_bridge_interfaces/share/epos2_bridge_interfaces/cmake/export_epos2_bridge_interfaces__rosidl_generator_pyExport-noconfig.cmake
