[0.009s] Invoking command in '/home/robotics-club/agrobot_ws/build/epos2_bridge_interfaces': CMAKE_PREFIX_PATH=${CMAKE_PREFIX_PATH}:/home/robotics-club/agrobot_ws/install/epos2_bridge:/opt/ros/jazzy DEBUGINFOD_URLS=https://debuginfod.ubuntu.com /usr/bin/cmake --build /home/robotics-club/agrobot_ws/build/epos2_bridge_interfaces -- -j32 -l32
[0.026s] -- Found ament_cmake: 2.5.5 (/opt/ros/jazzy/share/ament_cmake/cmake)
[0.042s] -- Found Python3: /usr/bin/python3 (found version "3.12.3") found components: Interpreter 
[0.089s] -- Override CMake install command with custom implementation using symlinks instead of copying resources
[0.092s] -- Found rosidl_default_generators: 1.6.0 (/opt/ros/jazzy/share/rosidl_default_generators/cmake)
[0.094s] -- Using all available rosidl_typesupport_c: rosidl_typesupport_fastrtps_c;rosidl_typesupport_introspection_c
[0.110s] -- Using all available rosidl_typesupport_cpp: rosidl_typesupport_fastrtps_cpp;rosidl_typesupport_introspection_cpp
[0.123s] -- Found rosidl_adapter: 4.6.7 (/opt/ros/jazzy/share/rosidl_adapter/cmake)
[0.298s] -- Found ament_cmake_ros: 0.12.0 (/opt/ros/jazzy/share/ament_cmake_ros/cmake)
[0.364s] -- Using all available rosidl_typesupport_c: rosidl_typesupport_fastrtps_c;rosidl_typesupport_introspection_c
[0.442s] -- Using all available rosidl_typesupport_cpp: rosidl_typesupport_fastrtps_cpp;rosidl_typesupport_introspection_cpp
[0.443s] -- Found python_cmake_module: 0.11.1 (/opt/ros/jazzy/share/python_cmake_module/cmake)
[0.586s] -- Found Python3: /usr/bin/python3 (found version "3.12.3") found components: Interpreter Development NumPy Development.Module Development.Embed 
[0.595s] -- Configuring done (0.6s)
[0.611s] -- Generating done (0.0s)
[0.616s] -- Build files have been written to: /home/robotics-club/agrobot_ws/build/epos2_bridge_interfaces
[0.643s] [  1%] [34m[1mGenerating type hashes for ROS interfaces[0m
[0.651s] [  1%] Built target ament_cmake_python_symlink_epos2_bridge_interfaces
[0.749s] [  1%] Built target epos2_bridge_interfaces__rosidl_generator_type_description
[0.755s] [  3%] [34m[1mGenerating C code for ROS interfaces[0m
[0.765s] [  5%] [34m[1mGenerating C++ code for ROS interfaces[0m
[0.767s] running egg_info
[0.776s] writing epos2_bridge_interfaces.egg-info/PKG-INFO
[0.777s] writing dependency_links to epos2_bridge_interfaces.egg-info/dependency_links.txt
[0.777s] writing top-level names to epos2_bridge_interfaces.egg-info/top_level.txt
[0.806s] reading manifest file 'epos2_bridge_interfaces.egg-info/SOURCES.txt'
[0.806s] writing manifest file 'epos2_bridge_interfaces.egg-info/SOURCES.txt'
[0.825s] [  5%] Built target ament_cmake_python_build_epos2_bridge_interfaces_egg
[0.961s] [  5%] Built target epos2_bridge_interfaces__cpp
[0.980s] [ 18%] [32mBuilding C object CMakeFiles/epos2_bridge_interfaces__rosidl_generator_c.dir/rosidl_generator_c/epos2_bridge_interfaces/srv/detail/move_delta__description.c.o[0m
[0.980s] [ 18%] [32mBuilding C object CMakeFiles/epos2_bridge_interfaces__rosidl_generator_c.dir/rosidl_generator_c/epos2_bridge_interfaces/srv/detail/move_absolute__description.c.o[0m
[0.980s] [ 18%] [32mBuilding C object CMakeFiles/epos2_bridge_interfaces__rosidl_generator_c.dir/rosidl_generator_c/epos2_bridge_interfaces/srv/detail/move_absolute__type_support.c.o[0m
[0.980s] [ 18%] [32mBuilding C object CMakeFiles/epos2_bridge_interfaces__rosidl_generator_c.dir/rosidl_generator_c/epos2_bridge_interfaces/srv/detail/move_absolute__functions.c.o[0m
[0.980s] [ 18%] [32mBuilding C object CMakeFiles/epos2_bridge_interfaces__rosidl_generator_c.dir/rosidl_generator_c/epos2_bridge_interfaces/srv/detail/move_delta__functions.c.o[0m
[0.981s] [ 18%] [32mBuilding C object CMakeFiles/epos2_bridge_interfaces__rosidl_generator_c.dir/rosidl_generator_c/epos2_bridge_interfaces/srv/detail/move_delta__type_support.c.o[0m
[0.981s] [ 18%] [32mBuilding C object CMakeFiles/epos2_bridge_interfaces__rosidl_generator_c.dir/rosidl_generator_c/epos2_bridge_interfaces/srv/detail/move_absolute_timed__functions.c.o[0m
[0.981s] [ 20%] [32mBuilding C object CMakeFiles/epos2_bridge_interfaces__rosidl_generator_c.dir/rosidl_generator_c/epos2_bridge_interfaces/srv/detail/move_absolute_timed__description.c.o[0m
[0.981s] [ 22%] [32mBuilding C object CMakeFiles/epos2_bridge_interfaces__rosidl_generator_c.dir/rosidl_generator_c/epos2_bridge_interfaces/srv/detail/move_absolute_timed__type_support.c.o[0m
[1.025s] [ 24%] [32m[1mLinking C shared library libepos2_bridge_interfaces__rosidl_generator_c.so[0m
[1.051s] [ 24%] Built target epos2_bridge_interfaces__rosidl_generator_c
[1.058s] [ 27%] [34m[1mGenerating C type support dispatch for ROS interfaces[0m
[1.058s] [ 27%] [34m[1mGenerating C type support for eProsima Fast-RTPS[0m
[1.059s] [ 35%] [34m[1mGenerating C++ introspection for ROS interfaces[0m
[1.059s] [ 35%] [34m[1mGenerating C++ type support dispatch for ROS interfaces[0m
[1.059s] [ 35%] [34m[1mGenerating C++ type support for eProsima Fast-RTPS[0m
[1.059s] [ 35%] [34m[1mGenerating C introspection for ROS interfaces[0m
[1.215s] [ 40%] [32mBuilding CXX object CMakeFiles/epos2_bridge_interfaces__rosidl_typesupport_c.dir/rosidl_typesupport_c/epos2_bridge_interfaces/srv/move_absolute_timed__type_support.cpp.o[0m
[1.216s] [ 40%] [32mBuilding CXX object CMakeFiles/epos2_bridge_interfaces__rosidl_typesupport_c.dir/rosidl_typesupport_c/epos2_bridge_interfaces/srv/move_delta__type_support.cpp.o[0m
[1.216s] [ 40%] [32mBuilding CXX object CMakeFiles/epos2_bridge_interfaces__rosidl_typesupport_c.dir/rosidl_typesupport_c/epos2_bridge_interfaces/srv/move_absolute__type_support.cpp.o[0m
[1.217s] [ 46%] [32mBuilding CXX object CMakeFiles/epos2_bridge_interfaces__rosidl_typesupport_cpp.dir/rosidl_typesupport_cpp/epos2_bridge_interfaces/srv/move_absolute__type_support.cpp.o[0m
[1.217s] [ 46%] [32mBuilding CXX object CMakeFiles/epos2_bridge_interfaces__rosidl_typesupport_cpp.dir/rosidl_typesupport_cpp/epos2_bridge_interfaces/srv/move_absolute_timed__type_support.cpp.o[0m
[1.218s] [ 46%] [32mBuilding CXX object CMakeFiles/epos2_bridge_interfaces__rosidl_typesupport_cpp.dir/rosidl_typesupport_cpp/epos2_bridge_interfaces/srv/move_delta__type_support.cpp.o[0m
[1.233s] [ 48%] [32mBuilding CXX object CMakeFiles/epos2_bridge_interfaces__rosidl_typesupport_introspection_cpp.dir/rosidl_typesupport_introspection_cpp/epos2_bridge_interfaces/srv/detail/move_delta__type_support.cpp.o[0m
[1.233s] [ 50%] [32mBuilding CXX object CMakeFiles/epos2_bridge_interfaces__rosidl_typesupport_introspection_cpp.dir/rosidl_typesupport_introspection_cpp/epos2_bridge_interfaces/srv/detail/move_absolute__type_support.cpp.o[0m
[1.234s] [ 51%] [32mBuilding CXX object CMakeFiles/epos2_bridge_interfaces__rosidl_typesupport_introspection_cpp.dir/rosidl_typesupport_introspection_cpp/epos2_bridge_interfaces/srv/detail/move_absolute_timed__type_support.cpp.o[0m
[1.239s] [ 53%] [32m[1mLinking CXX shared library libepos2_bridge_interfaces__rosidl_typesupport_c.so[0m
[1.243s] [ 57%] [32mBuilding C object CMakeFiles/epos2_bridge_interfaces__rosidl_typesupport_introspection_c.dir/rosidl_typesupport_introspection_c/epos2_bridge_interfaces/srv/detail/move_absolute__type_support.c.o[0m
[1.243s] [ 57%] [32mBuilding C object CMakeFiles/epos2_bridge_interfaces__rosidl_typesupport_introspection_c.dir/rosidl_typesupport_introspection_c/epos2_bridge_interfaces/srv/detail/move_delta__type_support.c.o[0m
[1.245s] [ 59%] [32mBuilding C object CMakeFiles/epos2_bridge_interfaces__rosidl_typesupport_introspection_c.dir/rosidl_typesupport_introspection_c/epos2_bridge_interfaces/srv/detail/move_absolute_timed__type_support.c.o[0m
[1.269s] [ 59%] Built target epos2_bridge_interfaces__rosidl_typesupport_c
[1.276s] [ 61%] [32m[1mLinking C shared library libepos2_bridge_interfaces__rosidl_typesupport_introspection_c.so[0m
[1.291s] [ 66%] [32mBuilding CXX object CMakeFiles/epos2_bridge_interfaces__rosidl_typesupport_fastrtps_cpp.dir/rosidl_typesupport_fastrtps_cpp/epos2_bridge_interfaces/srv/detail/dds_fastrtps/move_absolute_timed__type_support.cpp.o[0m
[1.291s] [ 66%] [32mBuilding CXX object CMakeFiles/epos2_bridge_interfaces__rosidl_typesupport_fastrtps_cpp.dir/rosidl_typesupport_fastrtps_cpp/epos2_bridge_interfaces/srv/detail/dds_fastrtps/move_delta__type_support.cpp.o[0m
[1.291s] [ 66%] [32mBuilding CXX object CMakeFiles/epos2_bridge_interfaces__rosidl_typesupport_fastrtps_cpp.dir/rosidl_typesupport_fastrtps_cpp/epos2_bridge_interfaces/srv/detail/dds_fastrtps/move_absolute__type_support.cpp.o[0m
[1.297s] [ 66%] Built target epos2_bridge_interfaces__rosidl_typesupport_introspection_c
[1.301s] [ 70%] [32mBuilding CXX object CMakeFiles/epos2_bridge_interfaces__rosidl_typesupport_fastrtps_c.dir/rosidl_typesupport_fastrtps_c/epos2_bridge_interfaces/srv/detail/move_absolute_timed__type_support_c.cpp.o[0m
[1.301s] [ 70%] [32mBuilding CXX object CMakeFiles/epos2_bridge_interfaces__rosidl_typesupport_fastrtps_c.dir/rosidl_typesupport_fastrtps_c/epos2_bridge_interfaces/srv/detail/move_delta__type_support_c.cpp.o[0m
[1.302s] [ 72%] [32mBuilding CXX object CMakeFiles/epos2_bridge_interfaces__rosidl_typesupport_fastrtps_c.dir/rosidl_typesupport_fastrtps_c/epos2_bridge_interfaces/srv/detail/move_absolute__type_support_c.cpp.o[0m
[1.441s] [ 74%] [32m[1mLinking CXX shared library libepos2_bridge_interfaces__rosidl_typesupport_introspection_cpp.so[0m
[1.451s] [ 75%] [32m[1mLinking CXX shared library libepos2_bridge_interfaces__rosidl_typesupport_cpp.so[0m
[1.489s] [ 75%] Built target epos2_bridge_interfaces__rosidl_typesupport_introspection_cpp
[1.500s] [ 75%] Built target epos2_bridge_interfaces__rosidl_typesupport_cpp
[1.581s] [ 77%] [32m[1mLinking CXX shared library libepos2_bridge_interfaces__rosidl_typesupport_fastrtps_c.so[0m
[1.625s] [ 77%] Built target epos2_bridge_interfaces__rosidl_typesupport_fastrtps_c
[1.636s] [ 79%] [32m[1mLinking CXX shared library libepos2_bridge_interfaces__rosidl_typesupport_fastrtps_cpp.so[0m
[1.677s] [ 79%] Built target epos2_bridge_interfaces__rosidl_typesupport_fastrtps_cpp
[1.692s] [ 79%] Built target epos2_bridge_interfaces
[1.706s] [ 81%] [34m[1mGenerating Python code for ROS interfaces[0m
[1.982s] [ 81%] Built target epos2_bridge_interfaces__py
[1.994s] [ 83%] [32mBuilding C object CMakeFiles/epos2_bridge_interfaces__rosidl_generator_py.dir/rosidl_generator_py/epos2_bridge_interfaces/srv/_move_delta_s.c.o[0m
[1.995s] [ 85%] [32mBuilding C object CMakeFiles/epos2_bridge_interfaces__rosidl_generator_py.dir/rosidl_generator_py/epos2_bridge_interfaces/srv/_move_absolute_s.c.o[0m
[1.996s] [ 87%] [32mBuilding C object CMakeFiles/epos2_bridge_interfaces__rosidl_generator_py.dir/rosidl_generator_py/epos2_bridge_interfaces/srv/_move_absolute_timed_s.c.o[0m
[2.064s] [ 88%] [32m[1mLinking C shared library libepos2_bridge_interfaces__rosidl_generator_py.so[0m
[2.090s] [ 88%] Built target epos2_bridge_interfaces__rosidl_generator_py
[2.102s] [ 90%] [32mBuilding C object CMakeFiles/epos2_bridge_interfaces_s__rosidl_typesupport_fastrtps_c.dir/rosidl_generator_py/epos2_bridge_interfaces/_epos2_bridge_interfaces_s.ep.rosidl_typesupport_fastrtps_c.c.o[0m
[2.105s] [ 92%] [32mBuilding C object CMakeFiles/epos2_bridge_interfaces_s__rosidl_typesupport_c.dir/rosidl_generator_py/epos2_bridge_interfaces/_epos2_bridge_interfaces_s.ep.rosidl_typesupport_c.c.o[0m
[2.105s] [ 94%] [32mBuilding C object CMakeFiles/epos2_bridge_interfaces_s__rosidl_typesupport_introspection_c.dir/rosidl_generator_py/epos2_bridge_interfaces/_epos2_bridge_interfaces_s.ep.rosidl_typesupport_introspection_c.c.o[0m
[2.162s] [100%] [32m[1mLinking C shared module rosidl_generator_py/epos2_bridge_interfaces/epos2_bridge_interfaces_s__rosidl_typesupport_fastrtps_c.so[0m
[2.162s] [100%] [32m[1mLinking C shared module rosidl_generator_py/epos2_bridge_interfaces/epos2_bridge_interfaces_s__rosidl_typesupport_introspection_c.so[0m
[2.162s] [100%] [32m[1mLinking C shared module rosidl_generator_py/epos2_bridge_interfaces/epos2_bridge_interfaces_s__rosidl_typesupport_c.so[0m
[2.179s] [100%] Built target epos2_bridge_interfaces_s__rosidl_typesupport_introspection_c
[2.179s] [100%] Built target epos2_bridge_interfaces_s__rosidl_typesupport_c
[2.180s] [100%] Built target epos2_bridge_interfaces_s__rosidl_typesupport_fastrtps_c
[2.189s] Invoked command in '/home/robotics-club/agrobot_ws/build/epos2_bridge_interfaces' returned '0': CMAKE_PREFIX_PATH=${CMAKE_PREFIX_PATH}:/home/robotics-club/agrobot_ws/install/epos2_bridge:/opt/ros/jazzy DEBUGINFOD_URLS=https://debuginfod.ubuntu.com /usr/bin/cmake --build /home/robotics-club/agrobot_ws/build/epos2_bridge_interfaces -- -j32 -l32
[2.195s] Invoking command in '/home/robotics-club/agrobot_ws/build/epos2_bridge_interfaces': CMAKE_PREFIX_PATH=${CMAKE_PREFIX_PATH}:/home/robotics-club/agrobot_ws/install/epos2_bridge:/opt/ros/jazzy DEBUGINFOD_URLS=https://debuginfod.ubuntu.com /usr/bin/cmake --install /home/robotics-club/agrobot_ws/build/epos2_bridge_interfaces
[2.200s] -- Install configuration: ""
[2.200s] -- Execute custom install script
[2.200s] -- Up-to-date symlink: /home/robotics-club/agrobot_ws/install/epos2_bridge_interfaces/share/ament_index/resource_index/rosidl_interfaces/epos2_bridge_interfaces
[2.200s] -- Up-to-date symlink: /home/robotics-club/agrobot_ws/install/epos2_bridge_interfaces/share/epos2_bridge_interfaces/srv/MoveDelta.json
[2.200s] -- Up-to-date symlink: /home/robotics-club/agrobot_ws/install/epos2_bridge_interfaces/share/epos2_bridge_interfaces/srv/MoveAbsolute.json
[2.200s] -- Symlinking: /home/robotics-club/agrobot_ws/install/epos2_bridge_interfaces/share/epos2_bridge_interfaces/srv/MoveAbsoluteTimed.json
[2.206s] -- Up-to-date symlink: /home/robotics-club/agrobot_ws/install/epos2_bridge_interfaces/include/epos2_bridge_interfaces/epos2_bridge_interfaces/msg/rosidl_generator_c__visibility_control.h
[2.206s] -- Up-to-date symlink: /home/robotics-club/agrobot_ws/install/epos2_bridge_interfaces/include/epos2_bridge_interfaces/epos2_bridge_interfaces/srv/detail/move_absolute__functions.h
[2.206s] -- Up-to-date symlink: /home/robotics-club/agrobot_ws/install/epos2_bridge_interfaces/include/epos2_bridge_interfaces/epos2_bridge_interfaces/srv/detail/move_absolute__struct.h
[2.206s] -- Up-to-date symlink: /home/robotics-club/agrobot_ws/install/epos2_bridge_interfaces/include/epos2_bridge_interfaces/epos2_bridge_interfaces/srv/detail/move_absolute__type_support.h
[2.206s] -- Symlinking: /home/robotics-club/agrobot_ws/install/epos2_bridge_interfaces/include/epos2_bridge_interfaces/epos2_bridge_interfaces/srv/detail/move_absolute_timed__functions.h
[2.211s] -- Symlinking: /home/robotics-club/agrobot_ws/install/epos2_bridge_interfaces/include/epos2_bridge_interfaces/epos2_bridge_interfaces/srv/detail/move_absolute_timed__struct.h
[2.217s] -- Symlinking: /home/robotics-club/agrobot_ws/install/epos2_bridge_interfaces/include/epos2_bridge_interfaces/epos2_bridge_interfaces/srv/detail/move_absolute_timed__type_support.h
[2.222s] -- Up-to-date symlink: /home/robotics-club/agrobot_ws/install/epos2_bridge_interfaces/include/epos2_bridge_interfaces/epos2_bridge_interfaces/srv/detail/move_delta__functions.h
[2.222s] -- Up-to-date symlink: /home/robotics-club/agrobot_ws/install/epos2_bridge_interfaces/include/epos2_bridge_interfaces/epos2_bridge_interfaces/srv/detail/move_delta__struct.h
[2.222s] -- Up-to-date symlink: /home/robotics-club/agrobot_ws/install/epos2_bridge_interfaces/include/epos2_bridge_interfaces/epos2_bridge_interfaces/srv/detail/move_delta__type_support.h
[2.222s] -- Up-to-date symlink: /home/robotics-club/agrobot_ws/install/epos2_bridge_interfaces/include/epos2_bridge_interfaces/epos2_bridge_interfaces/srv/move_absolute.h
[2.222s] -- Symlinking: /home/robotics-club/agrobot_ws/install/epos2_bridge_interfaces/include/epos2_bridge_interfaces/epos2_bridge_interfaces/srv/move_absolute_timed.h
[2.228s] -- Up-to-date symlink: /home/robotics-club/agrobot_ws/install/epos2_bridge_interfaces/include/epos2_bridge_interfaces/epos2_bridge_interfaces/srv/move_delta.h
[2.228s] -- Up-to-date symlink: /home/robotics-club/agrobot_ws/install/epos2_bridge_interfaces/share/epos2_bridge_interfaces/environment/library_path.sh
[2.228s] -- Up-to-date symlink: /home/robotics-club/agrobot_ws/install/epos2_bridge_interfaces/share/epos2_bridge_interfaces/environment/library_path.dsv
[2.228s] -- Up-to-date symlink: /home/robotics-club/agrobot_ws/install/epos2_bridge_interfaces/include/epos2_bridge_interfaces/epos2_bridge_interfaces/msg/rosidl_typesupport_fastrtps_c__visibility_control.h
[2.228s] -- Up-to-date symlink: /home/robotics-club/agrobot_ws/install/epos2_bridge_interfaces/include/epos2_bridge_interfaces/epos2_bridge_interfaces/srv/detail/move_absolute__rosidl_typesupport_fastrtps_c.h
[2.228s] -- Symlinking: /home/robotics-club/agrobot_ws/install/epos2_bridge_interfaces/include/epos2_bridge_interfaces/epos2_bridge_interfaces/srv/detail/move_absolute_timed__rosidl_typesupport_fastrtps_c.h
[2.234s] -- Up-to-date symlink: /home/robotics-club/agrobot_ws/install/epos2_bridge_interfaces/include/epos2_bridge_interfaces/epos2_bridge_interfaces/srv/detail/move_delta__rosidl_typesupport_fastrtps_c.h
[2.234s] -- Up-to-date symlink: /home/robotics-club/agrobot_ws/install/epos2_bridge_interfaces/include/epos2_bridge_interfaces/epos2_bridge_interfaces/msg/rosidl_typesupport_introspection_c__visibility_control.h
[2.234s] -- Up-to-date symlink: /home/robotics-club/agrobot_ws/install/epos2_bridge_interfaces/include/epos2_bridge_interfaces/epos2_bridge_interfaces/srv/detail/move_absolute__rosidl_typesupport_introspection_c.h
[2.234s] -- Symlinking: /home/robotics-club/agrobot_ws/install/epos2_bridge_interfaces/include/epos2_bridge_interfaces/epos2_bridge_interfaces/srv/detail/move_absolute_timed__rosidl_typesupport_introspection_c.h
[2.239s] -- Up-to-date symlink: /home/robotics-club/agrobot_ws/install/epos2_bridge_interfaces/include/epos2_bridge_interfaces/epos2_bridge_interfaces/srv/detail/move_delta__rosidl_typesupport_introspection_c.h
[2.240s] -- Up-to-date symlink: /home/robotics-club/agrobot_ws/install/epos2_bridge_interfaces/include/epos2_bridge_interfaces/epos2_bridge_interfaces/msg/rosidl_generator_cpp__visibility_control.hpp
[2.240s] -- Up-to-date symlink: /home/robotics-club/agrobot_ws/install/epos2_bridge_interfaces/include/epos2_bridge_interfaces/epos2_bridge_interfaces/srv/detail/move_absolute__builder.hpp
[2.240s] -- Up-to-date symlink: /home/robotics-club/agrobot_ws/install/epos2_bridge_interfaces/include/epos2_bridge_interfaces/epos2_bridge_interfaces/srv/detail/move_absolute__struct.hpp
[2.240s] -- Up-to-date symlink: /home/robotics-club/agrobot_ws/install/epos2_bridge_interfaces/include/epos2_bridge_interfaces/epos2_bridge_interfaces/srv/detail/move_absolute__traits.hpp
[2.240s] -- Up-to-date symlink: /home/robotics-club/agrobot_ws/install/epos2_bridge_interfaces/include/epos2_bridge_interfaces/epos2_bridge_interfaces/srv/detail/move_absolute__type_support.hpp
[2.240s] -- Symlinking: /home/robotics-club/agrobot_ws/install/epos2_bridge_interfaces/include/epos2_bridge_interfaces/epos2_bridge_interfaces/srv/detail/move_absolute_timed__builder.hpp
[2.245s] -- Symlinking: /home/robotics-club/agrobot_ws/install/epos2_bridge_interfaces/include/epos2_bridge_interfaces/epos2_bridge_interfaces/srv/detail/move_absolute_timed__struct.hpp
[2.251s] -- Symlinking: /home/robotics-club/agrobot_ws/install/epos2_bridge_interfaces/include/epos2_bridge_interfaces/epos2_bridge_interfaces/srv/detail/move_absolute_timed__traits.hpp
[2.256s] -- Symlinking: /home/robotics-club/agrobot_ws/install/epos2_bridge_interfaces/include/epos2_bridge_interfaces/epos2_bridge_interfaces/srv/detail/move_absolute_timed__type_support.hpp
[2.261s] -- Up-to-date symlink: /home/robotics-club/agrobot_ws/install/epos2_bridge_interfaces/include/epos2_bridge_interfaces/epos2_bridge_interfaces/srv/detail/move_delta__builder.hpp
[2.262s] -- Up-to-date symlink: /home/robotics-club/agrobot_ws/install/epos2_bridge_interfaces/include/epos2_bridge_interfaces/epos2_bridge_interfaces/srv/detail/move_delta__struct.hpp
[2.262s] -- Up-to-date symlink: /home/robotics-club/agrobot_ws/install/epos2_bridge_interfaces/include/epos2_bridge_interfaces/epos2_bridge_interfaces/srv/detail/move_delta__traits.hpp
[2.262s] -- Up-to-date symlink: /home/robotics-club/agrobot_ws/install/epos2_bridge_interfaces/include/epos2_bridge_interfaces/epos2_bridge_interfaces/srv/detail/move_delta__type_support.hpp
[2.262s] -- Up-to-date symlink: /home/robotics-club/agrobot_ws/install/epos2_bridge_interfaces/include/epos2_bridge_interfaces/epos2_bridge_interfaces/srv/move_absolute.hpp
[2.262s] -- Symlinking: /home/robotics-club/agrobot_ws/install/epos2_bridge_interfaces/include/epos2_bridge_interfaces/epos2_bridge_interfaces/srv/move_absolute_timed.hpp
[2.267s] -- Up-to-date symlink: /home/robotics-club/agrobot_ws/install/epos2_bridge_interfaces/include/epos2_bridge_interfaces/epos2_bridge_interfaces/srv/move_delta.hpp
[2.267s] -- Up-to-date symlink: /home/robotics-club/agrobot_ws/install/epos2_bridge_interfaces/include/epos2_bridge_interfaces/epos2_bridge_interfaces/msg/rosidl_typesupport_fastrtps_cpp__visibility_control.h
[2.267s] -- Up-to-date symlink: /home/robotics-club/agrobot_ws/install/epos2_bridge_interfaces/include/epos2_bridge_interfaces/epos2_bridge_interfaces/srv/detail/move_absolute__rosidl_typesupport_fastrtps_cpp.hpp
[2.267s] -- Symlinking: /home/robotics-club/agrobot_ws/install/epos2_bridge_interfaces/include/epos2_bridge_interfaces/epos2_bridge_interfaces/srv/detail/move_absolute_timed__rosidl_typesupport_fastrtps_cpp.hpp
[2.273s] -- Up-to-date symlink: /home/robotics-club/agrobot_ws/install/epos2_bridge_interfaces/include/epos2_bridge_interfaces/epos2_bridge_interfaces/srv/detail/move_delta__rosidl_typesupport_fastrtps_cpp.hpp
[2.273s] -- Up-to-date symlink: /home/robotics-club/agrobot_ws/install/epos2_bridge_interfaces/include/epos2_bridge_interfaces/epos2_bridge_interfaces/srv/detail/move_absolute__rosidl_typesupport_introspection_cpp.hpp
[2.273s] -- Symlinking: /home/robotics-club/agrobot_ws/install/epos2_bridge_interfaces/include/epos2_bridge_interfaces/epos2_bridge_interfaces/srv/detail/move_absolute_timed__rosidl_typesupport_introspection_cpp.hpp
[2.279s] -- Up-to-date symlink: /home/robotics-club/agrobot_ws/install/epos2_bridge_interfaces/include/epos2_bridge_interfaces/epos2_bridge_interfaces/srv/detail/move_delta__rosidl_typesupport_introspection_cpp.hpp
[2.279s] -- Up-to-date symlink: /home/robotics-club/agrobot_ws/install/epos2_bridge_interfaces/share/epos2_bridge_interfaces/environment/pythonpath.sh
[2.279s] -- Up-to-date symlink: /home/robotics-club/agrobot_ws/install/epos2_bridge_interfaces/share/epos2_bridge_interfaces/environment/pythonpath.dsv
[2.279s] -- Up-to-date symlink: /home/robotics-club/agrobot_ws/install/epos2_bridge_interfaces/lib/python3.12/site-packages/epos2_bridge_interfaces-0.0.1-py3.12.egg-info/PKG-INFO
[2.279s] -- Up-to-date symlink: /home/robotics-club/agrobot_ws/install/epos2_bridge_interfaces/lib/python3.12/site-packages/epos2_bridge_interfaces-0.0.1-py3.12.egg-info/SOURCES.txt
[2.279s] -- Up-to-date symlink: /home/robotics-club/agrobot_ws/install/epos2_bridge_interfaces/lib/python3.12/site-packages/epos2_bridge_interfaces-0.0.1-py3.12.egg-info/dependency_links.txt
[2.279s] -- Up-to-date symlink: /home/robotics-club/agrobot_ws/install/epos2_bridge_interfaces/lib/python3.12/site-packages/epos2_bridge_interfaces-0.0.1-py3.12.egg-info/top_level.txt
[2.279s] -- Up-to-date symlink: /home/robotics-club/agrobot_ws/install/epos2_bridge_interfaces/lib/python3.12/site-packages/epos2_bridge_interfaces/__init__.py
[2.279s] -- Up-to-date symlink: /home/robotics-club/agrobot_ws/install/epos2_bridge_interfaces/lib/python3.12/site-packages/epos2_bridge_interfaces/_epos2_bridge_interfaces_s.ep.rosidl_typesupport_c.c
[2.279s] -- Up-to-date symlink: /home/robotics-club/agrobot_ws/install/epos2_bridge_interfaces/lib/python3.12/site-packages/epos2_bridge_interfaces/_epos2_bridge_interfaces_s.ep.rosidl_typesupport_fastrtps_c.c
[2.279s] -- Up-to-date symlink: /home/robotics-club/agrobot_ws/install/epos2_bridge_interfaces/lib/python3.12/site-packages/epos2_bridge_interfaces/_epos2_bridge_interfaces_s.ep.rosidl_typesupport_introspection_c.c
[2.279s] -- Up-to-date symlink: /home/robotics-club/agrobot_ws/install/epos2_bridge_interfaces/lib/python3.12/site-packages/epos2_bridge_interfaces/epos2_bridge_interfaces_s__rosidl_typesupport_c.so
[2.279s] -- Up-to-date symlink: /home/robotics-club/agrobot_ws/install/epos2_bridge_interfaces/lib/python3.12/site-packages/epos2_bridge_interfaces/epos2_bridge_interfaces_s__rosidl_typesupport_fastrtps_c.so
[2.279s] -- Up-to-date symlink: /home/robotics-club/agrobot_ws/install/epos2_bridge_interfaces/lib/python3.12/site-packages/epos2_bridge_interfaces/epos2_bridge_interfaces_s__rosidl_typesupport_introspection_c.so
[2.279s] -- Up-to-date symlink: /home/robotics-club/agrobot_ws/install/epos2_bridge_interfaces/lib/python3.12/site-packages/epos2_bridge_interfaces/srv/__init__.py
[2.280s] -- Up-to-date symlink: /home/robotics-club/agrobot_ws/install/epos2_bridge_interfaces/lib/python3.12/site-packages/epos2_bridge_interfaces/srv/_move_absolute.py
[2.280s] -- Up-to-date symlink: /home/robotics-club/agrobot_ws/install/epos2_bridge_interfaces/lib/python3.12/site-packages/epos2_bridge_interfaces/srv/_move_absolute_s.c
[2.280s] -- Symlinking: /home/robotics-club/agrobot_ws/install/epos2_bridge_interfaces/lib/python3.12/site-packages/epos2_bridge_interfaces/srv/_move_absolute_timed.py
[2.285s] -- Symlinking: /home/robotics-club/agrobot_ws/install/epos2_bridge_interfaces/lib/python3.12/site-packages/epos2_bridge_interfaces/srv/_move_absolute_timed_s.c
[2.290s] -- Up-to-date symlink: /home/robotics-club/agrobot_ws/install/epos2_bridge_interfaces/lib/python3.12/site-packages/epos2_bridge_interfaces/srv/_move_delta.py
[2.290s] -- Up-to-date symlink: /home/robotics-club/agrobot_ws/install/epos2_bridge_interfaces/lib/python3.12/site-packages/epos2_bridge_interfaces/srv/_move_delta_s.c
[2.290s] -- Up-to-date symlink: /home/robotics-club/agrobot_ws/install/epos2_bridge_interfaces/lib/python3.12/site-packages/epos2_bridge_interfaces/epos2_bridge_interfaces_s__rosidl_typesupport_fastrtps_c.so
[2.290s] -- Up-to-date symlink: /home/robotics-club/agrobot_ws/install/epos2_bridge_interfaces/lib/python3.12/site-packages/epos2_bridge_interfaces/epos2_bridge_interfaces_s__rosidl_typesupport_introspection_c.so
[2.290s] -- Up-to-date symlink: /home/robotics-club/agrobot_ws/install/epos2_bridge_interfaces/lib/python3.12/site-packages/epos2_bridge_interfaces/epos2_bridge_interfaces_s__rosidl_typesupport_c.so
[2.290s] -- Up-to-date symlink: /home/robotics-club/agrobot_ws/install/epos2_bridge_interfaces/share/epos2_bridge_interfaces/srv/MoveDelta.idl
[2.290s] -- Up-to-date symlink: /home/robotics-club/agrobot_ws/install/epos2_bridge_interfaces/share/epos2_bridge_interfaces/srv/MoveAbsolute.idl
[2.290s] -- Symlinking: /home/robotics-club/agrobot_ws/install/epos2_bridge_interfaces/share/epos2_bridge_interfaces/srv/MoveAbsoluteTimed.idl
[2.296s] -- Up-to-date symlink: /home/robotics-club/agrobot_ws/install/epos2_bridge_interfaces/share/epos2_bridge_interfaces/srv/MoveDelta.srv
[2.296s] -- Up-to-date symlink: /home/robotics-club/agrobot_ws/install/epos2_bridge_interfaces/share/epos2_bridge_interfaces/srv/MoveAbsolute.srv
[2.296s] -- Symlinking: /home/robotics-club/agrobot_ws/install/epos2_bridge_interfaces/share/epos2_bridge_interfaces/srv/MoveAbsoluteTimed.srv
[2.301s] -- Up-to-date symlink: /home/robotics-club/agrobot_ws/install/epos2_bridge_interfaces/share/ament_index/resource_index/package_run_dependencies/epos2_bridge_interfaces
[2.302s] -- Up-to-date symlink: /home/robotics-club/agrobot_ws/install/epos2_bridge_interfaces/share/ament_index/resource_index/parent_prefix_path/epos2_bridge_interfaces
[2.302s] -- Up-to-date symlink: /home/robotics-club/agrobot_ws/install/epos2_bridge_interfaces/share/epos2_bridge_interfaces/environment/ament_prefix_path.sh
[2.302s] -- Up-to-date symlink: /home/robotics-club/agrobot_ws/install/epos2_bridge_interfaces/share/epos2_bridge_interfaces/environment/ament_prefix_path.dsv
[2.302s] -- Up-to-date symlink: /home/robotics-club/agrobot_ws/install/epos2_bridge_interfaces/share/epos2_bridge_interfaces/environment/path.sh
[2.302s] -- Up-to-date symlink: /home/robotics-club/agrobot_ws/install/epos2_bridge_interfaces/share/epos2_bridge_interfaces/environment/path.dsv
[2.302s] -- Up-to-date symlink: /home/robotics-club/agrobot_ws/install/epos2_bridge_interfaces/share/epos2_bridge_interfaces/local_setup.bash
[2.302s] -- Up-to-date symlink: /home/robotics-club/agrobot_ws/install/epos2_bridge_interfaces/share/epos2_bridge_interfaces/local_setup.sh
[2.302s] -- Up-to-date symlink: /home/robotics-club/agrobot_ws/install/epos2_bridge_interfaces/share/epos2_bridge_interfaces/local_setup.zsh
[2.302s] -- Up-to-date symlink: /home/robotics-club/agrobot_ws/install/epos2_bridge_interfaces/share/epos2_bridge_interfaces/local_setup.dsv
[2.302s] -- Symlinking: /home/robotics-club/agrobot_ws/install/epos2_bridge_interfaces/share/epos2_bridge_interfaces/package.dsv
[2.308s] -- Up-to-date symlink: /home/robotics-club/agrobot_ws/install/epos2_bridge_interfaces/share/ament_index/resource_index/packages/epos2_bridge_interfaces
[2.308s] -- Up-to-date symlink: /home/robotics-club/agrobot_ws/install/epos2_bridge_interfaces/share/epos2_bridge_interfaces/cmake/rosidl_cmake-extras.cmake
[2.308s] -- Up-to-date symlink: /home/robotics-club/agrobot_ws/install/epos2_bridge_interfaces/share/epos2_bridge_interfaces/cmake/ament_cmake_export_dependencies-extras.cmake
[2.308s] -- Up-to-date symlink: /home/robotics-club/agrobot_ws/install/epos2_bridge_interfaces/share/epos2_bridge_interfaces/cmake/ament_cmake_export_include_directories-extras.cmake
[2.308s] -- Up-to-date symlink: /home/robotics-club/agrobot_ws/install/epos2_bridge_interfaces/share/epos2_bridge_interfaces/cmake/ament_cmake_export_libraries-extras.cmake
[2.308s] -- Up-to-date symlink: /home/robotics-club/agrobot_ws/install/epos2_bridge_interfaces/share/epos2_bridge_interfaces/cmake/ament_cmake_export_targets-extras.cmake
[2.308s] -- Up-to-date symlink: /home/robotics-club/agrobot_ws/install/epos2_bridge_interfaces/share/epos2_bridge_interfaces/cmake/rosidl_cmake_export_typesupport_targets-extras.cmake
[2.308s] -- Up-to-date symlink: /home/robotics-club/agrobot_ws/install/epos2_bridge_interfaces/share/epos2_bridge_interfaces/cmake/rosidl_cmake_export_typesupport_libraries-extras.cmake
[2.308s] -- Up-to-date symlink: /home/robotics-club/agrobot_ws/install/epos2_bridge_interfaces/share/epos2_bridge_interfaces/cmake/epos2_bridge_interfacesConfig.cmake
[2.308s] -- Up-to-date symlink: /home/robotics-club/agrobot_ws/install/epos2_bridge_interfaces/share/epos2_bridge_interfaces/cmake/epos2_bridge_interfacesConfig-version.cmake
[2.308s] -- Up-to-date symlink: /home/robotics-club/agrobot_ws/install/epos2_bridge_interfaces/share/epos2_bridge_interfaces/package.xml
[2.308s] -- Installing: /home/robotics-club/agrobot_ws/install/epos2_bridge_interfaces/lib/libepos2_bridge_interfaces__rosidl_generator_c.so
[2.308s] -- Set non-toolchain portion of runtime path of "/home/robotics-club/agrobot_ws/install/epos2_bridge_interfaces/lib/libepos2_bridge_interfaces__rosidl_generator_c.so" to ""
[2.308s] -- Installing: /home/robotics-club/agrobot_ws/install/epos2_bridge_interfaces/lib/libepos2_bridge_interfaces__rosidl_typesupport_fastrtps_c.so
[2.308s] -- Set non-toolchain portion of runtime path of "/home/robotics-club/agrobot_ws/install/epos2_bridge_interfaces/lib/libepos2_bridge_interfaces__rosidl_typesupport_fastrtps_c.so" to ""
[2.308s] -- Installing: /home/robotics-club/agrobot_ws/install/epos2_bridge_interfaces/lib/libepos2_bridge_interfaces__rosidl_typesupport_introspection_c.so
[2.309s] -- Set non-toolchain portion of runtime path of "/home/robotics-club/agrobot_ws/install/epos2_bridge_interfaces/lib/libepos2_bridge_interfaces__rosidl_typesupport_introspection_c.so" to ""
[2.309s] -- Installing: /home/robotics-club/agrobot_ws/install/epos2_bridge_interfaces/lib/libepos2_bridge_interfaces__rosidl_typesupport_c.so
[2.309s] -- Set non-toolchain portion of runtime path of "/home/robotics-club/agrobot_ws/install/epos2_bridge_interfaces/lib/libepos2_bridge_interfaces__rosidl_typesupport_c.so" to ""
[2.309s] -- Installing: /home/robotics-club/agrobot_ws/install/epos2_bridge_interfaces/lib/libepos2_bridge_interfaces__rosidl_typesupport_fastrtps_cpp.so
[2.309s] -- Set non-toolchain portion of runtime path of "/home/robotics-club/agrobot_ws/install/epos2_bridge_interfaces/lib/libepos2_bridge_interfaces__rosidl_typesupport_fastrtps_cpp.so" to ""
[2.309s] -- Installing: /home/robotics-club/agrobot_ws/install/epos2_bridge_interfaces/lib/libepos2_bridge_interfaces__rosidl_typesupport_introspection_cpp.so
[2.309s] -- Set non-toolchain portion of runtime path of "/home/robotics-club/agrobot_ws/install/epos2_bridge_interfaces/lib/libepos2_bridge_interfaces__rosidl_typesupport_introspection_cpp.so" to ""
[2.309s] -- Installing: /home/robotics-club/agrobot_ws/install/epos2_bridge_interfaces/lib/libepos2_bridge_interfaces__rosidl_typesupport_cpp.so
[2.309s] -- Set non-toolchain portion of runtime path of "/home/robotics-club/agrobot_ws/install/epos2_bridge_interfaces/lib/libepos2_bridge_interfaces__rosidl_typesupport_cpp.so" to ""
[2.334s] Listing '/home/robotics-club/agrobot_ws/install/epos2_bridge_interfaces/lib/python3.12/site-packages/epos2_bridge_interfaces'...
[2.334s] Compiling '/home/robotics-club/agrobot_ws/install/epos2_bridge_interfaces/lib/python3.12/site-packages/epos2_bridge_interfaces/__init__.py'...
[2.334s] Listing '/home/robotics-club/agrobot_ws/install/epos2_bridge_interfaces/lib/python3.12/site-packages/epos2_bridge_interfaces/srv'...
[2.334s] Compiling '/home/robotics-club/agrobot_ws/install/epos2_bridge_interfaces/lib/python3.12/site-packages/epos2_bridge_interfaces/srv/__init__.py'...
[2.335s] Compiling '/home/robotics-club/agrobot_ws/install/epos2_bridge_interfaces/lib/python3.12/site-packages/epos2_bridge_interfaces/srv/_move_absolute.py'...
[2.335s] Compiling '/home/robotics-club/agrobot_ws/install/epos2_bridge_interfaces/lib/python3.12/site-packages/epos2_bridge_interfaces/srv/_move_absolute_timed.py'...
[2.335s] Compiling '/home/robotics-club/agrobot_ws/install/epos2_bridge_interfaces/lib/python3.12/site-packages/epos2_bridge_interfaces/srv/_move_delta.py'...
[2.337s] -- Installing: /home/robotics-club/agrobot_ws/install/epos2_bridge_interfaces/lib/libepos2_bridge_interfaces__rosidl_generator_py.so
[2.337s] -- Set non-toolchain portion of runtime path of "/home/robotics-club/agrobot_ws/install/epos2_bridge_interfaces/lib/libepos2_bridge_interfaces__rosidl_generator_py.so" to ""
[2.337s] -- Up-to-date: /home/robotics-club/agrobot_ws/install/epos2_bridge_interfaces/share/epos2_bridge_interfaces/cmake/export_epos2_bridge_interfaces__rosidl_generator_cExport.cmake
[2.338s] -- Up-to-date: /home/robotics-club/agrobot_ws/install/epos2_bridge_interfaces/share/epos2_bridge_interfaces/cmake/export_epos2_bridge_interfaces__rosidl_generator_cExport-noconfig.cmake
[2.338s] -- Up-to-date: /home/robotics-club/agrobot_ws/install/epos2_bridge_interfaces/share/epos2_bridge_interfaces/cmake/export_epos2_bridge_interfaces__rosidl_typesupport_fastrtps_cExport.cmake
[2.338s] -- Up-to-date: /home/robotics-club/agrobot_ws/install/epos2_bridge_interfaces/share/epos2_bridge_interfaces/cmake/export_epos2_bridge_interfaces__rosidl_typesupport_fastrtps_cExport-noconfig.cmake
[2.338s] -- Up-to-date: /home/robotics-club/agrobot_ws/install/epos2_bridge_interfaces/share/epos2_bridge_interfaces/cmake/epos2_bridge_interfaces__rosidl_typesupport_introspection_cExport.cmake
[2.338s] -- Up-to-date: /home/robotics-club/agrobot_ws/install/epos2_bridge_interfaces/share/epos2_bridge_interfaces/cmake/epos2_bridge_interfaces__rosidl_typesupport_introspection_cExport-noconfig.cmake
[2.338s] -- Up-to-date: /home/robotics-club/agrobot_ws/install/epos2_bridge_interfaces/share/epos2_bridge_interfaces/cmake/epos2_bridge_interfaces__rosidl_typesupport_cExport.cmake
[2.338s] -- Up-to-date: /home/robotics-club/agrobot_ws/install/epos2_bridge_interfaces/share/epos2_bridge_interfaces/cmake/epos2_bridge_interfaces__rosidl_typesupport_cExport-noconfig.cmake
[2.338s] -- Up-to-date: /home/robotics-club/agrobot_ws/install/epos2_bridge_interfaces/share/epos2_bridge_interfaces/cmake/export_epos2_bridge_interfaces__rosidl_generator_cppExport.cmake
[2.338s] -- Up-to-date: /home/robotics-club/agrobot_ws/install/epos2_bridge_interfaces/share/epos2_bridge_interfaces/cmake/export_epos2_bridge_interfaces__rosidl_typesupport_fastrtps_cppExport.cmake
[2.338s] -- Up-to-date: /home/robotics-club/agrobot_ws/install/epos2_bridge_interfaces/share/epos2_bridge_interfaces/cmake/export_epos2_bridge_interfaces__rosidl_typesupport_fastrtps_cppExport-noconfig.cmake
[2.338s] -- Up-to-date: /home/robotics-club/agrobot_ws/install/epos2_bridge_interfaces/share/epos2_bridge_interfaces/cmake/epos2_bridge_interfaces__rosidl_typesupport_introspection_cppExport.cmake
[2.338s] -- Up-to-date: /home/robotics-club/agrobot_ws/install/epos2_bridge_interfaces/share/epos2_bridge_interfaces/cmake/epos2_bridge_interfaces__rosidl_typesupport_introspection_cppExport-noconfig.cmake
[2.338s] -- Up-to-date: /home/robotics-club/agrobot_ws/install/epos2_bridge_interfaces/share/epos2_bridge_interfaces/cmake/epos2_bridge_interfaces__rosidl_typesupport_cppExport.cmake
[2.338s] -- Up-to-date: /home/robotics-club/agrobot_ws/install/epos2_bridge_interfaces/share/epos2_bridge_interfaces/cmake/epos2_bridge_interfaces__rosidl_typesupport_cppExport-noconfig.cmake
[2.338s] -- Up-to-date: /home/robotics-club/agrobot_ws/install/epos2_bridge_interfaces/share/epos2_bridge_interfaces/cmake/export_epos2_bridge_interfaces__rosidl_generator_pyExport.cmake
[2.338s] -- Up-to-date: /home/robotics-club/agrobot_ws/install/epos2_bridge_interfaces/share/epos2_bridge_interfaces/cmake/export_epos2_bridge_interfaces__rosidl_generator_pyExport-noconfig.cmake
[2.339s] Invoked command in '/home/robotics-club/agrobot_ws/build/epos2_bridge_interfaces' returned '0': CMAKE_PREFIX_PATH=${CMAKE_PREFIX_PATH}:/home/robotics-club/agrobot_ws/install/epos2_bridge:/opt/ros/jazzy DEBUGINFOD_URLS=https://debuginfod.ubuntu.com /usr/bin/cmake --install /home/robotics-club/agrobot_ws/build/epos2_bridge_interfaces
