-- The C compiler identification is GNU 13.3.0
-- The CXX compiler identification is GNU 13.3.0
-- Detecting C compiler ABI info
-- Detecting C compiler ABI info - done
-- Check for working C compiler: /usr/bin/cc - skipped
-- Detecting C compile features
-- Detecting C compile features - done
-- Detecting CXX compiler ABI info
-- Detecting CXX compiler ABI info - done
-- Check for working CXX compiler: /usr/bin/c++ - skipped
-- Detecting CXX compile features
-- Detecting CXX compile features - done
-- Found ament_cmake: 2.5.5 (/opt/ros/jazzy/share/ament_cmake/cmake)
-- Found Python3: /usr/bin/python3 (found version "3.12.3") found components: Interpreter 
-- Override CMake install command with custom implementation using symlinks instead of copying resources
-- Configuring done (0.6s)
-- Generating done (0.0s)
-- Build files have been written to: /home/robotics-club/agrobot_ws/build/moveit_config
-- Install configuration: ""
-- Execute custom install script
-- Symlinking: /home/robotics-club/agrobot_ws/install/moveit_config/share/ament_index/resource_index/package_run_dependencies/moveit_config
-- Symlinking: /home/robotics-club/agrobot_ws/install/moveit_config/share/ament_index/resource_index/parent_prefix_path/moveit_config
-- Symlinking: /home/robotics-club/agrobot_ws/install/moveit_config/share/moveit_config/environment/ament_prefix_path.sh
-- Symlinking: /home/robotics-club/agrobot_ws/install/moveit_config/share/moveit_config/environment/ament_prefix_path.dsv
-- Symlinking: /home/robotics-club/agrobot_ws/install/moveit_config/share/moveit_config/environment/path.sh
-- Symlinking: /home/robotics-club/agrobot_ws/install/moveit_config/share/moveit_config/environment/path.dsv
-- Symlinking: /home/robotics-club/agrobot_ws/install/moveit_config/share/moveit_config/local_setup.bash
-- Symlinking: /home/robotics-club/agrobot_ws/install/moveit_config/share/moveit_config/local_setup.sh
-- Symlinking: /home/robotics-club/agrobot_ws/install/moveit_config/share/moveit_config/local_setup.zsh
-- Symlinking: /home/robotics-club/agrobot_ws/install/moveit_config/share/moveit_config/local_setup.dsv
-- Symlinking: /home/robotics-club/agrobot_ws/install/moveit_config/share/moveit_config/package.dsv
-- Symlinking: /home/robotics-club/agrobot_ws/install/moveit_config/share/ament_index/resource_index/packages/moveit_config
-- Symlinking: /home/robotics-club/agrobot_ws/install/moveit_config/share/moveit_config/cmake/moveit_configConfig.cmake
-- Symlinking: /home/robotics-club/agrobot_ws/install/moveit_config/share/moveit_config/cmake/moveit_configConfig-version.cmake
-- Symlinking: /home/robotics-club/agrobot_ws/install/moveit_config/share/moveit_config/package.xml
-- Symlinking: /home/robotics-club/agrobot_ws/install/moveit_config/share/moveit_config/launch/__pycache__/agrobot.launch.cpython-312.pyc
-- Symlinking: /home/robotics-club/agrobot_ws/install/moveit_config/share/moveit_config/launch/__pycache__/demo.launch.cpython-312.pyc
-- Symlinking: /home/robotics-club/agrobot_ws/install/moveit_config/share/moveit_config/launch/agrobot.launch.py
-- Symlinking: /home/robotics-club/agrobot_ws/install/moveit_config/share/moveit_config/launch/demo.launch.py
-- Symlinking: /home/robotics-club/agrobot_ws/install/moveit_config/share/moveit_config/launch/epos2_ppm.sh
-- Symlinking: /home/robotics-club/agrobot_ws/install/moveit_config/share/moveit_config/launch/j3_canopen_driver_only.launch.py
-- Symlinking: /home/robotics-club/agrobot_ws/install/moveit_config/share/moveit_config/launch/j3_canopen_driver_only_ipm.launch.py
-- Symlinking: /home/robotics-club/agrobot_ws/install/moveit_config/share/moveit_config/launch/j3_canopen_driver_only_ppm.launch.py
-- Symlinking: /home/robotics-club/agrobot_ws/install/moveit_config/share/moveit_config/launch/j3_canopen_jtc.launch.py
-- Symlinking: /home/robotics-club/agrobot_ws/install/moveit_config/share/moveit_config/launch/j3_canopen_smoketest.launch.py
-- Symlinking: /home/robotics-club/agrobot_ws/install/moveit_config/share/moveit_config/launch/move_group.launch.py
-- Symlinking: /home/robotics-club/agrobot_ws/install/moveit_config/share/moveit_config/launch/moveit_rviz.launch.py
-- Symlinking: /home/robotics-club/agrobot_ws/install/moveit_config/share/moveit_config/launch/rsp.launch.py
-- Symlinking: /home/robotics-club/agrobot_ws/install/moveit_config/share/moveit_config/launch/setup_assistant.launch.py
-- Symlinking: /home/robotics-club/agrobot_ws/install/moveit_config/share/moveit_config/launch/spawn_controllers.launch.py
-- Symlinking: /home/robotics-club/agrobot_ws/install/moveit_config/share/moveit_config/launch/static_virtual_joint_tfs.launch.py
-- Symlinking: /home/robotics-club/agrobot_ws/install/moveit_config/share/moveit_config/launch/warehouse_db.launch.py
-- Symlinking: /home/robotics-club/agrobot_ws/install/moveit_config/share/moveit_config/config/backups_20260327_162653/bus.yml
-- Symlinking: /home/robotics-club/agrobot_ws/install/moveit_config/share/moveit_config/config/backups_20260327_162653/moveit_controllers.yaml
-- Symlinking: /home/robotics-club/agrobot_ws/install/moveit_config/share/moveit_config/config/backups_20260327_162653/my_robot.ros2_control.xacro
-- Symlinking: /home/robotics-club/agrobot_ws/install/moveit_config/share/moveit_config/config/backups_20260327_162653/my_robot.urdf.xacro
-- Symlinking: /home/robotics-club/agrobot_ws/install/moveit_config/share/moveit_config/config/backups_20260327_162653/ros2_controllers.yaml
-- Symlinking: /home/robotics-club/agrobot_ws/install/moveit_config/share/moveit_config/config/backups_20260327_162653/sensors_3d.yaml
-- Symlinking: /home/robotics-club/agrobot_ws/install/moveit_config/share/moveit_config/config/bus.yml
-- Symlinking: /home/robotics-club/agrobot_ws/install/moveit_config/share/moveit_config/config/bus_j3_debug.yml
-- Symlinking: /home/robotics-club/agrobot_ws/install/moveit_config/share/moveit_config/config/bus_j3_ipm.yml
-- Symlinking: /home/robotics-club/agrobot_ws/install/moveit_config/share/moveit_config/config/bus_j3_ipm_WORKING.yml
-- Symlinking: /home/robotics-club/agrobot_ws/install/moveit_config/share/moveit_config/config/bus_j3_ppm.yml
-- Symlinking: /home/robotics-club/agrobot_ws/install/moveit_config/share/moveit_config/config/epos2.eds
-- Symlinking: /home/robotics-club/agrobot_ws/install/moveit_config/share/moveit_config/config/epos2_slave.dcf
-- Symlinking: /home/robotics-club/agrobot_ws/install/moveit_config/share/moveit_config/config/epos2_slave_ipm.dcf
-- Symlinking: /home/robotics-club/agrobot_ws/install/moveit_config/share/moveit_config/config/epos2_slave_ipm_WORKING.dcf
-- Symlinking: /home/robotics-club/agrobot_ws/install/moveit_config/share/moveit_config/config/epos2_slave_ppm.dcf
-- Symlinking: /home/robotics-club/agrobot_ws/install/moveit_config/share/moveit_config/config/initial_positions.yaml
-- Symlinking: /home/robotics-club/agrobot_ws/install/moveit_config/share/moveit_config/config/joint_limits.yaml
-- Symlinking: /home/robotics-club/agrobot_ws/install/moveit_config/share/moveit_config/config/kinematics.yaml
-- Symlinking: /home/robotics-club/agrobot_ws/install/moveit_config/share/moveit_config/config/master.bin.bak
-- Symlinking: /home/robotics-club/agrobot_ws/install/moveit_config/share/moveit_config/config/master.dcf
-- Symlinking: /home/robotics-club/agrobot_ws/install/moveit_config/share/moveit_config/config/moveit.rviz
-- Symlinking: /home/robotics-club/agrobot_ws/install/moveit_config/share/moveit_config/config/moveit_controllers.yaml
-- Symlinking: /home/robotics-club/agrobot_ws/install/moveit_config/share/moveit_config/config/moveit_controllers.yaml.bak_j3only
-- Symlinking: /home/robotics-club/agrobot_ws/install/moveit_config/share/moveit_config/config/my_robot.ros2_control.j3_only.xacro
-- Symlinking: /home/robotics-club/agrobot_ws/install/moveit_config/share/moveit_config/config/my_robot.ros2_control.xacro
-- Symlinking: /home/robotics-club/agrobot_ws/install/moveit_config/share/moveit_config/config/my_robot.srdf
-- Symlinking: /home/robotics-club/agrobot_ws/install/moveit_config/share/moveit_config/config/my_robot.srdf.bak_j3only
-- Symlinking: /home/robotics-club/agrobot_ws/install/moveit_config/share/moveit_config/config/my_robot.urdf.xacro
-- Symlinking: /home/robotics-club/agrobot_ws/install/moveit_config/share/moveit_config/config/my_robot_j3_debug.urdf.xacro
-- Symlinking: /home/robotics-club/agrobot_ws/install/moveit_config/share/moveit_config/config/pilz_cartesian_limits.yaml
-- Symlinking: /home/robotics-club/agrobot_ws/install/moveit_config/share/moveit_config/config/ros2_controllers.yaml
-- Symlinking: /home/robotics-club/agrobot_ws/install/moveit_config/share/moveit_config/config/ros2_controllers_j3_forward.yaml
-- Symlinking: /home/robotics-club/agrobot_ws/install/moveit_config/share/moveit_config/config/ros2_controllers_j3_jtc.yaml
-- Symlinking: /home/robotics-club/agrobot_ws/install/moveit_config/share/moveit_config/config/sensors_3d.yaml
-- Symlinking: /home/robotics-club/agrobot_ws/install/moveit_config/share/moveit_config/.setup_assistant
