[0.010s] Invoking command in '/home/robotics-club/agrobot_ws/build/epos2_bridge_interfaces': CMAKE_PREFIX_PATH=${CMAKE_PREFIX_PATH}:/home/robotics-club/agrobot_ws/install/epos2_bridge:/opt/ros/jazzy DEBUGINFOD_URLS=https://debuginfod.ubuntu.com /usr/bin/cmake --build /home/robotics-club/agrobot_ws/build/epos2_bridge_interfaces -- -j32 -l32
[0.050s] [  1%] Built target epos2_bridge_interfaces__rosidl_generator_type_description
[0.056s] [  1%] Built target ament_cmake_python_symlink_epos2_bridge_interfaces
[0.064s] [  3%] Built target epos2_bridge_interfaces__cpp
[0.065s] [ 24%] Built target epos2_bridge_interfaces__rosidl_generator_c
[0.080s] [ 33%] Built target epos2_bridge_interfaces__rosidl_typesupport_c
[0.080s] [ 42%] Built target epos2_bridge_interfaces__rosidl_typesupport_introspection_c
[0.081s] [ 61%] Built target epos2_bridge_interfaces__rosidl_typesupport_introspection_cpp
[0.081s] [ 61%] Built target epos2_bridge_interfaces__rosidl_typesupport_fastrtps_c
[0.081s] [ 70%] Built target epos2_bridge_interfaces__rosidl_typesupport_fastrtps_cpp
[0.081s] [ 79%] Built target epos2_bridge_interfaces__rosidl_typesupport_cpp
[0.095s] [ 79%] Built target epos2_bridge_interfaces
[0.109s] [ 81%] Built target epos2_bridge_interfaces__py
[0.124s] [ 88%] Built target epos2_bridge_interfaces__rosidl_generator_py
[0.139s] [ 92%] Built target epos2_bridge_interfaces_s__rosidl_typesupport_fastrtps_c
[0.140s] [ 96%] Built target epos2_bridge_interfaces_s__rosidl_typesupport_introspection_c
[0.140s] [100%] Built target epos2_bridge_interfaces_s__rosidl_typesupport_c
[0.195s] running egg_info
[0.204s] writing epos2_bridge_interfaces.egg-info/PKG-INFO
[0.205s] writing dependency_links to epos2_bridge_interfaces.egg-info/dependency_links.txt
[0.205s] writing top-level names to epos2_bridge_interfaces.egg-info/top_level.txt
[0.232s] reading manifest file 'epos2_bridge_interfaces.egg-info/SOURCES.txt'
[0.233s] writing manifest file 'epos2_bridge_interfaces.egg-info/SOURCES.txt'
[0.252s] [100%] Built target ament_cmake_python_build_epos2_bridge_interfaces_egg
[0.259s] Invoked command in '/home/robotics-club/agrobot_ws/build/epos2_bridge_interfaces' returned '0': CMAKE_PREFIX_PATH=${CMAKE_PREFIX_PATH}:/home/robotics-club/agrobot_ws/install/epos2_bridge:/opt/ros/jazzy DEBUGINFOD_URLS=https://debuginfod.ubuntu.com /usr/bin/cmake --build /home/robotics-club/agrobot_ws/build/epos2_bridge_interfaces -- -j32 -l32
[0.265s] Invoking command in '/home/robotics-club/agrobot_ws/build/epos2_bridge_interfaces': CMAKE_PREFIX_PATH=${CMAKE_PREFIX_PATH}:/home/robotics-club/agrobot_ws/install/epos2_bridge:/opt/ros/jazzy DEBUGINFOD_URLS=https://debuginfod.ubuntu.com /usr/bin/cmake --install /home/robotics-club/agrobot_ws/build/epos2_bridge_interfaces
[0.270s] -- Install configuration: ""
[0.270s] -- Execute custom install script
[0.270s] -- Up-to-date symlink: /home/robotics-club/agrobot_ws/install/epos2_bridge_interfaces/share/ament_index/resource_index/rosidl_interfaces/epos2_bridge_interfaces
[0.271s] -- Up-to-date symlink: /home/robotics-club/agrobot_ws/install/epos2_bridge_interfaces/share/epos2_bridge_interfaces/srv/MoveDelta.json
[0.271s] -- Up-to-date symlink: /home/robotics-club/agrobot_ws/install/epos2_bridge_interfaces/share/epos2_bridge_interfaces/srv/MoveAbsolute.json
[0.271s] -- Up-to-date symlink: /home/robotics-club/agrobot_ws/install/epos2_bridge_interfaces/share/epos2_bridge_interfaces/srv/MoveAbsoluteTimed.json
[0.271s] -- Up-to-date symlink: /home/robotics-club/agrobot_ws/install/epos2_bridge_interfaces/include/epos2_bridge_interfaces/epos2_bridge_interfaces/msg/rosidl_generator_c__visibility_control.h
[0.271s] -- Up-to-date symlink: /home/robotics-club/agrobot_ws/install/epos2_bridge_interfaces/include/epos2_bridge_interfaces/epos2_bridge_interfaces/srv/detail/move_absolute__functions.h
[0.271s] -- Up-to-date symlink: /home/robotics-club/agrobot_ws/install/epos2_bridge_interfaces/include/epos2_bridge_interfaces/epos2_bridge_interfaces/srv/detail/move_absolute__struct.h
[0.271s] -- Up-to-date symlink: /home/robotics-club/agrobot_ws/install/epos2_bridge_interfaces/include/epos2_bridge_interfaces/epos2_bridge_interfaces/srv/detail/move_absolute__type_support.h
[0.271s] -- Up-to-date symlink: /home/robotics-club/agrobot_ws/install/epos2_bridge_interfaces/include/epos2_bridge_interfaces/epos2_bridge_interfaces/srv/detail/move_absolute_timed__functions.h
[0.271s] -- Up-to-date symlink: /home/robotics-club/agrobot_ws/install/epos2_bridge_interfaces/include/epos2_bridge_interfaces/epos2_bridge_interfaces/srv/detail/move_absolute_timed__struct.h
[0.271s] -- Up-to-date symlink: /home/robotics-club/agrobot_ws/install/epos2_bridge_interfaces/include/epos2_bridge_interfaces/epos2_bridge_interfaces/srv/detail/move_absolute_timed__type_support.h
[0.271s] -- Up-to-date symlink: /home/robotics-club/agrobot_ws/install/epos2_bridge_interfaces/include/epos2_bridge_interfaces/epos2_bridge_interfaces/srv/detail/move_delta__functions.h
[0.272s] -- Up-to-date symlink: /home/robotics-club/agrobot_ws/install/epos2_bridge_interfaces/include/epos2_bridge_interfaces/epos2_bridge_interfaces/srv/detail/move_delta__struct.h
[0.272s] -- Up-to-date symlink: /home/robotics-club/agrobot_ws/install/epos2_bridge_interfaces/include/epos2_bridge_interfaces/epos2_bridge_interfaces/srv/detail/move_delta__type_support.h
[0.272s] -- Up-to-date symlink: /home/robotics-club/agrobot_ws/install/epos2_bridge_interfaces/include/epos2_bridge_interfaces/epos2_bridge_interfaces/srv/move_absolute.h
[0.272s] -- Up-to-date symlink: /home/robotics-club/agrobot_ws/install/epos2_bridge_interfaces/include/epos2_bridge_interfaces/epos2_bridge_interfaces/srv/move_absolute_timed.h
[0.272s] -- Up-to-date symlink: /home/robotics-club/agrobot_ws/install/epos2_bridge_interfaces/include/epos2_bridge_interfaces/epos2_bridge_interfaces/srv/move_delta.h
[0.272s] -- Up-to-date symlink: /home/robotics-club/agrobot_ws/install/epos2_bridge_interfaces/share/epos2_bridge_interfaces/environment/library_path.sh
[0.272s] -- Up-to-date symlink: /home/robotics-club/agrobot_ws/install/epos2_bridge_interfaces/share/epos2_bridge_interfaces/environment/library_path.dsv
[0.272s] -- Up-to-date symlink: /home/robotics-club/agrobot_ws/install/epos2_bridge_interfaces/include/epos2_bridge_interfaces/epos2_bridge_interfaces/msg/rosidl_typesupport_fastrtps_c__visibility_control.h
[0.272s] -- Up-to-date symlink: /home/robotics-club/agrobot_ws/install/epos2_bridge_interfaces/include/epos2_bridge_interfaces/epos2_bridge_interfaces/srv/detail/move_absolute__rosidl_typesupport_fastrtps_c.h
[0.272s] -- Up-to-date symlink: /home/robotics-club/agrobot_ws/install/epos2_bridge_interfaces/include/epos2_bridge_interfaces/epos2_bridge_interfaces/srv/detail/move_absolute_timed__rosidl_typesupport_fastrtps_c.h
[0.272s] -- Up-to-date symlink: /home/robotics-club/agrobot_ws/install/epos2_bridge_interfaces/include/epos2_bridge_interfaces/epos2_bridge_interfaces/srv/detail/move_delta__rosidl_typesupport_fastrtps_c.h
[0.272s] -- Up-to-date symlink: /home/robotics-club/agrobot_ws/install/epos2_bridge_interfaces/include/epos2_bridge_interfaces/epos2_bridge_interfaces/msg/rosidl_typesupport_introspection_c__visibility_control.h
[0.272s] -- Up-to-date symlink: /home/robotics-club/agrobot_ws/install/epos2_bridge_interfaces/include/epos2_bridge_interfaces/epos2_bridge_interfaces/srv/detail/move_absolute__rosidl_typesupport_introspection_c.h
[0.272s] -- Up-to-date symlink: /home/robotics-club/agrobot_ws/install/epos2_bridge_interfaces/include/epos2_bridge_interfaces/epos2_bridge_interfaces/srv/detail/move_absolute_timed__rosidl_typesupport_introspection_c.h
[0.273s] -- Up-to-date symlink: /home/robotics-club/agrobot_ws/install/epos2_bridge_interfaces/include/epos2_bridge_interfaces/epos2_bridge_interfaces/srv/detail/move_delta__rosidl_typesupport_introspection_c.h
[0.273s] -- Up-to-date symlink: /home/robotics-club/agrobot_ws/install/epos2_bridge_interfaces/include/epos2_bridge_interfaces/epos2_bridge_interfaces/msg/rosidl_generator_cpp__visibility_control.hpp
[0.273s] -- Up-to-date symlink: /home/robotics-club/agrobot_ws/install/epos2_bridge_interfaces/include/epos2_bridge_interfaces/epos2_bridge_interfaces/srv/detail/move_absolute__builder.hpp
[0.273s] -- Up-to-date symlink: /home/robotics-club/agrobot_ws/install/epos2_bridge_interfaces/include/epos2_bridge_interfaces/epos2_bridge_interfaces/srv/detail/move_absolute__struct.hpp
[0.273s] -- Up-to-date symlink: /home/robotics-club/agrobot_ws/install/epos2_bridge_interfaces/include/epos2_bridge_interfaces/epos2_bridge_interfaces/srv/detail/move_absolute__traits.hpp
[0.273s] -- Up-to-date symlink: /home/robotics-club/agrobot_ws/install/epos2_bridge_interfaces/include/epos2_bridge_interfaces/epos2_bridge_interfaces/srv/detail/move_absolute__type_support.hpp
[0.273s] -- Up-to-date symlink: /home/robotics-club/agrobot_ws/install/epos2_bridge_interfaces/include/epos2_bridge_interfaces/epos2_bridge_interfaces/srv/detail/move_absolute_timed__builder.hpp
[0.273s] -- Up-to-date symlink: /home/robotics-club/agrobot_ws/install/epos2_bridge_interfaces/include/epos2_bridge_interfaces/epos2_bridge_interfaces/srv/detail/move_absolute_timed__struct.hpp
[0.273s] -- Up-to-date symlink: /home/robotics-club/agrobot_ws/install/epos2_bridge_interfaces/include/epos2_bridge_interfaces/epos2_bridge_interfaces/srv/detail/move_absolute_timed__traits.hpp
[0.273s] -- Up-to-date symlink: /home/robotics-club/agrobot_ws/install/epos2_bridge_interfaces/include/epos2_bridge_interfaces/epos2_bridge_interfaces/srv/detail/move_absolute_timed__type_support.hpp
[0.273s] -- Up-to-date symlink: /home/robotics-club/agrobot_ws/install/epos2_bridge_interfaces/include/epos2_bridge_interfaces/epos2_bridge_interfaces/srv/detail/move_delta__builder.hpp
[0.274s] -- Up-to-date symlink: /home/robotics-club/agrobot_ws/install/epos2_bridge_interfaces/include/epos2_bridge_interfaces/epos2_bridge_interfaces/srv/detail/move_delta__struct.hpp
[0.274s] -- Up-to-date symlink: /home/robotics-club/agrobot_ws/install/epos2_bridge_interfaces/include/epos2_bridge_interfaces/epos2_bridge_interfaces/srv/detail/move_delta__traits.hpp
[0.274s] -- Up-to-date symlink: /home/robotics-club/agrobot_ws/install/epos2_bridge_interfaces/include/epos2_bridge_interfaces/epos2_bridge_interfaces/srv/detail/move_delta__type_support.hpp
[0.274s] -- Up-to-date symlink: /home/robotics-club/agrobot_ws/install/epos2_bridge_interfaces/include/epos2_bridge_interfaces/epos2_bridge_interfaces/srv/move_absolute.hpp
[0.274s] -- Up-to-date symlink: /home/robotics-club/agrobot_ws/install/epos2_bridge_interfaces/include/epos2_bridge_interfaces/epos2_bridge_interfaces/srv/move_absolute_timed.hpp
[0.274s] -- Up-to-date symlink: /home/robotics-club/agrobot_ws/install/epos2_bridge_interfaces/include/epos2_bridge_interfaces/epos2_bridge_interfaces/srv/move_delta.hpp
[0.274s] -- Up-to-date symlink: /home/robotics-club/agrobot_ws/install/epos2_bridge_interfaces/include/epos2_bridge_interfaces/epos2_bridge_interfaces/msg/rosidl_typesupport_fastrtps_cpp__visibility_control.h
[0.274s] -- Up-to-date symlink: /home/robotics-club/agrobot_ws/install/epos2_bridge_interfaces/include/epos2_bridge_interfaces/epos2_bridge_interfaces/srv/detail/move_absolute__rosidl_typesupport_fastrtps_cpp.hpp
[0.274s] -- Up-to-date symlink: /home/robotics-club/agrobot_ws/install/epos2_bridge_interfaces/include/epos2_bridge_interfaces/epos2_bridge_interfaces/srv/detail/move_absolute_timed__rosidl_typesupport_fastrtps_cpp.hpp
[0.274s] -- Up-to-date symlink: /home/robotics-club/agrobot_ws/install/epos2_bridge_interfaces/include/epos2_bridge_interfaces/epos2_bridge_interfaces/srv/detail/move_delta__rosidl_typesupport_fastrtps_cpp.hpp
[0.274s] -- Up-to-date symlink: /home/robotics-club/agrobot_ws/install/epos2_bridge_interfaces/include/epos2_bridge_interfaces/epos2_bridge_interfaces/srv/detail/move_absolute__rosidl_typesupport_introspection_cpp.hpp
[0.274s] -- Up-to-date symlink: /home/robotics-club/agrobot_ws/install/epos2_bridge_interfaces/include/epos2_bridge_interfaces/epos2_bridge_interfaces/srv/detail/move_absolute_timed__rosidl_typesupport_introspection_cpp.hpp
[0.274s] -- Up-to-date symlink: /home/robotics-club/agrobot_ws/install/epos2_bridge_interfaces/include/epos2_bridge_interfaces/epos2_bridge_interfaces/srv/detail/move_delta__rosidl_typesupport_introspection_cpp.hpp
[0.274s] -- Up-to-date symlink: /home/robotics-club/agrobot_ws/install/epos2_bridge_interfaces/share/epos2_bridge_interfaces/environment/pythonpath.sh
[0.275s] -- Up-to-date symlink: /home/robotics-club/agrobot_ws/install/epos2_bridge_interfaces/share/epos2_bridge_interfaces/environment/pythonpath.dsv
[0.275s] -- Up-to-date symlink: /home/robotics-club/agrobot_ws/install/epos2_bridge_interfaces/lib/python3.12/site-packages/epos2_bridge_interfaces-0.0.1-py3.12.egg-info/PKG-INFO
[0.275s] -- Up-to-date symlink: /home/robotics-club/agrobot_ws/install/epos2_bridge_interfaces/lib/python3.12/site-packages/epos2_bridge_interfaces-0.0.1-py3.12.egg-info/SOURCES.txt
[0.275s] -- Up-to-date symlink: /home/robotics-club/agrobot_ws/install/epos2_bridge_interfaces/lib/python3.12/site-packages/epos2_bridge_interfaces-0.0.1-py3.12.egg-info/dependency_links.txt
[0.275s] -- Up-to-date symlink: /home/robotics-club/agrobot_ws/install/epos2_bridge_interfaces/lib/python3.12/site-packages/epos2_bridge_interfaces-0.0.1-py3.12.egg-info/top_level.txt
[0.276s] -- Up-to-date symlink: /home/robotics-club/agrobot_ws/install/epos2_bridge_interfaces/lib/python3.12/site-packages/epos2_bridge_interfaces/__init__.py
[0.276s] -- Up-to-date symlink: /home/robotics-club/agrobot_ws/install/epos2_bridge_interfaces/lib/python3.12/site-packages/epos2_bridge_interfaces/_epos2_bridge_interfaces_s.ep.rosidl_typesupport_c.c
[0.276s] -- Up-to-date symlink: /home/robotics-club/agrobot_ws/install/epos2_bridge_interfaces/lib/python3.12/site-packages/epos2_bridge_interfaces/_epos2_bridge_interfaces_s.ep.rosidl_typesupport_fastrtps_c.c
[0.276s] -- Up-to-date symlink: /home/robotics-club/agrobot_ws/install/epos2_bridge_interfaces/lib/python3.12/site-packages/epos2_bridge_interfaces/_epos2_bridge_interfaces_s.ep.rosidl_typesupport_introspection_c.c
[0.276s] -- Up-to-date symlink: /home/robotics-club/agrobot_ws/install/epos2_bridge_interfaces/lib/python3.12/site-packages/epos2_bridge_interfaces/epos2_bridge_interfaces_s__rosidl_typesupport_c.so
[0.276s] -- Up-to-date symlink: /home/robotics-club/agrobot_ws/install/epos2_bridge_interfaces/lib/python3.12/site-packages/epos2_bridge_interfaces/epos2_bridge_interfaces_s__rosidl_typesupport_fastrtps_c.so
[0.276s] -- Up-to-date symlink: /home/robotics-club/agrobot_ws/install/epos2_bridge_interfaces/lib/python3.12/site-packages/epos2_bridge_interfaces/epos2_bridge_interfaces_s__rosidl_typesupport_introspection_c.so
[0.276s] -- Up-to-date symlink: /home/robotics-club/agrobot_ws/install/epos2_bridge_interfaces/lib/python3.12/site-packages/epos2_bridge_interfaces/srv/__init__.py
[0.276s] -- Up-to-date symlink: /home/robotics-club/agrobot_ws/install/epos2_bridge_interfaces/lib/python3.12/site-packages/epos2_bridge_interfaces/srv/_move_absolute.py
[0.276s] -- Up-to-date symlink: /home/robotics-club/agrobot_ws/install/epos2_bridge_interfaces/lib/python3.12/site-packages/epos2_bridge_interfaces/srv/_move_absolute_s.c
[0.276s] -- Up-to-date symlink: /home/robotics-club/agrobot_ws/install/epos2_bridge_interfaces/lib/python3.12/site-packages/epos2_bridge_interfaces/srv/_move_absolute_timed.py
[0.276s] -- Up-to-date symlink: /home/robotics-club/agrobot_ws/install/epos2_bridge_interfaces/lib/python3.12/site-packages/epos2_bridge_interfaces/srv/_move_absolute_timed_s.c
[0.276s] -- Up-to-date symlink: /home/robotics-club/agrobot_ws/install/epos2_bridge_interfaces/lib/python3.12/site-packages/epos2_bridge_interfaces/srv/_move_delta.py
[0.276s] -- Up-to-date symlink: /home/robotics-club/agrobot_ws/install/epos2_bridge_interfaces/lib/python3.12/site-packages/epos2_bridge_interfaces/srv/_move_delta_s.c
[0.276s] -- Up-to-date symlink: /home/robotics-club/agrobot_ws/install/epos2_bridge_interfaces/lib/python3.12/site-packages/epos2_bridge_interfaces/epos2_bridge_interfaces_s__rosidl_typesupport_fastrtps_c.so
[0.276s] -- Up-to-date symlink: /home/robotics-club/agrobot_ws/install/epos2_bridge_interfaces/lib/python3.12/site-packages/epos2_bridge_interfaces/epos2_bridge_interfaces_s__rosidl_typesupport_introspection_c.so
[0.276s] -- Up-to-date symlink: /home/robotics-club/agrobot_ws/install/epos2_bridge_interfaces/lib/python3.12/site-packages/epos2_bridge_interfaces/epos2_bridge_interfaces_s__rosidl_typesupport_c.so
[0.276s] -- Up-to-date symlink: /home/robotics-club/agrobot_ws/install/epos2_bridge_interfaces/share/epos2_bridge_interfaces/srv/MoveDelta.idl
[0.276s] -- Up-to-date symlink: /home/robotics-club/agrobot_ws/install/epos2_bridge_interfaces/share/epos2_bridge_interfaces/srv/MoveAbsolute.idl
[0.276s] -- Up-to-date symlink: /home/robotics-club/agrobot_ws/install/epos2_bridge_interfaces/share/epos2_bridge_interfaces/srv/MoveAbsoluteTimed.idl
[0.276s] -- Up-to-date symlink: /home/robotics-club/agrobot_ws/install/epos2_bridge_interfaces/share/epos2_bridge_interfaces/srv/MoveDelta.srv
[0.277s] -- Up-to-date symlink: /home/robotics-club/agrobot_ws/install/epos2_bridge_interfaces/share/epos2_bridge_interfaces/srv/MoveAbsolute.srv
[0.277s] -- Up-to-date symlink: /home/robotics-club/agrobot_ws/install/epos2_bridge_interfaces/share/epos2_bridge_interfaces/srv/MoveAbsoluteTimed.srv
[0.277s] -- Up-to-date symlink: /home/robotics-club/agrobot_ws/install/epos2_bridge_interfaces/share/ament_index/resource_index/package_run_dependencies/epos2_bridge_interfaces
[0.277s] -- Up-to-date symlink: /home/robotics-club/agrobot_ws/install/epos2_bridge_interfaces/share/ament_index/resource_index/parent_prefix_path/epos2_bridge_interfaces
[0.277s] -- Up-to-date symlink: /home/robotics-club/agrobot_ws/install/epos2_bridge_interfaces/share/epos2_bridge_interfaces/environment/ament_prefix_path.sh
[0.277s] -- Up-to-date symlink: /home/robotics-club/agrobot_ws/install/epos2_bridge_interfaces/share/epos2_bridge_interfaces/environment/ament_prefix_path.dsv
[0.277s] -- Up-to-date symlink: /home/robotics-club/agrobot_ws/install/epos2_bridge_interfaces/share/epos2_bridge_interfaces/environment/path.sh
[0.277s] -- Up-to-date symlink: /home/robotics-club/agrobot_ws/install/epos2_bridge_interfaces/share/epos2_bridge_interfaces/environment/path.dsv
[0.277s] -- Up-to-date symlink: /home/robotics-club/agrobot_ws/install/epos2_bridge_interfaces/share/epos2_bridge_interfaces/local_setup.bash
[0.277s] -- Up-to-date symlink: /home/robotics-club/agrobot_ws/install/epos2_bridge_interfaces/share/epos2_bridge_interfaces/local_setup.sh
[0.277s] -- Up-to-date symlink: /home/robotics-club/agrobot_ws/install/epos2_bridge_interfaces/share/epos2_bridge_interfaces/local_setup.zsh
[0.277s] -- Up-to-date symlink: /home/robotics-club/agrobot_ws/install/epos2_bridge_interfaces/share/epos2_bridge_interfaces/local_setup.dsv
[0.277s] -- Symlinking: /home/robotics-club/agrobot_ws/install/epos2_bridge_interfaces/share/epos2_bridge_interfaces/package.dsv
[0.283s] -- Up-to-date symlink: /home/robotics-club/agrobot_ws/install/epos2_bridge_interfaces/share/ament_index/resource_index/packages/epos2_bridge_interfaces
[0.283s] -- Up-to-date symlink: /home/robotics-club/agrobot_ws/install/epos2_bridge_interfaces/share/epos2_bridge_interfaces/cmake/rosidl_cmake-extras.cmake
[0.283s] -- Up-to-date symlink: /home/robotics-club/agrobot_ws/install/epos2_bridge_interfaces/share/epos2_bridge_interfaces/cmake/ament_cmake_export_dependencies-extras.cmake
[0.283s] -- Up-to-date symlink: /home/robotics-club/agrobot_ws/install/epos2_bridge_interfaces/share/epos2_bridge_interfaces/cmake/ament_cmake_export_include_directories-extras.cmake
[0.283s] -- Up-to-date symlink: /home/robotics-club/agrobot_ws/install/epos2_bridge_interfaces/share/epos2_bridge_interfaces/cmake/ament_cmake_export_libraries-extras.cmake
[0.283s] -- Up-to-date symlink: /home/robotics-club/agrobot_ws/install/epos2_bridge_interfaces/share/epos2_bridge_interfaces/cmake/ament_cmake_export_targets-extras.cmake
[0.284s] -- Up-to-date symlink: /home/robotics-club/agrobot_ws/install/epos2_bridge_interfaces/share/epos2_bridge_interfaces/cmake/rosidl_cmake_export_typesupport_targets-extras.cmake
[0.284s] -- Up-to-date symlink: /home/robotics-club/agrobot_ws/install/epos2_bridge_interfaces/share/epos2_bridge_interfaces/cmake/rosidl_cmake_export_typesupport_libraries-extras.cmake
[0.284s] -- Up-to-date symlink: /home/robotics-club/agrobot_ws/install/epos2_bridge_interfaces/share/epos2_bridge_interfaces/cmake/epos2_bridge_interfacesConfig.cmake
[0.284s] -- Up-to-date symlink: /home/robotics-club/agrobot_ws/install/epos2_bridge_interfaces/share/epos2_bridge_interfaces/cmake/epos2_bridge_interfacesConfig-version.cmake
[0.284s] -- Up-to-date symlink: /home/robotics-club/agrobot_ws/install/epos2_bridge_interfaces/share/epos2_bridge_interfaces/package.xml
[0.284s] -- Up-to-date: /home/robotics-club/agrobot_ws/install/epos2_bridge_interfaces/lib/libepos2_bridge_interfaces__rosidl_generator_c.so
[0.284s] -- Up-to-date: /home/robotics-club/agrobot_ws/install/epos2_bridge_interfaces/lib/libepos2_bridge_interfaces__rosidl_typesupport_fastrtps_c.so
[0.284s] -- Up-to-date: /home/robotics-club/agrobot_ws/install/epos2_bridge_interfaces/lib/libepos2_bridge_interfaces__rosidl_typesupport_introspection_c.so
[0.284s] -- Up-to-date: /home/robotics-club/agrobot_ws/install/epos2_bridge_interfaces/lib/libepos2_bridge_interfaces__rosidl_typesupport_c.so
[0.284s] -- Up-to-date: /home/robotics-club/agrobot_ws/install/epos2_bridge_interfaces/lib/libepos2_bridge_interfaces__rosidl_typesupport_fastrtps_cpp.so
[0.284s] -- Up-to-date: /home/robotics-club/agrobot_ws/install/epos2_bridge_interfaces/lib/libepos2_bridge_interfaces__rosidl_typesupport_introspection_cpp.so
[0.284s] -- Up-to-date: /home/robotics-club/agrobot_ws/install/epos2_bridge_interfaces/lib/libepos2_bridge_interfaces__rosidl_typesupport_cpp.so
[0.302s] Listing '/home/robotics-club/agrobot_ws/install/epos2_bridge_interfaces/lib/python3.12/site-packages/epos2_bridge_interfaces'...
[0.302s] Listing '/home/robotics-club/agrobot_ws/install/epos2_bridge_interfaces/lib/python3.12/site-packages/epos2_bridge_interfaces/srv'...
[0.305s] -- Up-to-date: /home/robotics-club/agrobot_ws/install/epos2_bridge_interfaces/lib/libepos2_bridge_interfaces__rosidl_generator_py.so
[0.305s] -- Up-to-date: /home/robotics-club/agrobot_ws/install/epos2_bridge_interfaces/share/epos2_bridge_interfaces/cmake/export_epos2_bridge_interfaces__rosidl_generator_cExport.cmake
[0.305s] -- Up-to-date: /home/robotics-club/agrobot_ws/install/epos2_bridge_interfaces/share/epos2_bridge_interfaces/cmake/export_epos2_bridge_interfaces__rosidl_generator_cExport-noconfig.cmake
[0.305s] -- Up-to-date: /home/robotics-club/agrobot_ws/install/epos2_bridge_interfaces/share/epos2_bridge_interfaces/cmake/export_epos2_bridge_interfaces__rosidl_typesupport_fastrtps_cExport.cmake
[0.305s] -- Up-to-date: /home/robotics-club/agrobot_ws/install/epos2_bridge_interfaces/share/epos2_bridge_interfaces/cmake/export_epos2_bridge_interfaces__rosidl_typesupport_fastrtps_cExport-noconfig.cmake
[0.305s] -- Up-to-date: /home/robotics-club/agrobot_ws/install/epos2_bridge_interfaces/share/epos2_bridge_interfaces/cmake/epos2_bridge_interfaces__rosidl_typesupport_introspection_cExport.cmake
[0.305s] -- Up-to-date: /home/robotics-club/agrobot_ws/install/epos2_bridge_interfaces/share/epos2_bridge_interfaces/cmake/epos2_bridge_interfaces__rosidl_typesupport_introspection_cExport-noconfig.cmake
[0.305s] -- Up-to-date: /home/robotics-club/agrobot_ws/install/epos2_bridge_interfaces/share/epos2_bridge_interfaces/cmake/epos2_bridge_interfaces__rosidl_typesupport_cExport.cmake
[0.305s] -- Up-to-date: /home/robotics-club/agrobot_ws/install/epos2_bridge_interfaces/share/epos2_bridge_interfaces/cmake/epos2_bridge_interfaces__rosidl_typesupport_cExport-noconfig.cmake
[0.305s] -- Up-to-date: /home/robotics-club/agrobot_ws/install/epos2_bridge_interfaces/share/epos2_bridge_interfaces/cmake/export_epos2_bridge_interfaces__rosidl_generator_cppExport.cmake
[0.305s] -- Up-to-date: /home/robotics-club/agrobot_ws/install/epos2_bridge_interfaces/share/epos2_bridge_interfaces/cmake/export_epos2_bridge_interfaces__rosidl_typesupport_fastrtps_cppExport.cmake
[0.305s] -- Up-to-date: /home/robotics-club/agrobot_ws/install/epos2_bridge_interfaces/share/epos2_bridge_interfaces/cmake/export_epos2_bridge_interfaces__rosidl_typesupport_fastrtps_cppExport-noconfig.cmake
[0.305s] -- Up-to-date: /home/robotics-club/agrobot_ws/install/epos2_bridge_interfaces/share/epos2_bridge_interfaces/cmake/epos2_bridge_interfaces__rosidl_typesupport_introspection_cppExport.cmake
[0.305s] -- Up-to-date: /home/robotics-club/agrobot_ws/install/epos2_bridge_interfaces/share/epos2_bridge_interfaces/cmake/epos2_bridge_interfaces__rosidl_typesupport_introspection_cppExport-noconfig.cmake
[0.305s] -- Up-to-date: /home/robotics-club/agrobot_ws/install/epos2_bridge_interfaces/share/epos2_bridge_interfaces/cmake/epos2_bridge_interfaces__rosidl_typesupport_cppExport.cmake
[0.305s] -- Up-to-date: /home/robotics-club/agrobot_ws/install/epos2_bridge_interfaces/share/epos2_bridge_interfaces/cmake/epos2_bridge_interfaces__rosidl_typesupport_cppExport-noconfig.cmake
[0.305s] -- Up-to-date: /home/robotics-club/agrobot_ws/install/epos2_bridge_interfaces/share/epos2_bridge_interfaces/cmake/export_epos2_bridge_interfaces__rosidl_generator_pyExport.cmake
[0.305s] -- Up-to-date: /home/robotics-club/agrobot_ws/install/epos2_bridge_interfaces/share/epos2_bridge_interfaces/cmake/export_epos2_bridge_interfaces__rosidl_generator_pyExport-noconfig.cmake
[0.307s] Invoked command in '/home/robotics-club/agrobot_ws/build/epos2_bridge_interfaces' returned '0': CMAKE_PREFIX_PATH=${CMAKE_PREFIX_PATH}:/home/robotics-club/agrobot_ws/install/epos2_bridge:/opt/ros/jazzy DEBUGINFOD_URLS=https://debuginfod.ubuntu.com /usr/bin/cmake --install /home/robotics-club/agrobot_ws/build/epos2_bridge_interfaces
